<?xml version="1.0" encoding="UTF-8"?>
<coverage generated="1771643796652" clover="3.2.0">
  <project timestamp="1771643796653" name="All files">
    <metrics statements="2567" coveredstatements="2463" conditionals="2145" coveredconditionals="1808" methods="305" coveredmethods="289" elements="5017" coveredelements="4560" complexity="0" loc="2567" ncloc="2567" packages="3" files="28" classes="28"/>
    <package name="api">
      <metrics statements="1392" coveredstatements="1341" conditionals="1121" coveredconditionals="935" methods="131" coveredmethods="116"/>
      <file name="analytics.js" path="C:\Users\stefa\restaurant-ai-mcp\api\analytics.js">
        <metrics statements="123" coveredstatements="123" conditionals="88" coveredconditionals="70" methods="24" coveredmethods="23"/>
        <line num="5" count="1" type="stmt"/>
        <line num="7" count="1" type="stmt"/>
        <line num="8" count="1" type="stmt"/>
        <line num="9" count="1" type="stmt"/>
        <line num="10" count="1" type="stmt"/>
        <line num="11" count="1" type="stmt"/>
        <line num="14" count="21" type="stmt"/>
        <line num="15" count="21" type="stmt"/>
        <line num="20" count="21" type="cond" truecount="2" falsecount="0"/>
        <line num="21" count="20" type="cond" truecount="1" falsecount="1"/>
        <line num="23" count="1" type="stmt"/>
        <line num="24" count="1" type="stmt"/>
        <line num="29" count="21" type="stmt"/>
        <line num="30" count="21" type="stmt"/>
        <line num="35" count="21" type="cond" truecount="2" falsecount="0"/>
        <line num="36" count="20" type="cond" truecount="1" falsecount="1"/>
        <line num="38" count="1" type="stmt"/>
        <line num="39" count="1" type="stmt"/>
        <line num="44" count="21" type="stmt"/>
        <line num="51" count="20" type="stmt"/>
        <line num="52" count="20" type="stmt"/>
        <line num="53" count="20" type="stmt"/>
        <line num="54" count="20" type="stmt"/>
        <line num="56" count="20" type="cond" truecount="5" falsecount="0"/>
        <line num="57" count="3" type="stmt"/>
        <line num="60" count="17" type="stmt"/>
        <line num="61" count="17" type="stmt"/>
        <line num="62" count="17" type="cond" truecount="1" falsecount="1"/>
        <line num="63" count="17" type="cond" truecount="1" falsecount="1"/>
        <line num="65" count="17" type="stmt"/>
        <line num="66" count="17" type="cond" truecount="4" falsecount="0"/>
        <line num="67" count="17" type="stmt"/>
        <line num="69" count="17" type="stmt"/>
        <line num="70" count="12" type="cond" truecount="1" falsecount="1"/>
        <line num="71" count="12" type="stmt"/>
        <line num="74" count="17" type="stmt"/>
        <line num="75" count="3" type="cond" truecount="2" falsecount="0"/>
        <line num="78" count="17" type="stmt"/>
        <line num="79" count="17" type="stmt"/>
        <line num="80" count="34" type="stmt"/>
        <line num="81" count="17" type="stmt"/>
        <line num="83" count="17" type="stmt"/>
        <line num="84" count="17" type="cond" truecount="2" falsecount="0"/>
        <line num="85" count="9" type="cond" truecount="1" falsecount="1"/>
        <line num="86" count="8" type="stmt"/>
        <line num="89" count="17" type="stmt"/>
        <line num="90" count="3" type="cond" truecount="2" falsecount="0"/>
        <line num="92" count="3" type="stmt"/>
        <line num="93" count="3" type="stmt"/>
        <line num="94" count="3" type="stmt"/>
        <line num="97" count="17" type="cond" truecount="2" falsecount="0"/>
        <line num="98" count="3" type="stmt"/>
        <line num="101" count="17" type="stmt"/>
        <line num="102" count="17" type="stmt"/>
        <line num="103" count="9" type="cond" truecount="1" falsecount="1"/>
        <line num="104" count="9" type="cond" truecount="2" falsecount="0"/>
        <line num="107" count="17" type="stmt"/>
        <line num="108" count="17" type="stmt"/>
        <line num="109" count="9" type="stmt"/>
        <line num="110" count="9" type="stmt"/>
        <line num="111" count="9" type="stmt"/>
        <line num="112" count="9" type="cond" truecount="2" falsecount="0"/>
        <line num="115" count="17" type="stmt"/>
        <line num="116" count="17" type="stmt"/>
        <line num="117" count="9" type="cond" truecount="1" falsecount="1"/>
        <line num="118" count="9" type="cond" truecount="1" falsecount="1"/>
        <line num="119" count="9" type="stmt"/>
        <line num="120" count="9" type="cond" truecount="4" falsecount="0"/>
        <line num="121" count="7" type="cond" truecount="4" falsecount="0"/>
        <line num="122" count="6" type="cond" truecount="4" falsecount="0"/>
        <line num="123" count="2" type="cond" truecount="2" falsecount="0"/>
        <line num="124" count="9" type="cond" truecount="2" falsecount="0"/>
        <line num="127" count="17" type="stmt"/>
        <line num="128" count="34" type="stmt"/>
        <line num="129" count="6" type="cond" truecount="1" falsecount="1"/>
        <line num="130" count="6" type="cond" truecount="1" falsecount="1"/>
        <line num="131" count="6" type="stmt"/>
        <line num="134" count="34" type="cond" truecount="2" falsecount="0"/>
        <line num="136" count="34" type="stmt"/>
        <line num="145" count="17" type="stmt"/>
        <line num="146" count="17" type="stmt"/>
        <line num="147" count="119" type="stmt"/>
        <line num="148" count="119" type="stmt"/>
        <line num="149" count="119" type="stmt"/>
        <line num="150" count="119" type="stmt"/>
        <line num="158" count="17" type="stmt"/>
        <line num="159" count="9" type="stmt"/>
        <line num="160" count="60" type="stmt"/>
        <line num="161" count="9" type="cond" truecount="2" falsecount="0"/>
        <line num="164" count="17" type="stmt"/>
        <line num="165" count="3" type="cond" truecount="1" falsecount="1"/>
        <line num="166" count="3" type="stmt"/>
        <line num="167" count="21" type="stmt"/>
        <line num="168" count="3" type="cond" truecount="1" falsecount="1"/>
        <line num="171" count="17" type="stmt"/>
        <line num="186" count="17" type="stmt"/>
        <line num="192" count="1" type="stmt"/>
        <line num="193" count="24" type="stmt"/>
        <line num="194" count="24" type="stmt"/>
        <line num="195" count="24" type="stmt"/>
        <line num="197" count="24" type="cond" truecount="2" falsecount="0"/>
        <line num="198" count="1" type="stmt"/>
        <line num="201" count="23" type="cond" truecount="2" falsecount="0"/>
        <line num="202" count="1" type="stmt"/>
        <line num="206" count="22" type="stmt"/>
        <line num="207" count="22" type="cond" truecount="1" falsecount="1"/>
        <line num="210" count="22" type="stmt"/>
        <line num="211" count="22" type="cond" truecount="2" falsecount="0"/>
        <line num="212" count="1" type="cond" truecount="1" falsecount="1"/>
        <line num="217" count="21" type="stmt"/>
        <line num="220" count="21" type="stmt"/>
        <line num="221" count="21" type="stmt"/>
        <line num="222" count="21" type="cond" truecount="1" falsecount="1"/>
        <line num="225" count="21" type="stmt"/>
        <line num="226" count="21" type="stmt"/>
        <line num="227" count="21" type="cond" truecount="1" falsecount="1"/>
        <line num="229" count="21" type="stmt"/>
        <line num="230" count="21" type="stmt"/>
        <line num="231" count="21" type="cond" truecount="2" falsecount="0"/>
        <line num="232" count="21" type="stmt"/>
        <line num="233" count="20" type="stmt"/>
        <line num="235" count="1" type="stmt"/>
        <line num="236" count="1" type="stmt"/>
      </file>
      <file name="check-availability.js" path="C:\Users\stefa\restaurant-ai-mcp\api\check-availability.js">
        <metrics statements="44" coveredstatements="44" conditionals="33" coveredconditionals="32" methods="2" coveredmethods="2"/>
        <line num="1" count="1" type="stmt"/>
        <line num="2" count="1" type="stmt"/>
        <line num="3" count="1" type="stmt"/>
        <line num="4" count="1" type="stmt"/>
        <line num="5" count="1" type="stmt"/>
        <line num="7" count="1" type="stmt"/>
        <line num="9" count="21" type="stmt"/>
        <line num="10" count="21" type="stmt"/>
        <line num="11" count="21" type="stmt"/>
        <line num="13" count="21" type="cond" truecount="2" falsecount="0"/>
        <line num="14" count="2" type="stmt"/>
        <line num="18" count="19" type="stmt"/>
        <line num="19" count="19" type="cond" truecount="2" falsecount="0"/>
        <line num="21" count="18" type="stmt"/>
        <line num="22" count="18" type="cond" truecount="2" falsecount="0"/>
        <line num="23" count="18" type="stmt"/>
        <line num="25" count="18" type="cond" truecount="2" falsecount="0"/>
        <line num="26" count="2" type="stmt"/>
        <line num="33" count="16" type="cond" truecount="5" falsecount="0"/>
        <line num="34" count="3" type="stmt"/>
        <line num="42" count="13" type="stmt"/>
        <line num="43" count="11" type="cond" truecount="2" falsecount="0"/>
        <line num="44" count="1" type="stmt"/>
        <line num="47" count="10" type="stmt"/>
        <line num="48" count="10" type="cond" truecount="2" falsecount="0"/>
        <line num="49" count="1" type="stmt"/>
        <line num="56" count="9" type="cond" truecount="2" falsecount="0"/>
        <line num="57" count="9" type="cond" truecount="2" falsecount="0"/>
        <line num="58" count="9" type="cond" truecount="2" falsecount="0"/>
        <line num="59" count="9" type="cond" truecount="2" falsecount="0"/>
        <line num="62" count="9" type="stmt"/>
        <line num="63" count="9" type="stmt"/>
        <line num="65" count="9" type="cond" truecount="2" falsecount="0"/>
        <line num="66" count="1" type="stmt"/>
        <line num="69" count="8" type="cond" truecount="1" falsecount="1"/>
        <line num="70" count="8" type="stmt"/>
        <line num="73" count="8" type="stmt"/>
        <line num="80" count="8" type="cond" truecount="2" falsecount="0"/>
        <line num="81" count="4" type="stmt"/>
        <line num="94" count="4" type="stmt"/>
        <line num="103" count="4" type="stmt"/>
        <line num="113" count="3" type="cond" truecount="2" falsecount="0"/>
        <line num="122" count="2" type="stmt"/>
        <line num="123" count="2" type="stmt"/>
      </file>
      <file name="host-dashboard.js" path="C:\Users\stefa\restaurant-ai-mcp\api\host-dashboard.js">
        <metrics statements="400" coveredstatements="369" conditionals="317" coveredconditionals="248" methods="54" coveredmethods="46"/>
        <line num="23" count="2" type="stmt"/>
        <line num="25" count="2" type="stmt"/>
        <line num="26" count="2" type="stmt"/>
        <line num="27" count="2" type="stmt"/>
        <line num="28" count="2" type="stmt"/>
        <line num="29" count="2" type="stmt"/>
        <line num="30" count="2" type="stmt"/>
        <line num="31" count="2" type="stmt"/>
        <line num="32" count="2" type="stmt"/>
        <line num="34" count="2" type="stmt"/>
        <line num="36" count="2" type="stmt"/>
        <line num="38" count="68" type="stmt"/>
        <line num="40" count="68" type="cond" truecount="2" falsecount="0"/>
        <line num="41" count="1" type="stmt"/>
        <line num="45" count="67" type="stmt"/>
        <line num="46" count="67" type="cond" truecount="2" falsecount="0"/>
        <line num="49" count="66" type="stmt"/>
        <line num="50" count="66" type="cond" truecount="2" falsecount="0"/>
        <line num="51" count="1" type="cond" truecount="1" falsecount="1"/>
        <line num="56" count="65" type="stmt"/>
        <line num="58" count="65" type="stmt"/>
        <line num="60" count="65" type="stmt"/>
        <line num="61" count="65" type="cond" truecount="16" falsecount="0"/>
        <line num="63" count="7" type="stmt"/>
        <line num="65" count="4" type="stmt"/>
        <line num="67" count="5" type="stmt"/>
        <line num="69" count="5" type="stmt"/>
        <line num="71" count="2" type="stmt"/>
        <line num="73" count="3" type="stmt"/>
        <line num="75" count="5" type="stmt"/>
        <line num="77" count="4" type="stmt"/>
        <line num="80" count="5" type="stmt"/>
        <line num="82" count="5" type="stmt"/>
        <line num="84" count="4" type="stmt"/>
        <line num="86" count="3" type="stmt"/>
        <line num="88" count="5" type="stmt"/>
        <line num="90" count="4" type="stmt"/>
        <line num="92" count="3" type="stmt"/>
        <line num="94" count="1" type="stmt"/>
        <line num="100" count="0" type="stmt"/>
        <line num="101" count="0" type="stmt"/>
        <line num="102" count="0" type="stmt"/>
        <line num="111" count="7" type="stmt"/>
        <line num="112" count="7" type="cond" truecount="2" falsecount="0"/>
        <line num="113" count="7" type="stmt"/>
        <line num="125" count="7" type="cond" truecount="5" falsecount="0"/>
        <line num="126" count="2" type="stmt"/>
        <line num="132" count="5" type="cond" truecount="2" falsecount="0"/>
        <line num="134" count="5" type="stmt"/>
        <line num="135" count="5" type="stmt"/>
        <line num="136" count="2" type="stmt"/>
        <line num="137" count="2" type="stmt"/>
        <line num="138" count="2" type="stmt"/>
        <line num="139" count="2" type="stmt"/>
        <line num="140" count="2" type="stmt"/>
        <line num="143" count="2" type="cond" truecount="1" falsecount="1"/>
        <line num="144" count="2" type="stmt"/>
        <line num="147" count="2" type="stmt"/>
        <line num="161" count="5" type="stmt"/>
        <line num="164" count="5" type="stmt"/>
        <line num="165" count="5" type="stmt"/>
        <line num="166" count="4" type="cond" truecount="1" falsecount="1"/>
        <line num="167" count="0" type="stmt"/>
        <line num="168" count="5" type="stmt"/>
        <line num="170" count="5" type="stmt"/>
        <line num="173" count="5" type="stmt"/>
        <line num="174" count="5" type="cond" truecount="3" falsecount="1"/>
        <line num="176" count="0" type="stmt"/>
        <line num="177" count="0" type="stmt"/>
        <line num="178" count="0" type="stmt"/>
        <line num="179" count="0" type="stmt"/>
        <line num="182" count="0" type="stmt"/>
        <line num="183" count="0" type="stmt"/>
        <line num="187" count="5" type="stmt"/>
        <line num="188" count="5" type="stmt"/>
        <line num="189" count="5" type="stmt"/>
        <line num="192" count="5" type="stmt"/>
        <line num="193" count="5" type="stmt"/>
        <line num="194" count="2" type="cond" truecount="1" falsecount="1"/>
        <line num="195" count="2" type="cond" truecount="1" falsecount="1"/>
        <line num="196" count="2" type="stmt"/>
        <line num="200" count="5" type="stmt"/>
        <line num="201" count="2" type="stmt"/>
        <line num="202" count="2" type="stmt"/>
        <line num="205" count="5" type="cond" truecount="1" falsecount="1"/>
        <line num="206" count="5" type="cond" truecount="2" falsecount="0"/>
        <line num="209" count="5" type="stmt"/>
        <line num="212" count="5" type="stmt"/>
        <line num="213" count="5" type="cond" truecount="2" falsecount="0"/>
        <line num="214" count="2" type="cond" truecount="1" falsecount="1"/>
        <line num="215" count="2" type="stmt"/>
        <line num="219" count="5" type="stmt"/>
        <line num="220" count="5" type="cond" truecount="1" falsecount="1"/>
        <line num="221" count="5" type="cond" truecount="2" falsecount="0"/>
        <line num="222" count="2" type="stmt"/>
        <line num="223" count="2" type="stmt"/>
        <line num="224" count="2" type="cond" truecount="1" falsecount="1"/>
        <line num="225" count="2" type="stmt"/>
        <line num="226" count="2" type="cond" truecount="2" falsecount="0"/>
        <line num="229" count="2" type="stmt"/>
        <line num="230" count="2" type="cond" truecount="1" falsecount="1"/>
        <line num="231" count="2" type="stmt"/>
        <line num="232" count="2" type="cond" truecount="2" falsecount="2"/>
        <line num="236" count="5" type="stmt"/>
        <line num="255" count="4" type="stmt"/>
        <line num="260" count="4" type="cond" truecount="1" falsecount="1"/>
        <line num="283" count="4" type="stmt"/>
        <line num="284" count="4" type="stmt"/>
        <line num="286" count="4" type="cond" truecount="2" falsecount="0"/>
        <line num="287" count="1" type="stmt"/>
        <line num="293" count="3" type="stmt"/>
        <line num="295" count="3" type="cond" truecount="4" falsecount="0"/>
        <line num="296" count="1" type="stmt"/>
        <line num="302" count="2" type="stmt"/>
        <line num="303" count="2" type="stmt"/>
        <line num="305" count="2" type="stmt"/>
        <line num="306" count="2" type="cond" truecount="1" falsecount="1"/>
        <line num="307" count="0" type="stmt"/>
        <line num="313" count="2" type="stmt"/>
        <line num="314" count="2" type="stmt"/>
        <line num="316" count="2" type="cond" truecount="2" falsecount="0"/>
        <line num="317" count="1" type="stmt"/>
        <line num="327" count="1" type="stmt"/>
        <line num="329" count="1" type="stmt"/>
        <line num="343" count="5" type="stmt"/>
        <line num="344" count="5" type="stmt"/>
        <line num="346" count="5" type="cond" truecount="2" falsecount="0"/>
        <line num="347" count="1" type="stmt"/>
        <line num="353" count="4" type="stmt"/>
        <line num="354" count="4" type="cond" truecount="2" falsecount="0"/>
        <line num="355" count="1" type="stmt"/>
        <line num="361" count="6" type="stmt"/>
        <line num="363" count="3" type="cond" truecount="2" falsecount="0"/>
        <line num="364" count="1" type="stmt"/>
        <line num="365" count="1" type="stmt"/>
        <line num="367" count="1" type="cond" truecount="1" falsecount="1"/>
        <line num="368" count="1" type="stmt"/>
        <line num="372" count="3" type="stmt"/>
        <line num="374" count="3" type="cond" truecount="2" falsecount="0"/>
        <line num="375" count="1" type="stmt"/>
        <line num="383" count="2" type="stmt"/>
        <line num="392" count="5" type="stmt"/>
        <line num="401" count="5" type="stmt"/>
        <line num="404" count="5" type="stmt"/>
        <line num="411" count="5" type="cond" truecount="2" falsecount="0"/>
        <line num="412" count="1" type="stmt"/>
        <line num="420" count="4" type="stmt"/>
        <line num="421" count="4" type="stmt"/>
        <line num="422" count="4" type="cond" truecount="1" falsecount="1"/>
        <line num="424" count="4" type="stmt"/>
        <line num="425" count="4" type="stmt"/>
        <line num="427" count="4" type="stmt"/>
        <line num="428" count="4" type="stmt"/>
        <line num="431" count="4" type="stmt"/>
        <line num="432" count="4" type="cond" truecount="4" falsecount="0"/>
        <line num="433" count="1" type="stmt"/>
        <line num="440" count="3" type="stmt"/>
        <line num="441" count="4" type="stmt"/>
        <line num="442" count="3" type="cond" truecount="2" falsecount="0"/>
        <line num="443" count="1" type="stmt"/>
        <line num="451" count="2" type="stmt"/>
        <line num="452" count="2" type="stmt"/>
        <line num="453" count="2" type="stmt"/>
        <line num="456" count="2" type="stmt"/>
        <line num="470" count="2" type="stmt"/>
        <line num="471" count="2" type="stmt"/>
        <line num="473" count="2" type="stmt"/>
        <line num="475" count="2" type="stmt"/>
        <line num="476" count="2" type="cond" truecount="1" falsecount="1"/>
        <line num="477" count="0" type="stmt"/>
        <line num="481" count="0" type="cond" truecount="0" falsecount="2"/>
        <line num="483" count="2" type="stmt"/>
        <line num="487" count="2" type="stmt"/>
        <line num="489" count="2" type="stmt"/>
        <line num="490" count="2" type="stmt"/>
        <line num="494" count="1" type="cond" truecount="1" falsecount="1"/>
        <line num="495" count="0" type="stmt"/>
        <line num="497" count="1" type="stmt"/>
        <line num="498" count="1" type="stmt"/>
        <line num="501" count="2" type="stmt"/>
        <line num="504" count="1" type="stmt"/>
        <line num="514" count="1" type="stmt"/>
        <line num="517" count="1" type="cond" truecount="1" falsecount="1"/>
        <line num="518" count="1" type="stmt"/>
        <line num="519" count="1" type="stmt"/>
        <line num="520" count="1" type="stmt"/>
        <line num="522" count="0" type="stmt"/>
        <line num="527" count="1" type="cond" truecount="1" falsecount="1"/>
        <line num="528" count="0" type="stmt"/>
        <line num="529" count="0" type="stmt"/>
        <line num="530" count="0" type="stmt"/>
        <line num="533" count="0" type="stmt"/>
        <line num="535" count="0" type="stmt"/>
        <line num="538" count="1" type="stmt"/>
        <line num="548" count="2" type="stmt"/>
        <line num="549" count="2" type="stmt"/>
        <line num="551" count="2" type="cond" truecount="2" falsecount="0"/>
        <line num="552" count="1" type="stmt"/>
        <line num="558" count="1" type="stmt"/>
        <line num="560" count="1" type="stmt"/>
        <line num="565" count="1" type="cond" truecount="1" falsecount="1"/>
        <line num="566" count="0" type="stmt"/>
        <line num="573" count="1" type="stmt"/>
        <line num="574" count="1" type="stmt"/>
        <line num="575" count="1" type="cond" truecount="1" falsecount="1"/>
        <line num="576" count="1" type="stmt"/>
        <line num="579" count="1" type="stmt"/>
        <line num="582" count="1" type="cond" truecount="1" falsecount="1"/>
        <line num="583" count="1" type="stmt"/>
        <line num="587" count="1" type="stmt"/>
        <line num="588" count="1" type="cond" truecount="1" falsecount="1"/>
        <line num="589" count="0" type="stmt"/>
        <line num="596" count="1" type="stmt"/>
        <line num="598" count="1" type="stmt"/>
        <line num="599" count="1" type="cond" truecount="1" falsecount="1"/>
        <line num="600" count="0" type="stmt"/>
        <line num="602" count="1" type="cond" truecount="1" falsecount="1"/>
        <line num="603" count="1" type="stmt"/>
        <line num="605" count="1" type="stmt"/>
        <line num="606" count="1" type="stmt"/>
        <line num="612" count="1" type="stmt"/>
        <line num="614" count="1" type="stmt"/>
        <line num="622" count="3" type="stmt"/>
        <line num="623" count="3" type="stmt"/>
        <line num="625" count="3" type="cond" truecount="2" falsecount="0"/>
        <line num="626" count="1" type="stmt"/>
        <line num="632" count="2" type="stmt"/>
        <line num="636" count="2" type="cond" truecount="2" falsecount="0"/>
        <line num="637" count="1" type="stmt"/>
        <line num="643" count="1" type="stmt"/>
        <line num="650" count="5" type="stmt"/>
        <line num="651" count="5" type="stmt"/>
        <line num="653" count="5" type="cond" truecount="4" falsecount="0"/>
        <line num="654" count="1" type="stmt"/>
        <line num="661" count="4" type="stmt"/>
        <line num="669" count="4" type="stmt"/>
        <line num="670" count="4" type="stmt"/>
        <line num="672" count="4" type="cond" truecount="2" falsecount="0"/>
        <line num="673" count="1" type="stmt"/>
        <line num="679" count="3" type="stmt"/>
        <line num="683" count="3" type="cond" truecount="2" falsecount="0"/>
        <line num="684" count="1" type="stmt"/>
        <line num="690" count="2" type="stmt"/>
        <line num="715" count="4" type="stmt"/>
        <line num="726" count="4" type="stmt"/>
        <line num="728" count="4" type="cond" truecount="2" falsecount="0"/>
        <line num="729" count="1" type="stmt"/>
        <line num="736" count="3" type="stmt"/>
        <line num="738" count="3" type="cond" truecount="4" falsecount="0"/>
        <line num="739" count="1" type="stmt"/>
        <line num="746" count="2" type="stmt"/>
        <line num="750" count="2" type="cond" truecount="2" falsecount="0"/>
        <line num="751" count="2" type="cond" truecount="2" falsecount="0"/>
        <line num="752" count="2" type="cond" truecount="1" falsecount="1"/>
        <line num="753" count="2" type="cond" truecount="1" falsecount="1"/>
        <line num="754" count="2" type="cond" truecount="1" falsecount="1"/>
        <line num="755" count="2" type="cond" truecount="1" falsecount="1"/>
        <line num="756" count="2" type="cond" truecount="2" falsecount="0"/>
        <line num="757" count="2" type="cond" truecount="2" falsecount="0"/>
        <line num="760" count="2" type="stmt"/>
        <line num="762" count="2" type="cond" truecount="2" falsecount="0"/>
        <line num="763" count="1" type="stmt"/>
        <line num="769" count="1" type="stmt"/>
        <line num="786" count="5" type="stmt"/>
        <line num="787" count="5" type="stmt"/>
        <line num="789" count="5" type="cond" truecount="2" falsecount="0"/>
        <line num="790" count="1" type="stmt"/>
        <line num="796" count="4" type="cond" truecount="4" falsecount="0"/>
        <line num="797" count="1" type="stmt"/>
        <line num="804" count="3" type="stmt"/>
        <line num="810" count="3" type="cond" truecount="2" falsecount="0"/>
        <line num="811" count="3" type="cond" truecount="2" falsecount="0"/>
        <line num="812" count="3" type="cond" truecount="2" falsecount="0"/>
        <line num="814" count="3" type="stmt"/>
        <line num="816" count="3" type="stmt"/>
        <line num="818" count="3" type="cond" truecount="2" falsecount="0"/>
        <line num="819" count="1" type="stmt"/>
        <line num="820" count="1" type="stmt"/>
        <line num="826" count="2" type="stmt"/>
        <line num="838" count="5" type="stmt"/>
        <line num="839" count="5" type="stmt"/>
        <line num="841" count="5" type="cond" truecount="2" falsecount="0"/>
        <line num="842" count="1" type="stmt"/>
        <line num="849" count="4" type="stmt"/>
        <line num="851" count="4" type="cond" truecount="2" falsecount="0"/>
        <line num="852" count="2" type="stmt"/>
        <line num="853" count="2" type="cond" truecount="2" falsecount="0"/>
        <line num="854" count="1" type="stmt"/>
        <line num="859" count="1" type="stmt"/>
        <line num="862" count="3" type="cond" truecount="2" falsecount="0"/>
        <line num="863" count="2" type="stmt"/>
        <line num="864" count="2" type="cond" truecount="5" falsecount="0"/>
        <line num="865" count="1" type="stmt"/>
        <line num="870" count="1" type="stmt"/>
        <line num="873" count="2" type="cond" truecount="2" falsecount="0"/>
        <line num="874" count="1" type="stmt"/>
        <line num="877" count="2" type="cond" truecount="1" falsecount="1"/>
        <line num="878" count="0" type="stmt"/>
        <line num="881" count="2" type="cond" truecount="2" falsecount="0"/>
        <line num="882" count="1" type="stmt"/>
        <line num="888" count="1" type="stmt"/>
        <line num="890" count="1" type="stmt"/>
        <line num="892" count="1" type="cond" truecount="1" falsecount="1"/>
        <line num="893" count="0" type="stmt"/>
        <line num="894" count="0" type="stmt"/>
        <line num="900" count="1" type="stmt"/>
        <line num="912" count="4" type="stmt"/>
        <line num="913" count="4" type="stmt"/>
        <line num="915" count="4" type="cond" truecount="4" falsecount="0"/>
        <line num="916" count="1" type="stmt"/>
        <line num="922" count="3" type="cond" truecount="2" falsecount="0"/>
        <line num="923" count="1" type="stmt"/>
        <line num="929" count="2" type="stmt"/>
        <line num="931" count="2" type="stmt"/>
        <line num="933" count="2" type="cond" truecount="2" falsecount="0"/>
        <line num="934" count="1" type="stmt"/>
        <line num="935" count="1" type="stmt"/>
        <line num="941" count="1" type="stmt"/>
        <line num="953" count="3" type="stmt"/>
        <line num="954" count="3" type="stmt"/>
        <line num="956" count="3" type="cond" truecount="4" falsecount="0"/>
        <line num="957" count="1" type="stmt"/>
        <line num="963" count="2" type="stmt"/>
        <line num="965" count="2" type="stmt"/>
        <line num="967" count="2" type="cond" truecount="2" falsecount="0"/>
        <line num="968" count="1" type="stmt"/>
        <line num="969" count="1" type="stmt"/>
        <line num="975" count="1" type="stmt"/>
        <line num="987" count="5" type="stmt"/>
        <line num="988" count="5" type="stmt"/>
        <line num="990" count="5" type="cond" truecount="2" falsecount="0"/>
        <line num="991" count="1" type="stmt"/>
        <line num="998" count="4" type="stmt"/>
        <line num="1000" count="4" type="cond" truecount="2" falsecount="0"/>
        <line num="1001" count="1" type="stmt"/>
        <line num="1007" count="3" type="cond" truecount="2" falsecount="0"/>
        <line num="1008" count="1" type="stmt"/>
        <line num="1014" count="2" type="stmt"/>
        <line num="1016" count="2" type="stmt"/>
        <line num="1018" count="2" type="cond" truecount="2" falsecount="0"/>
        <line num="1019" count="1" type="stmt"/>
        <line num="1020" count="1" type="stmt"/>
        <line num="1026" count="1" type="stmt"/>
        <line num="1038" count="4" type="stmt"/>
        <line num="1051" count="4" type="stmt"/>
        <line num="1054" count="4" type="cond" truecount="2" falsecount="0"/>
        <line num="1055" count="1" type="stmt"/>
        <line num="1061" count="3" type="cond" truecount="2" falsecount="0"/>
        <line num="1062" count="1" type="stmt"/>
        <line num="1068" count="2" type="stmt"/>
        <line num="1069" count="2" type="cond" truecount="4" falsecount="1"/>
        <line num="1070" count="0" type="stmt"/>
        <line num="1077" count="2" type="stmt"/>
        <line num="1078" count="2" type="cond" truecount="2" falsecount="2"/>
        <line num="1079" count="0" type="stmt"/>
        <line num="1086" count="2" type="stmt"/>
        <line num="1100" count="2" type="stmt"/>
        <line num="1102" count="2" type="stmt"/>
        <line num="1104" count="2" type="cond" truecount="1" falsecount="1"/>
        <line num="1105" count="0" type="stmt"/>
        <line num="1106" count="0" type="stmt"/>
        <line num="1112" count="2" type="stmt"/>
        <line num="1128" count="3" type="stmt"/>
        <line num="1129" count="3" type="stmt"/>
        <line num="1132" count="3" type="stmt"/>
        <line num="1134" count="3" type="cond" truecount="2" falsecount="0"/>
        <line num="1135" count="1" type="stmt"/>
        <line num="1136" count="1" type="stmt"/>
        <line num="1142" count="2" type="cond" truecount="1" falsecount="1"/>
        <line num="1144" count="2" type="cond" truecount="2" falsecount="0"/>
        <line num="1145" count="1" type="stmt"/>
        <line num="1153" count="4" type="stmt"/>
        <line num="1156" count="1" type="stmt"/>
        <line num="1157" count="1" type="stmt"/>
        <line num="1159" count="1" type="stmt"/>
        <line num="1160" count="5" type="cond" truecount="2" falsecount="0"/>
        <line num="1162" count="5" type="cond" truecount="6" falsecount="0"/>
        <line num="1164" count="1" type="stmt"/>
        <line num="1165" count="1" type="stmt"/>
        <line num="1167" count="1" type="stmt"/>
        <line num="1168" count="1" type="stmt"/>
        <line num="1171" count="1" type="cond" truecount="1" falsecount="1"/>
        <line num="1172" count="1" type="stmt"/>
        <line num="1173" count="1" type="stmt"/>
        <line num="1176" count="1" type="cond" truecount="1" falsecount="1"/>
        <line num="1177" count="1" type="stmt"/>
        <line num="1178" count="1" type="stmt"/>
        <line num="1181" count="1" type="cond" truecount="1" falsecount="1"/>
        <line num="1182" count="1" type="stmt"/>
        <line num="1185" count="5" type="stmt"/>
        <line num="1189" count="1" type="stmt"/>
        <line num="1190" count="1" type="stmt"/>
        <line num="1191" count="5" type="stmt"/>
        <line num="1193" count="5" type="cond" truecount="1" falsecount="1"/>
        <line num="1194" count="5" type="stmt"/>
        <line num="1195" count="5" type="stmt"/>
        <line num="1197" count="0" type="stmt"/>
        <line num="1201" count="1" type="stmt"/>
        <line num="1203" count="1" type="stmt"/>
        <line num="1207" count="5" type="stmt"/>
      </file>
      <file name="manager-notes.js" path="C:\Users\stefa\restaurant-ai-mcp\api\manager-notes.js">
        <metrics statements="46" coveredstatements="46" conditionals="41" coveredconditionals="40" methods="5" coveredmethods="5"/>
        <line num="12" count="1" type="stmt"/>
        <line num="13" count="1" type="stmt"/>
        <line num="14" count="1" type="stmt"/>
        <line num="15" count="1" type="stmt"/>
        <line num="17" count="1" type="stmt"/>
        <line num="19" count="1" type="stmt"/>
        <line num="20" count="21" type="stmt"/>
        <line num="21" count="21" type="cond" truecount="2" falsecount="0"/>
        <line num="24" count="20" type="stmt"/>
        <line num="25" count="20" type="cond" truecount="2" falsecount="0"/>
        <line num="26" count="1" type="cond" truecount="1" falsecount="1"/>
        <line num="29" count="19" type="stmt"/>
        <line num="30" count="19" type="cond" truecount="2" falsecount="0"/>
        <line num="31" count="1" type="stmt"/>
        <line num="34" count="18" type="stmt"/>
        <line num="35" count="18" type="cond" truecount="4" falsecount="0"/>
        <line num="37" count="11" type="stmt"/>
        <line num="39" count="2" type="stmt"/>
        <line num="41" count="4" type="stmt"/>
        <line num="43" count="1" type="stmt"/>
        <line num="46" count="1" type="stmt"/>
        <line num="47" count="1" type="stmt"/>
        <line num="52" count="11" type="stmt"/>
        <line num="54" count="11" type="cond" truecount="4" falsecount="0"/>
        <line num="55" count="2" type="stmt"/>
        <line num="58" count="9" type="stmt"/>
        <line num="59" count="9" type="cond" truecount="2" falsecount="0"/>
        <line num="62" count="9" type="cond" truecount="2" falsecount="0"/>
        <line num="65" count="9" type="cond" truecount="4" falsecount="0"/>
        <line num="68" count="9" type="cond" truecount="2" falsecount="0"/>
        <line num="70" count="9" type="stmt"/>
        <line num="78" count="8" type="cond" truecount="2" falsecount="0"/>
        <line num="79" count="2" type="stmt"/>
        <line num="82" count="6" type="stmt"/>
        <line num="88" count="6" type="stmt"/>
        <line num="102" count="2" type="cond" truecount="1" falsecount="0"/>
        <line num="104" count="2" type="stmt"/>
        <line num="111" count="2" type="stmt"/>
        <line num="113" count="2" type="stmt"/>
        <line num="126" count="4" type="cond" truecount="2" falsecount="0"/>
        <line num="128" count="4" type="cond" truecount="2" falsecount="0"/>
        <line num="129" count="1" type="stmt"/>
        <line num="132" count="3" type="stmt"/>
        <line num="134" count="3" type="cond" truecount="2" falsecount="0"/>
        <line num="135" count="1" type="stmt"/>
        <line num="138" count="2" type="stmt"/>
      </file>
      <file name="portal.js" path="C:\Users\stefa\restaurant-ai-mcp\api\portal.js">
        <metrics statements="122" coveredstatements="122" conditionals="127" coveredconditionals="104" methods="10" coveredmethods="9"/>
        <line num="13" count="1" type="stmt"/>
        <line num="14" count="1" type="stmt"/>
        <line num="15" count="1" type="stmt"/>
        <line num="16" count="1" type="stmt"/>
        <line num="17" count="1" type="stmt"/>
        <line num="18" count="1" type="stmt"/>
        <line num="19" count="1" type="stmt"/>
        <line num="20" count="1" type="stmt"/>
        <line num="22" count="1" type="stmt"/>
        <line num="24" count="1" type="stmt"/>
        <line num="26" count="27" type="stmt"/>
        <line num="27" count="27" type="stmt"/>
        <line num="28" count="27" type="stmt"/>
        <line num="30" count="27" type="cond" truecount="2" falsecount="0"/>
        <line num="31" count="1" type="stmt"/>
        <line num="35" count="26" type="stmt"/>
        <line num="36" count="26" type="cond" truecount="1" falsecount="1"/>
        <line num="38" count="26" type="cond" truecount="3" falsecount="0"/>
        <line num="40" count="26" type="stmt"/>
        <line num="41" count="26" type="cond" truecount="4" falsecount="0"/>
        <line num="43" count="4" type="stmt"/>
        <line num="45" count="7" type="stmt"/>
        <line num="47" count="14" type="stmt"/>
        <line num="49" count="1" type="stmt"/>
        <line num="55" count="1" type="stmt"/>
        <line num="56" count="1" type="stmt"/>
        <line num="57" count="1" type="stmt"/>
        <line num="69" count="4" type="stmt"/>
        <line num="71" count="4" type="cond" truecount="2" falsecount="0"/>
        <line num="72" count="1" type="stmt"/>
        <line num="78" count="3" type="stmt"/>
        <line num="87" count="2" type="cond" truecount="4" falsecount="0"/>
        <line num="88" count="1" type="stmt"/>
        <line num="95" count="1" type="cond" truecount="1" falsecount="1"/>
        <line num="96" count="1" type="cond" truecount="1" falsecount="1"/>
        <line num="98" count="1" type="stmt"/>
        <line num="128" count="7" type="stmt"/>
        <line num="130" count="7" type="cond" truecount="5" falsecount="0"/>
        <line num="131" count="1" type="stmt"/>
        <line num="137" count="6" type="stmt"/>
        <line num="138" count="6" type="cond" truecount="5" falsecount="0"/>
        <line num="139" count="1" type="stmt"/>
        <line num="146" count="5" type="cond" truecount="2" falsecount="0"/>
        <line num="147" count="1" type="stmt"/>
        <line num="154" count="4" type="stmt"/>
        <line num="162" count="4" type="cond" truecount="4" falsecount="0"/>
        <line num="163" count="1" type="stmt"/>
        <line num="170" count="3" type="stmt"/>
        <line num="171" count="3" type="stmt"/>
        <line num="172" count="3" type="stmt"/>
        <line num="174" count="3" type="cond" truecount="1" falsecount="1"/>
        <line num="175" count="3" type="stmt"/>
        <line num="179" count="3" type="cond" truecount="5" falsecount="0"/>
        <line num="180" count="1" type="stmt"/>
        <line num="188" count="2" type="cond" truecount="1" falsecount="2"/>
        <line num="189" count="2" type="cond" truecount="1" falsecount="2"/>
        <line num="192" count="2" type="stmt"/>
        <line num="199" count="2" type="cond" truecount="2" falsecount="0"/>
        <line num="200" count="1" type="stmt"/>
        <line num="201" count="1" type="stmt"/>
        <line num="208" count="1" type="stmt"/>
        <line num="214" count="1" type="cond" truecount="1" falsecount="1"/>
        <line num="215" count="1" type="cond" truecount="1" falsecount="1"/>
        <line num="219" count="1" type="cond" truecount="1" falsecount="1"/>
        <line num="228" count="1" type="stmt"/>
        <line num="229" count="1" type="stmt"/>
        <line num="230" count="1" type="stmt"/>
        <line num="231" count="1" type="stmt"/>
        <line num="232" count="1" type="stmt"/>
        <line num="233" count="1" type="stmt"/>
        <line num="236" count="1" type="stmt"/>
        <line num="238" count="1" type="stmt"/>
        <line num="239" count="2" type="stmt"/>
        <line num="240" count="2" type="stmt"/>
        <line num="241" count="2" type="stmt"/>
        <line num="243" count="2" type="stmt"/>
        <line num="250" count="2" type="stmt"/>
        <line num="257" count="1" type="stmt"/>
        <line num="272" count="14" type="cond" truecount="2" falsecount="0"/>
        <line num="273" count="1" type="stmt"/>
        <line num="288" count="13" type="cond" truecount="1" falsecount="1"/>
        <line num="291" count="13" type="cond" truecount="8" falsecount="0"/>
        <line num="292" count="1" type="stmt"/>
        <line num="298" count="12" type="stmt"/>
        <line num="299" count="12" type="cond" truecount="5" falsecount="0"/>
        <line num="300" count="1" type="stmt"/>
        <line num="307" count="11" type="cond" truecount="2" falsecount="0"/>
        <line num="308" count="1" type="stmt"/>
        <line num="315" count="10" type="cond" truecount="2" falsecount="0"/>
        <line num="316" count="1" type="stmt"/>
        <line num="323" count="9" type="stmt"/>
        <line num="324" count="9" type="cond" truecount="2" falsecount="0"/>
        <line num="325" count="1" type="stmt"/>
        <line num="332" count="8" type="stmt"/>
        <line num="341" count="8" type="cond" truecount="4" falsecount="0"/>
        <line num="342" count="1" type="stmt"/>
        <line num="349" count="7" type="cond" truecount="1" falsecount="1"/>
        <line num="350" count="7" type="cond" truecount="1" falsecount="1"/>
        <line num="351" count="7" type="cond" truecount="2" falsecount="0"/>
        <line num="352" count="1" type="stmt"/>
        <line num="359" count="6" type="stmt"/>
        <line num="366" count="6" type="stmt"/>
        <line num="372" count="6" type="cond" truecount="1" falsecount="1"/>
        <line num="373" count="6" type="cond" truecount="1" falsecount="1"/>
        <line num="376" count="6" type="cond" truecount="1" falsecount="1"/>
        <line num="380" count="6" type="stmt"/>
        <line num="381" count="6" type="cond" truecount="2" falsecount="0"/>
        <line num="382" count="1" type="stmt"/>
        <line num="390" count="5" type="stmt"/>
        <line num="392" count="5" type="stmt"/>
        <line num="410" count="5" type="cond" truecount="2" falsecount="0"/>
        <line num="411" count="1" type="stmt"/>
        <line num="412" count="1" type="stmt"/>
        <line num="419" count="4" type="stmt"/>
        <line num="422" count="4" type="cond" truecount="2" falsecount="0"/>
        <line num="423" count="3" type="stmt"/>
        <line num="432" count="1" type="stmt"/>
        <line num="435" count="4" type="stmt"/>
        <line num="454" count="3" type="cond" truecount="2" falsecount="0"/>
        <line num="456" count="2" type="stmt"/>
        <line num="457" count="2" type="stmt"/>
        <line num="461" count="2" type="stmt"/>
      </file>
      <file name="reservations.js" path="C:\Users\stefa\restaurant-ai-mcp\api\reservations.js">
        <metrics statements="200" coveredstatements="181" conditionals="172" coveredconditionals="136" methods="14" coveredmethods="11"/>
        <line num="9" count="1" type="stmt"/>
        <line num="15" count="1" type="stmt"/>
        <line num="18" count="1" type="stmt"/>
        <line num="21" count="1" type="stmt"/>
        <line num="22" count="1" type="stmt"/>
        <line num="25" count="1" type="stmt"/>
        <line num="28" count="1" type="stmt"/>
        <line num="31" count="1" type="stmt"/>
        <line num="34" count="1" type="stmt"/>
        <line num="37" count="1" type="stmt"/>
        <line num="40" count="1" type="stmt"/>
        <line num="43" count="1" type="stmt"/>
        <line num="46" count="1" type="stmt"/>
        <line num="47" count="1" type="stmt"/>
        <line num="50" count="1" type="stmt"/>
        <line num="53" count="1" type="stmt"/>
        <line num="59" count="9" type="cond" truecount="0" falsecount="1"/>
        <line num="62" count="9" type="cond" truecount="5" falsecount="0"/>
        <line num="63" count="7" type="stmt"/>
        <line num="64" count="7" type="stmt"/>
        <line num="68" count="2" type="cond" truecount="4" falsecount="0"/>
        <line num="69" count="1" type="stmt"/>
        <line num="70" count="1" type="stmt"/>
        <line num="73" count="1" type="stmt"/>
        <line num="74" count="1" type="stmt"/>
        <line num="80" count="1" type="stmt"/>
        <line num="81" count="1" type="cond" truecount="1" falsecount="1"/>
        <line num="83" count="1" type="cond" truecount="1" falsecount="1"/>
        <line num="84" count="0" type="stmt"/>
        <line num="85" count="1" type="cond" truecount="3" falsecount="1"/>
        <line num="86" count="0" type="stmt"/>
        <line num="88" count="1" type="stmt"/>
        <line num="92" count="1" type="stmt"/>
        <line num="98" count="1" type="stmt"/>
        <line num="99" count="1" type="stmt"/>
        <line num="101" count="0" type="stmt"/>
        <line num="102" count="0" type="stmt"/>
        <line num="106" count="1" type="stmt"/>
        <line num="108" count="34" type="stmt"/>
        <line num="110" count="34" type="cond" truecount="2" falsecount="0"/>
        <line num="111" count="1" type="stmt"/>
        <line num="115" count="33" type="stmt"/>
        <line num="116" count="33" type="cond" truecount="2" falsecount="0"/>
        <line num="121" count="32" type="stmt"/>
        <line num="122" count="32" type="cond" truecount="2" falsecount="0"/>
        <line num="123" count="1" type="cond" truecount="1" falsecount="1"/>
        <line num="125" count="31" type="stmt"/>
        <line num="126" count="31" type="cond" truecount="2" falsecount="0"/>
        <line num="127" count="31" type="cond" truecount="2" falsecount="0"/>
        <line num="128" count="1" type="stmt"/>
        <line num="133" count="30" type="stmt"/>
        <line num="135" count="30" type="stmt"/>
        <line num="137" count="30" type="stmt"/>
        <line num="138" count="30" type="cond" truecount="6" falsecount="0"/>
        <line num="140" count="15" type="stmt"/>
        <line num="142" count="3" type="stmt"/>
        <line num="144" count="5" type="stmt"/>
        <line num="146" count="3" type="stmt"/>
        <line num="148" count="3" type="stmt"/>
        <line num="150" count="1" type="stmt"/>
        <line num="155" count="0" type="stmt"/>
        <line num="156" count="0" type="stmt"/>
        <line num="157" count="0" type="stmt"/>
        <line num="172" count="15" type="cond" truecount="1" falsecount="1"/>
        <line num="174" count="15" type="cond" truecount="1" falsecount="1"/>
        <line num="176" count="15" type="cond" truecount="7" falsecount="0"/>
        <line num="177" count="2" type="stmt"/>
        <line num="187" count="13" type="cond" truecount="2" falsecount="0"/>
        <line num="188" count="13" type="cond" truecount="2" falsecount="0"/>
        <line num="189" count="2" type="stmt"/>
        <line num="191" count="2" type="stmt"/>
        <line num="192" count="2" type="stmt"/>
        <line num="193" count="2" type="cond" truecount="2" falsecount="0"/>
        <line num="196" count="1" type="stmt"/>
        <line num="197" count="1" type="stmt"/>
        <line num="198" count="1" type="cond" truecount="1" falsecount="1"/>
        <line num="201" count="0" type="stmt"/>
        <line num="205" count="12" type="stmt"/>
        <line num="207" count="12" type="stmt"/>
        <line num="224" count="12" type="stmt"/>
        <line num="226" count="12" type="cond" truecount="2" falsecount="0"/>
        <line num="227" count="1" type="stmt"/>
        <line num="233" count="11" type="stmt"/>
        <line num="236" count="11" type="cond" truecount="1" falsecount="1"/>
        <line num="237" count="0" type="cond" truecount="0" falsecount="2"/>
        <line num="240" count="0" type="stmt"/>
        <line num="246" count="11" type="stmt"/>
        <line num="248" count="11" type="stmt"/>
        <line num="254" count="11" type="cond" truecount="1" falsecount="1"/>
        <line num="255" count="11" type="stmt"/>
        <line num="258" count="11" type="stmt"/>
        <line num="260" count="11" type="stmt"/>
        <line num="263" count="11" type="cond" truecount="3" falsecount="1"/>
        <line num="264" count="11" type="stmt"/>
        <line num="267" count="11" type="stmt"/>
        <line num="272" count="0" type="stmt"/>
        <line num="278" count="11" type="stmt"/>
        <line num="279" count="11" type="stmt"/>
        <line num="282" count="11" type="stmt"/>
        <line num="285" count="11" type="stmt"/>
        <line num="298" count="11" type="stmt"/>
        <line num="301" count="11" type="stmt"/>
        <line num="309" count="11" type="stmt"/>
        <line num="313" count="3" type="stmt"/>
        <line num="317" count="11" type="cond" truecount="4" falsecount="1"/>
        <line num="318" count="11" type="stmt"/>
        <line num="325" count="11" type="stmt"/>
        <line num="326" count="11" type="stmt"/>
        <line num="329" count="11" type="stmt"/>
        <line num="334" count="11" type="stmt"/>
        <line num="341" count="11" type="stmt"/>
        <line num="342" count="11" type="cond" truecount="4" falsecount="0"/>
        <line num="343" count="2" type="stmt"/>
        <line num="345" count="2" type="cond" truecount="2" falsecount="0"/>
        <line num="348" count="2" type="stmt"/>
        <line num="349" count="2" type="stmt"/>
        <line num="351" count="2" type="cond" truecount="2" falsecount="0"/>
        <line num="354" count="2" type="cond" truecount="2" falsecount="0"/>
        <line num="355" count="1" type="stmt"/>
        <line num="369" count="1" type="cond" truecount="1" falsecount="1"/>
        <line num="370" count="0" type="stmt"/>
        <line num="372" count="1" type="stmt"/>
        <line num="383" count="1" type="stmt"/>
        <line num="388" count="0" type="stmt"/>
        <line num="394" count="11" type="stmt"/>
        <line num="395" count="11" type="stmt"/>
        <line num="398" count="11" type="stmt"/>
        <line num="405" count="10" type="cond" truecount="1" falsecount="1"/>
        <line num="406" count="10" type="cond" truecount="1" falsecount="1"/>
        <line num="409" count="10" type="cond" truecount="4" falsecount="0"/>
        <line num="410" count="2" type="stmt"/>
        <line num="420" count="2" type="cond" truecount="2" falsecount="0"/>
        <line num="421" count="1" type="stmt"/>
        <line num="422" count="1" type="stmt"/>
        <line num="423" count="1" type="stmt"/>
        <line num="425" count="1" type="stmt"/>
        <line num="430" count="10" type="cond" truecount="2" falsecount="0"/>
        <line num="431" count="9" type="stmt"/>
        <line num="440" count="9" type="cond" truecount="2" falsecount="0"/>
        <line num="441" count="1" type="stmt"/>
        <line num="443" count="8" type="stmt"/>
        <line num="448" count="1" type="stmt"/>
        <line num="454" count="11" type="stmt"/>
        <line num="455" count="11" type="cond" truecount="3" falsecount="1"/>
        <line num="457" count="11" type="stmt"/>
        <line num="463" count="0" type="stmt"/>
        <line num="466" count="11" type="cond" truecount="2" falsecount="0"/>
        <line num="467" count="1" type="stmt"/>
        <line num="473" count="0" type="stmt"/>
        <line num="477" count="0" type="stmt"/>
        <line num="480" count="11" type="stmt"/>
        <line num="490" count="3" type="cond" truecount="1" falsecount="1"/>
        <line num="492" count="3" type="cond" truecount="5" falsecount="0"/>
        <line num="493" count="1" type="stmt"/>
        <line num="498" count="2" type="stmt"/>
        <line num="504" count="2" type="cond" truecount="2" falsecount="0"/>
        <line num="505" count="1" type="stmt"/>
        <line num="510" count="1" type="stmt"/>
        <line num="511" count="1" type="cond" truecount="1" falsecount="1"/>
        <line num="512" count="1" type="stmt"/>
        <line num="520" count="5" type="cond" truecount="2" falsecount="0"/>
        <line num="522" count="5" type="stmt"/>
        <line num="524" count="5" type="stmt"/>
        <line num="526" count="3" type="cond" truecount="5" falsecount="0"/>
        <line num="527" count="1" type="stmt"/>
        <line num="534" count="2" type="stmt"/>
        <line num="535" count="2" type="stmt"/>
        <line num="549" count="0" type="stmt"/>
        <line num="550" count="0" type="stmt"/>
        <line num="551" count="0" type="cond" truecount="0" falsecount="2"/>
        <line num="556" count="2" type="stmt"/>
        <line num="561" count="2" type="stmt"/>
        <line num="562" count="2" type="stmt"/>
        <line num="577" count="3" type="cond" truecount="1" falsecount="1"/>
        <line num="579" count="3" type="cond" truecount="2" falsecount="0"/>
        <line num="580" count="1" type="stmt"/>
        <line num="585" count="2" type="cond" truecount="1" falsecount="1"/>
        <line num="586" count="2" type="stmt"/>
        <line num="590" count="2" type="cond" truecount="1" falsecount="1"/>
        <line num="591" count="2" type="cond" truecount="1" falsecount="1"/>
        <line num="592" count="2" type="cond" truecount="1" falsecount="1"/>
        <line num="593" count="2" type="cond" truecount="1" falsecount="1"/>
        <line num="595" count="2" type="stmt"/>
        <line num="597" count="2" type="cond" truecount="2" falsecount="0"/>
        <line num="598" count="1" type="stmt"/>
        <line num="603" count="1" type="stmt"/>
        <line num="604" count="1" type="cond" truecount="1" falsecount="1"/>
        <line num="605" count="1" type="cond" truecount="1" falsecount="1"/>
        <line num="606" count="1" type="cond" truecount="1" falsecount="1"/>
        <line num="607" count="1" type="cond" truecount="1" falsecount="1"/>
        <line num="609" count="1" type="cond" truecount="1" falsecount="1"/>
        <line num="610" count="1" type="stmt"/>
        <line num="616" count="3" type="cond" truecount="1" falsecount="1"/>
        <line num="618" count="3" type="cond" truecount="2" falsecount="0"/>
        <line num="619" count="1" type="stmt"/>
        <line num="624" count="2" type="stmt"/>
        <line num="626" count="2" type="cond" truecount="2" falsecount="0"/>
        <line num="627" count="1" type="stmt"/>
        <line num="633" count="1" type="stmt"/>
        <line num="635" count="1" type="stmt"/>
      </file>
      <file name="restaurant-settings.js" path="C:\Users\stefa\restaurant-ai-mcp\api\restaurant-settings.js">
        <metrics statements="116" coveredstatements="116" conditionals="117" coveredconditionals="115" methods="4" coveredmethods="4"/>
        <line num="6" count="1" type="stmt"/>
        <line num="7" count="1" type="stmt"/>
        <line num="8" count="1" type="stmt"/>
        <line num="9" count="1" type="stmt"/>
        <line num="11" count="1" type="stmt"/>
        <line num="16" count="1" type="stmt"/>
        <line num="19" count="1" type="stmt"/>
        <line num="41" count="3" type="stmt"/>
        <line num="42" count="3" type="stmt"/>
        <line num="43" count="3" type="stmt"/>
        <line num="44" count="3" type="stmt"/>
        <line num="45" count="3" type="stmt"/>
        <line num="47" count="3" type="cond" truecount="4" falsecount="0"/>
        <line num="48" count="1" type="stmt"/>
        <line num="50" count="3" type="cond" truecount="4" falsecount="0"/>
        <line num="51" count="1" type="stmt"/>
        <line num="53" count="3" type="cond" truecount="4" falsecount="0"/>
        <line num="54" count="1" type="stmt"/>
        <line num="56" count="3" type="cond" truecount="4" falsecount="0"/>
        <line num="57" count="1" type="stmt"/>
        <line num="59" count="3" type="cond" truecount="2" falsecount="0"/>
        <line num="60" count="1" type="stmt"/>
        <line num="62" count="3" type="cond" truecount="2" falsecount="0"/>
        <line num="63" count="1" type="stmt"/>
        <line num="65" count="3" type="cond" truecount="2" falsecount="0"/>
        <line num="66" count="1" type="stmt"/>
        <line num="68" count="3" type="cond" truecount="4" falsecount="0"/>
        <line num="69" count="1" type="stmt"/>
        <line num="72" count="3" type="stmt"/>
        <line num="76" count="5" type="stmt"/>
        <line num="78" count="5" type="stmt"/>
        <line num="79" count="5" type="cond" truecount="2" falsecount="0"/>
        <line num="80" count="4" type="cond" truecount="4" falsecount="0"/>
        <line num="82" count="5" type="stmt"/>
        <line num="83" count="5" type="stmt"/>
        <line num="85" count="5" type="cond" truecount="2" falsecount="0"/>
        <line num="86" count="2" type="stmt"/>
        <line num="88" count="5" type="cond" truecount="2" falsecount="0"/>
        <line num="89" count="2" type="stmt"/>
        <line num="91" count="5" type="cond" truecount="2" falsecount="0"/>
        <line num="92" count="1" type="stmt"/>
        <line num="94" count="5" type="cond" truecount="2" falsecount="0"/>
        <line num="95" count="2" type="stmt"/>
        <line num="98" count="5" type="stmt"/>
        <line num="109" count="5" type="stmt"/>
        <line num="121" count="1" type="stmt"/>
        <line num="122" count="27" type="stmt"/>
        <line num="123" count="27" type="stmt"/>
        <line num="124" count="27" type="stmt"/>
        <line num="126" count="27" type="cond" truecount="2" falsecount="0"/>
        <line num="127" count="1" type="stmt"/>
        <line num="131" count="26" type="stmt"/>
        <line num="132" count="26" type="cond" truecount="2" falsecount="0"/>
        <line num="133" count="1" type="cond" truecount="1" falsecount="1"/>
        <line num="138" count="25" type="stmt"/>
        <line num="140" count="25" type="stmt"/>
        <line num="141" count="25" type="stmt"/>
        <line num="142" count="25" type="stmt"/>
        <line num="143" count="25" type="stmt"/>
        <line num="145" count="25" type="cond" truecount="4" falsecount="0"/>
        <line num="146" count="1" type="stmt"/>
        <line num="150" count="24" type="cond" truecount="4" falsecount="0"/>
        <line num="151" count="4" type="stmt"/>
        <line num="158" count="4" type="cond" truecount="2" falsecount="0"/>
        <line num="159" count="1" type="stmt"/>
        <line num="160" count="1" type="stmt"/>
        <line num="163" count="3" type="cond" truecount="2" falsecount="0"/>
        <line num="164" count="1" type="stmt"/>
        <line num="167" count="2" type="cond" truecount="2" falsecount="0"/>
        <line num="168" count="2" type="stmt"/>
        <line num="172" count="20" type="cond" truecount="4" falsecount="0"/>
        <line num="173" count="4" type="stmt"/>
        <line num="175" count="4" type="cond" truecount="2" falsecount="0"/>
        <line num="176" count="1" type="stmt"/>
        <line num="179" count="3" type="stmt"/>
        <line num="180" count="3" type="cond" truecount="2" falsecount="0"/>
        <line num="181" count="1" type="stmt"/>
        <line num="184" count="2" type="stmt"/>
        <line num="192" count="2" type="cond" truecount="2" falsecount="0"/>
        <line num="193" count="1" type="stmt"/>
        <line num="194" count="1" type="stmt"/>
        <line num="197" count="1" type="stmt"/>
        <line num="201" count="16" type="cond" truecount="4" falsecount="0"/>
        <line num="202" count="6" type="stmt"/>
        <line num="204" count="6" type="cond" truecount="6" falsecount="0"/>
        <line num="205" count="1" type="stmt"/>
        <line num="208" count="5" type="stmt"/>
        <line num="209" count="5" type="stmt"/>
        <line num="211" count="5" type="stmt"/>
        <line num="215" count="10" type="cond" truecount="4" falsecount="0"/>
        <line num="216" count="5" type="stmt"/>
        <line num="223" count="4" type="cond" truecount="2" falsecount="0"/>
        <line num="224" count="1" type="stmt"/>
        <line num="225" count="1" type="stmt"/>
        <line num="228" count="3" type="cond" truecount="2" falsecount="0"/>
        <line num="229" count="1" type="stmt"/>
        <line num="232" count="2" type="stmt"/>
        <line num="244" count="5" type="cond" truecount="4" falsecount="0"/>
        <line num="245" count="4" type="stmt"/>
        <line num="246" count="4" type="stmt"/>
        <line num="248" count="4" type="cond" truecount="4" falsecount="0"/>
        <line num="249" count="1" type="stmt"/>
        <line num="252" count="3" type="stmt"/>
        <line num="253" count="3" type="stmt"/>
        <line num="254" count="24" type="cond" truecount="2" falsecount="0"/>
        <line num="255" count="2" type="stmt"/>
        <line num="259" count="3" type="cond" truecount="2" falsecount="0"/>
        <line num="260" count="1" type="stmt"/>
        <line num="263" count="2" type="stmt"/>
        <line num="271" count="2" type="cond" truecount="2" falsecount="0"/>
        <line num="272" count="1" type="stmt"/>
        <line num="273" count="1" type="stmt"/>
        <line num="276" count="1" type="stmt"/>
        <line num="283" count="1" type="stmt"/>
        <line num="285" count="1" type="stmt"/>
        <line num="286" count="1" type="stmt"/>
      </file>
      <file name="stripe-webhook.js" path="C:\Users\stefa\restaurant-ai-mcp\api\stripe-webhook.js">
        <metrics statements="123" coveredstatements="123" conditionals="53" coveredconditionals="42" methods="2" coveredmethods="2"/>
        <line num="1" count="1" type="stmt"/>
        <line num="2" count="1" type="stmt"/>
        <line num="3" count="1" type="stmt"/>
        <line num="4" count="1" type="stmt"/>
        <line num="5" count="1" type="stmt"/>
        <line num="12" count="1" type="stmt"/>
        <line num="13" count="1" type="stmt"/>
        <line num="16" count="1" type="stmt"/>
        <line num="30" count="12" type="stmt"/>
        <line num="31" count="12" type="cond" truecount="2" falsecount="0"/>
        <line num="32" count="7" type="stmt"/>
        <line num="33" count="7" type="stmt"/>
        <line num="37" count="5" type="cond" truecount="1" falsecount="1"/>
        <line num="38" count="5" type="stmt"/>
        <line num="39" count="5" type="stmt"/>
        <line num="47" count="4" type="cond" truecount="4" falsecount="0"/>
        <line num="48" count="1" type="stmt"/>
        <line num="49" count="1" type="stmt"/>
        <line num="52" count="1" type="stmt"/>
        <line num="56" count="4" type="stmt"/>
        <line num="57" count="4" type="stmt"/>
        <line num="60" count="1" type="stmt"/>
        <line num="62" count="24" type="stmt"/>
        <line num="63" count="24" type="stmt"/>
        <line num="64" count="24" type="stmt"/>
        <line num="66" count="24" type="cond" truecount="2" falsecount="0"/>
        <line num="67" count="1" type="stmt"/>
        <line num="70" count="23" type="cond" truecount="2" falsecount="0"/>
        <line num="71" count="1" type="stmt"/>
        <line num="74" count="22" type="stmt"/>
        <line num="77" count="22" type="stmt"/>
        <line num="79" count="22" type="stmt"/>
        <line num="81" count="1" type="stmt"/>
        <line num="82" count="1" type="stmt"/>
        <line num="86" count="21" type="stmt"/>
        <line num="87" count="21" type="cond" truecount="8" falsecount="0"/>
        <line num="89" count="1" type="stmt"/>
        <line num="90" count="1" type="stmt"/>
        <line num="94" count="1" type="stmt"/>
        <line num="95" count="1" type="stmt"/>
        <line num="96" count="1" type="stmt"/>
        <line num="97" count="1" type="cond" truecount="1" falsecount="1"/>
        <line num="99" count="1" type="stmt"/>
        <line num="102" count="7" type="stmt"/>
        <line num="103" count="7" type="stmt"/>
        <line num="106" count="7" type="stmt"/>
        <line num="107" count="6" type="stmt"/>
        <line num="108" count="6" type="stmt"/>
        <line num="111" count="6" type="stmt"/>
        <line num="112" count="6" type="cond" truecount="2" falsecount="0"/>
        <line num="113" count="2" type="stmt"/>
        <line num="114" count="2" type="stmt"/>
        <line num="118" count="4" type="stmt"/>
        <line num="131" count="4" type="cond" truecount="2" falsecount="0"/>
        <line num="132" count="1" type="stmt"/>
        <line num="134" count="3" type="stmt"/>
        <line num="138" count="4" type="stmt"/>
        <line num="139" count="4" type="cond" truecount="2" falsecount="0"/>
        <line num="140" count="1" type="stmt"/>
        <line num="142" count="3" type="stmt"/>
        <line num="145" count="4" type="stmt"/>
        <line num="148" count="3" type="stmt"/>
        <line num="149" count="3" type="stmt"/>
        <line num="152" count="3" type="stmt"/>
        <line num="153" count="3" type="stmt"/>
        <line num="156" count="3" type="stmt"/>
        <line num="157" count="3" type="stmt"/>
        <line num="158" count="3" type="cond" truecount="2" falsecount="0"/>
        <line num="159" count="1" type="stmt"/>
        <line num="160" count="1" type="stmt"/>
        <line num="163" count="2" type="stmt"/>
        <line num="172" count="2" type="cond" truecount="2" falsecount="0"/>
        <line num="173" count="1" type="stmt"/>
        <line num="175" count="1" type="stmt"/>
        <line num="179" count="2" type="cond" truecount="1" falsecount="1"/>
        <line num="180" count="2" type="stmt"/>
        <line num="183" count="2" type="stmt"/>
        <line num="186" count="3" type="stmt"/>
        <line num="187" count="3" type="stmt"/>
        <line num="190" count="3" type="stmt"/>
        <line num="191" count="3" type="stmt"/>
        <line num="192" count="3" type="cond" truecount="2" falsecount="0"/>
        <line num="193" count="1" type="stmt"/>
        <line num="194" count="1" type="stmt"/>
        <line num="198" count="2" type="stmt"/>
        <line num="203" count="2" type="cond" truecount="2" falsecount="0"/>
        <line num="204" count="1" type="stmt"/>
        <line num="206" count="1" type="stmt"/>
        <line num="210" count="2" type="stmt"/>
        <line num="212" count="2" type="stmt"/>
        <line num="215" count="2" type="stmt"/>
        <line num="216" count="2" type="stmt"/>
        <line num="217" count="2" type="stmt"/>
        <line num="218" count="2" type="stmt"/>
        <line num="222" count="2" type="stmt"/>
        <line num="223" count="2" type="stmt"/>
        <line num="224" count="2" type="cond" truecount="1" falsecount="1"/>
        <line num="225" count="2" type="stmt"/>
        <line num="233" count="1" type="stmt"/>
        <line num="236" count="2" type="stmt"/>
        <line num="239" count="2" type="stmt"/>
        <line num="240" count="2" type="stmt"/>
        <line num="241" count="2" type="stmt"/>
        <line num="242" count="2" type="stmt"/>
        <line num="246" count="2" type="stmt"/>
        <line num="247" count="2" type="stmt"/>
        <line num="248" count="2" type="cond" truecount="1" falsecount="1"/>
        <line num="249" count="2" type="stmt"/>
        <line num="257" count="1" type="stmt"/>
        <line num="260" count="2" type="stmt"/>
        <line num="263" count="2" type="stmt"/>
        <line num="264" count="2" type="stmt"/>
        <line num="265" count="2" type="stmt"/>
        <line num="268" count="2" type="stmt"/>
        <line num="269" count="2" type="stmt"/>
        <line num="270" count="2" type="cond" truecount="1" falsecount="1"/>
        <line num="271" count="2" type="stmt"/>
        <line num="277" count="1" type="stmt"/>
        <line num="280" count="2" type="stmt"/>
        <line num="283" count="1" type="stmt"/>
        <line num="287" count="20" type="stmt"/>
        <line num="289" count="1" type="stmt"/>
        <line num="290" count="1" type="stmt"/>
      </file>
      <file name="subscription-status.js" path="C:\Users\stefa\restaurant-ai-mcp\api\subscription-status.js">
        <metrics statements="28" coveredstatements="28" conditionals="14" coveredconditionals="14" methods="1" coveredmethods="1"/>
        <line num="7" count="1" type="stmt"/>
        <line num="8" count="1" type="stmt"/>
        <line num="9" count="1" type="stmt"/>
        <line num="10" count="1" type="stmt"/>
        <line num="12" count="1" type="stmt"/>
        <line num="14" count="9" type="cond" truecount="2" falsecount="0"/>
        <line num="15" count="9" type="stmt"/>
        <line num="16" count="9" type="stmt"/>
        <line num="18" count="9" type="cond" truecount="2" falsecount="0"/>
        <line num="19" count="1" type="stmt"/>
        <line num="22" count="8" type="cond" truecount="2" falsecount="0"/>
        <line num="23" count="1" type="stmt"/>
        <line num="27" count="7" type="stmt"/>
        <line num="28" count="7" type="cond" truecount="2" falsecount="0"/>
        <line num="29" count="2" type="stmt"/>
        <line num="31" count="5" type="stmt"/>
        <line num="33" count="5" type="stmt"/>
        <line num="34" count="5" type="stmt"/>
        <line num="37" count="5" type="stmt"/>
        <line num="39" count="5" type="cond" truecount="2" falsecount="0"/>
        <line num="40" count="1" type="stmt"/>
        <line num="47" count="4" type="stmt"/>
        <line num="49" count="3" type="cond" truecount="2" falsecount="0"/>
        <line num="50" count="1" type="stmt"/>
        <line num="57" count="2" type="stmt"/>
        <line num="60" count="2" type="stmt"/>
        <line num="72" count="1" type="stmt"/>
        <line num="73" count="1" type="stmt"/>
      </file>
      <file name="usage-stats.js" path="C:\Users\stefa\restaurant-ai-mcp\api\usage-stats.js">
        <metrics statements="27" coveredstatements="27" conditionals="24" coveredconditionals="22" methods="1" coveredmethods="1"/>
        <line num="11" count="1" type="stmt"/>
        <line num="12" count="1" type="stmt"/>
        <line num="13" count="1" type="stmt"/>
        <line num="14" count="1" type="stmt"/>
        <line num="15" count="1" type="stmt"/>
        <line num="16" count="1" type="stmt"/>
        <line num="18" count="1" type="stmt"/>
        <line num="19" count="9" type="stmt"/>
        <line num="20" count="9" type="cond" truecount="2" falsecount="0"/>
        <line num="22" count="8" type="cond" truecount="2" falsecount="0"/>
        <line num="23" count="1" type="stmt"/>
        <line num="26" count="7" type="stmt"/>
        <line num="27" count="7" type="cond" truecount="2" falsecount="0"/>
        <line num="29" count="6" type="stmt"/>
        <line num="30" count="6" type="cond" truecount="2" falsecount="0"/>
        <line num="31" count="1" type="cond" truecount="1" falsecount="1"/>
        <line num="34" count="5" type="stmt"/>
        <line num="35" count="5" type="cond" truecount="2" falsecount="0"/>
        <line num="36" count="1" type="stmt"/>
        <line num="39" count="4" type="stmt"/>
        <line num="40" count="4" type="stmt"/>
        <line num="42" count="4" type="cond" truecount="4" falsecount="0"/>
        <line num="46" count="3" type="cond" truecount="2" falsecount="0"/>
        <line num="47" count="1" type="cond" truecount="1" falsecount="1"/>
        <line num="50" count="2" type="stmt"/>
        <line num="57" count="1" type="stmt"/>
        <line num="58" count="1" type="stmt"/>
      </file>
      <file name="waitlist.js" path="C:\Users\stefa\restaurant-ai-mcp\api\waitlist.js">
        <metrics statements="86" coveredstatements="85" conditionals="69" coveredconditionals="56" methods="8" coveredmethods="7"/>
        <line num="6" count="1" type="stmt"/>
        <line num="7" count="1" type="stmt"/>
        <line num="8" count="1" type="stmt"/>
        <line num="9" count="1" type="stmt"/>
        <line num="10" count="1" type="stmt"/>
        <line num="11" count="1" type="stmt"/>
        <line num="12" count="1" type="stmt"/>
        <line num="13" count="1" type="stmt"/>
        <line num="14" count="1" type="stmt"/>
        <line num="15" count="1" type="stmt"/>
        <line num="17" count="1" type="stmt"/>
        <line num="28" count="1" type="stmt"/>
        <line num="29" count="22" type="stmt"/>
        <line num="30" count="22" type="cond" truecount="1" falsecount="1"/>
        <line num="32" count="22" type="stmt"/>
        <line num="33" count="22" type="cond" truecount="1" falsecount="1"/>
        <line num="35" count="22" type="stmt"/>
        <line num="36" count="22" type="cond" truecount="2" falsecount="0"/>
        <line num="37" count="1" type="stmt"/>
        <line num="39" count="21" type="stmt"/>
        <line num="40" count="21" type="stmt"/>
        <line num="42" count="21" type="cond" truecount="2" falsecount="0"/>
        <line num="43" count="1" type="stmt"/>
        <line num="46" count="20" type="stmt"/>
        <line num="48" count="20" type="stmt"/>
        <line num="49" count="20" type="cond" truecount="5" falsecount="0"/>
        <line num="51" count="4" type="stmt"/>
        <line num="53" count="3" type="stmt"/>
        <line num="55" count="9" type="cond" truecount="2" falsecount="0"/>
        <line num="56" count="8" type="stmt"/>
        <line num="58" count="3" type="cond" truecount="2" falsecount="0"/>
        <line num="59" count="2" type="stmt"/>
        <line num="61" count="1" type="stmt"/>
        <line num="64" count="1" type="stmt"/>
        <line num="65" count="1" type="stmt"/>
        <line num="66" count="1" type="stmt"/>
        <line num="71" count="4" type="stmt"/>
        <line num="73" count="4" type="stmt"/>
        <line num="79" count="3" type="cond" truecount="2" falsecount="0"/>
        <line num="80" count="1" type="stmt"/>
        <line num="83" count="2" type="stmt"/>
        <line num="91" count="3" type="stmt"/>
        <line num="93" count="3" type="stmt"/>
        <line num="94" count="3" type="cond" truecount="2" falsecount="0"/>
        <line num="95" count="1" type="stmt"/>
        <line num="98" count="2" type="stmt"/>
        <line num="106" count="2" type="cond" truecount="2" falsecount="0"/>
        <line num="107" count="1" type="stmt"/>
        <line num="110" count="1" type="stmt"/>
        <line num="118" count="8" type="stmt"/>
        <line num="120" count="8" type="cond" truecount="5" falsecount="0"/>
        <line num="121" count="1" type="stmt"/>
        <line num="124" count="7" type="cond" truecount="1" falsecount="1"/>
        <line num="125" count="7" type="stmt"/>
        <line num="126" count="7" type="cond" truecount="2" falsecount="0"/>
        <line num="127" count="1" type="stmt"/>
        <line num="131" count="6" type="stmt"/>
        <line num="132" count="6" type="cond" truecount="1" falsecount="1"/>
        <line num="133" count="6" type="cond" truecount="1" falsecount="1"/>
        <line num="134" count="6" type="cond" truecount="1" falsecount="1"/>
        <line num="136" count="6" type="stmt"/>
        <line num="138" count="6" type="cond" truecount="2" falsecount="0"/>
        <line num="139" count="2" type="cond" truecount="2" falsecount="0"/>
        <line num="145" count="4" type="cond" truecount="3" falsecount="1"/>
        <line num="146" count="4" type="stmt"/>
        <line num="147" count="4" type="cond" truecount="1" falsecount="1"/>
        <line num="148" count="4" type="stmt"/>
        <line num="149" count="0" type="stmt"/>
        <line num="153" count="4" type="stmt"/>
        <line num="161" count="2" type="stmt"/>
        <line num="163" count="2" type="cond" truecount="2" falsecount="0"/>
        <line num="164" count="1" type="stmt"/>
        <line num="167" count="1" type="stmt"/>
        <line num="175" count="2" type="stmt"/>
        <line num="176" count="2" type="cond" truecount="1" falsecount="1"/>
        <line num="177" count="2" type="cond" truecount="1" falsecount="1"/>
        <line num="178" count="2" type="stmt"/>
        <line num="182" count="4" type="cond" truecount="5" falsecount="0"/>
        <line num="183" count="2" type="stmt"/>
        <line num="185" count="2" type="stmt"/>
        <line num="186" count="2" type="stmt"/>
        <line num="187" count="2" type="stmt"/>
        <line num="192" count="1" type="stmt"/>
        <line num="193" count="1" type="stmt"/>
        <line num="195" count="1" type="stmt"/>
        <line num="196" count="1" type="stmt"/>
      </file>
      <file name="whatsapp-settings.js" path="C:\Users\stefa\restaurant-ai-mcp\api\whatsapp-settings.js">
        <metrics statements="77" coveredstatements="77" conditionals="66" coveredconditionals="56" methods="6" coveredmethods="5"/>
        <line num="14" count="1" type="stmt"/>
        <line num="15" count="1" type="stmt"/>
        <line num="16" count="1" type="stmt"/>
        <line num="17" count="1" type="stmt"/>
        <line num="18" count="1" type="stmt"/>
        <line num="19" count="1" type="stmt"/>
        <line num="21" count="1" type="stmt"/>
        <line num="23" count="1" type="stmt"/>
        <line num="25" count="22" type="cond" truecount="2" falsecount="0"/>
        <line num="26" count="22" type="stmt"/>
        <line num="27" count="22" type="stmt"/>
        <line num="29" count="22" type="cond" truecount="2" falsecount="0"/>
        <line num="32" count="21" type="stmt"/>
        <line num="33" count="21" type="cond" truecount="1" falsecount="1"/>
        <line num="36" count="21" type="stmt"/>
        <line num="37" count="21" type="cond" truecount="2" falsecount="0"/>
        <line num="38" count="1" type="stmt"/>
        <line num="41" count="20" type="stmt"/>
        <line num="42" count="20" type="cond" truecount="2" falsecount="0"/>
        <line num="43" count="1" type="stmt"/>
        <line num="46" count="19" type="cond" truecount="1" falsecount="2"/>
        <line num="48" count="19" type="stmt"/>
        <line num="49" count="19" type="cond" truecount="5" falsecount="0"/>
        <line num="51" count="5" type="stmt"/>
        <line num="53" count="1" type="stmt"/>
        <line num="55" count="7" type="stmt"/>
        <line num="57" count="5" type="stmt"/>
        <line num="59" count="1" type="stmt"/>
        <line num="65" count="1" type="stmt"/>
        <line num="66" count="1" type="stmt"/>
        <line num="67" count="1" type="stmt"/>
        <line num="78" count="5" type="stmt"/>
        <line num="85" count="4" type="cond" truecount="4" falsecount="0"/>
        <line num="86" count="1" type="stmt"/>
        <line num="89" count="3" type="cond" truecount="2" falsecount="0"/>
        <line num="90" count="3" type="cond" truecount="1" falsecount="1"/>
        <line num="94" count="3" type="stmt"/>
        <line num="112" count="1" type="stmt"/>
        <line num="120" count="1" type="stmt"/>
        <line num="127" count="1" type="stmt"/>
        <line num="128" count="1" type="stmt"/>
        <line num="129" count="1" type="stmt"/>
        <line num="131" count="1" type="stmt"/>
        <line num="138" count="1" type="cond" truecount="1" falsecount="3"/>
        <line num="140" count="1" type="stmt"/>
        <line num="154" count="7" type="cond" truecount="2" falsecount="0"/>
        <line num="155" count="1" type="stmt"/>
        <line num="158" count="6" type="cond" truecount="1" falsecount="1"/>
        <line num="160" count="6" type="stmt"/>
        <line num="161" count="6" type="cond" truecount="2" falsecount="0"/>
        <line num="162" count="3" type="stmt"/>
        <line num="164" count="6" type="cond" truecount="2" falsecount="0"/>
        <line num="166" count="3" type="stmt"/>
[...]
        <line num="239" count="3" type="cond" truecount="2" falsecount="0"/>
        <line num="240" count="1" type="stmt"/>
        <line num="243" count="3" type="stmt"/>
        <line num="244" count="3" type="cond" truecount="2" falsecount="0"/>
        <line num="245" count="1" type="stmt"/>
        <line num="249" count="3" type="cond" truecount="2" falsecount="0"/>
        <line num="250" count="1" type="stmt"/>
        <line num="251" count="1" type="cond" truecount="1" falsecount="1"/>
        <line num="252" count="1" type="stmt"/>
        <line num="256" count="3" type="stmt"/>
        <line num="269" count="2" type="stmt"/>
        <line num="272" count="2" type="stmt"/>
        <line num="273" count="2" type="cond" truecount="2" falsecount="0"/>
        <line num="274" count="1" type="stmt"/>
        <line num="277" count="2" type="stmt"/>
        <line num="278" count="2" type="cond" truecount="2" falsecount="0"/>
        <line num="279" count="1" type="stmt"/>
        <line num="282" count="2" type="stmt"/>
        <line num="283" count="2" type="cond" truecount="2" falsecount="0"/>
        <line num="284" count="1" type="stmt"/>
        <line num="287" count="2" type="stmt"/>
        <line num="288" count="2" type="cond" truecount="2" falsecount="0"/>
        <line num="289" count="1" type="stmt"/>
        <line num="292" count="2" type="stmt"/>
        <line num="305" count="3" type="stmt"/>
        <line num="308" count="3" type="stmt"/>
        <line num="309" count="3" type="cond" truecount="2" falsecount="0"/>
        <line num="310" count="2" type="stmt"/>
        <line num="313" count="3" type="stmt"/>
        <line num="314" count="3" type="cond" truecount="2" falsecount="0"/>
        <line num="315" count="2" type="stmt"/>
        <line num="318" count="3" type="stmt"/>
        <line num="319" count="3" type="cond" truecount="1" falsecount="1"/>
        <line num="320" count="0" type="stmt"/>
        <line num="323" count="3" type="stmt"/>
        <line num="324" count="3" type="cond" truecount="2" falsecount="0"/>
        <line num="325" count="2" type="stmt"/>
        <line num="328" count="3" type="stmt"/>
        <line num="329" count="3" type="cond" truecount="2" falsecount="0"/>
        <line num="330" count="2" type="stmt"/>
        <line num="333" count="3" type="stmt"/>
        <line num="334" count="3" type="cond" truecount="2" falsecount="0"/>
        <line num="335" count="2" type="stmt"/>
        <line num="338" count="3" type="stmt"/>
        <line num="351" count="9" type="cond" truecount="2" falsecount="0"/>
        <line num="352" count="2" type="stmt"/>
        <line num="355" count="7" type="stmt"/>
        <line num="369" count="8" type="cond" truecount="2" falsecount="0"/>
        <line num="374" count="6" type="stmt"/>
        <line num="376" count="6" type="stmt"/>
        <line num="378" count="6" type="cond" truecount="2" falsecount="0"/>
        <line num="379" count="5" type="stmt"/>
        <line num="382" count="6" type="cond" truecount="2" falsecount="0"/>
        <line num="383" count="1" type="stmt"/>
        <line num="387" count="6" type="stmt"/>
        <line num="396" count="6" type="stmt"/>
        <line num="398" count="6" type="stmt"/>
        <line num="409" count="13" type="cond" truecount="4" falsecount="0"/>
        <line num="410" count="11" type="cond" truecount="2" falsecount="0"/>
        <line num="412" count="9" type="cond" truecount="2" falsecount="0"/>
        <line num="413" count="8" type="stmt"/>
        <line num="415" count="8" type="cond" truecount="2" falsecount="0"/>
        <line num="416" count="2" type="stmt"/>
        <line num="419" count="7" type="stmt"/>
        <line num="420" count="7" type="stmt"/>
        <line num="421" count="9" type="cond" truecount="2" falsecount="0"/>
        <line num="422" count="4" type="stmt"/>
        <line num="423" count="5" type="cond" truecount="4" falsecount="0"/>
        <line num="424" count="2" type="stmt"/>
        <line num="426" count="3" type="stmt"/>
        <line num="430" count="7" type="stmt"/>
        <line num="440" count="6" type="cond" truecount="2" falsecount="0"/>
        <line num="442" count="4" type="stmt"/>
        <line num="449" count="1" type="stmt"/>
      </file>
      <file name="whatsapp-sender.js" path="C:\Users\stefa\restaurant-ai-mcp\api\_lib\whatsapp-sender.js">
        <metrics statements="49" coveredstatements="47" conditionals="27" coveredconditionals="24" methods="5" coveredmethods="5"/>
        <line num="12" count="1" type="stmt"/>
        <line num="13" count="1" type="stmt"/>
        <line num="15" count="1" type="stmt"/>
        <line num="17" count="1" type="stmt"/>
        <line num="24" count="9" type="cond" truecount="2" falsecount="0"/>
        <line num="35" count="9" type="stmt"/>
        <line num="36" count="9" type="stmt"/>
        <line num="38" count="9" type="cond" truecount="4" falsecount="0"/>
        <line num="39" count="1" type="stmt"/>
        <line num="40" count="1" type="stmt"/>
        <line num="43" count="8" type="stmt"/>
        <line num="44" count="8" type="stmt"/>
        <line num="59" count="7" type="stmt"/>
        <line num="61" count="7" type="cond" truecount="2" falsecount="0"/>
        <line num="62" count="2" type="stmt"/>
        <line num="63" count="2" type="cond" truecount="2" falsecount="0"/>
        <line num="66" count="5" type="stmt"/>
        <line num="67" count="5" type="stmt"/>
        <line num="69" count="1" type="stmt"/>
        <line num="70" count="1" type="stmt"/>
        <line num="85" count="5" type="stmt"/>
        <line num="86" count="5" type="stmt"/>
        <line num="88" count="5" type="cond" truecount="4" falsecount="0"/>
        <line num="89" count="1" type="stmt"/>
        <line num="90" count="1" type="stmt"/>
        <line num="93" count="4" type="stmt"/>
        <line num="94" count="4" type="stmt"/>
        <line num="95" count="4" type="cond" truecount="2" falsecount="0"/>
        <line num="96" count="2" type="stmt"/>
        <line num="98" count="4" type="stmt"/>
        <line num="105" count="4" type="stmt"/>
        <line num="117" count="4" type="stmt"/>
        <line num="119" count="4" type="stmt"/>
        <line num="128" count="4" type="stmt"/>
        <line num="130" count="4" type="cond" truecount="2" falsecount="0"/>
        <line num="131" count="1" type="stmt"/>
        <line num="132" count="1" type="cond" truecount="1" falsecount="1"/>
        <line num="135" count="3" type="stmt"/>
        <line num="136" count="3" type="stmt"/>
        <line num="138" count="0" type="stmt"/>
        <line num="139" count="0" type="stmt"/>
        <line num="158" count="5" type="cond" truecount="1" falsecount="0"/>
        <line num="160" count="5" type="cond" truecount="2" falsecount="0"/>
        <line num="161" count="1" type="stmt"/>
        <line num="164" count="4" type="stmt"/>
        <line num="173" count="4" type="cond" truecount="2" falsecount="0"/>
        <line num="174" count="1" type="stmt"/>
        <line num="177" count="3" type="stmt"/>
        <line num="180" count="1" type="stmt"/>
      </file>
      <file name="whatsapp-templates.js" path="C:\Users\stefa\restaurant-ai-mcp\api\_lib\whatsapp-templates.js">
        <metrics statements="40" coveredstatements="40" conditionals="10" coveredconditionals="9" methods="24" coveredmethods="24"/>
        <line num="12" count="1" type="stmt"/>
        <line num="13" count="1" type="stmt"/>
        <line num="19" count="1" type="stmt"/>
        <line num="22" count="6" type="stmt"/>
        <line num="30" count="1" type="stmt"/>
        <line num="38" count="2" type="stmt"/>
        <line num="48" count="1" type="stmt"/>
        <line num="55" count="1" type="stmt"/>
        <line num="62" count="1" type="stmt"/>
        <line num="71" count="1" type="stmt"/>
        <line num="75" count="1" type="stmt"/>
        <line num="79" count="1" type="stmt"/>
        <line num="85" count="1" type="stmt"/>
        <line num="92" count="1" type="stmt"/>
        <line num="99" count="1" type="stmt"/>
        <line num="108" count="2" type="stmt"/>
        <line num="116" count="1" type="stmt"/>
        <line num="124" count="1" type="stmt"/>
        <line num="134" count="1" type="stmt"/>
        <line num="140" count="1" type="stmt"/>
        <line num="146" count="1" type="stmt"/>
        <line num="154" count="1" type="stmt"/>
        <line num="158" count="1" type="stmt"/>
        <line num="162" count="1" type="stmt"/>
        <line num="180" count="31" type="stmt"/>
        <line num="181" count="31" type="cond" truecount="2" falsecount="0"/>
        <line num="182" count="1" type="stmt"/>
        <line num="183" count="1" type="stmt"/>
        <line num="187" count="30" type="cond" truecount="2" falsecount="0"/>
        <line num="188" count="30" type="cond" truecount="2" falsecount="0"/>
        <line num="189" count="30" type="cond" truecount="2" falsecount="0"/>
        <line num="190" count="1" type="stmt"/>
        <line num="191" count="1" type="stmt"/>
        <line num="194" count="29" type="stmt"/>
        <line num="195" count="29" type="stmt"/>
        <line num="197" count="1" type="stmt"/>
        <line num="198" count="1" type="stmt"/>
        <line num="207" count="1" type="stmt"/>
        <line num="216" count="4" type="stmt"/>
        <line num="219" count="1" type="stmt"/>
      </file>
    </package>
    <package name="api.onboarding">
      <metrics statements="180" coveredstatements="156" conditionals="179" coveredconditionals="135" methods="9" coveredmethods="8"/>
      <file name="complete.js" path="C:\Users\stefa\restaurant-ai-mcp\api\onboarding\complete.js">
        <metrics statements="180" coveredstatements="156" conditionals="179" coveredconditionals="135" methods="9" coveredmethods="8"/>
        <line num="13" count="1" type="stmt"/>
        <line num="14" count="1" type="stmt"/>
        <line num="15" count="1" type="stmt"/>
        <line num="16" count="1" type="stmt"/>
        <line num="17" count="1" type="stmt"/>
        <line num="18" count="1" type="stmt"/>
        <line num="29" count="18" type="stmt"/>
        <line num="47" count="18" type="stmt"/>
        <line num="50" count="18" type="stmt"/>
        <line num="57" count="18" type="cond" truecount="3" falsecount="1"/>
        <line num="58" count="0" type="stmt"/>
        <line num="62" count="18" type="stmt"/>
        <line num="63" count="18" type="stmt"/>
        <line num="66" count="18" type="stmt"/>
        <line num="73" count="18" type="cond" truecount="3" falsecount="1"/>
        <line num="74" count="0" type="stmt"/>
        <line num="78" count="18" type="stmt"/>
        <line num="81" count="1" type="stmt"/>
        <line num="83" count="22" type="cond" truecount="1" falsecount="1"/>
        <line num="84" count="22" type="stmt"/>
        <line num="85" count="22" type="stmt"/>
        <line num="88" count="22" type="cond" truecount="2" falsecount="0"/>
        <line num="89" count="1" type="stmt"/>
        <line num="92" count="21" type="cond" truecount="2" falsecount="0"/>
        <line num="93" count="1" type="stmt"/>
        <line num="97" count="20" type="stmt"/>
        <line num="98" count="20" type="cond" truecount="2" falsecount="0"/>
        <line num="99" count="1" type="stmt"/>
        <line num="102" count="19" type="stmt"/>
        <line num="127" count="19" type="stmt"/>
        <line num="130" count="19" type="cond" truecount="6" falsecount="0"/>
        <line num="131" count="1" type="stmt"/>
        <line num="137" count="18" type="stmt"/>
        <line num="138" count="18" type="stmt"/>
        <line num="141" count="18" type="cond" truecount="2" falsecount="0"/>
        <line num="144" count="18" type="stmt"/>
        <line num="145" count="18" type="cond" truecount="1" falsecount="1"/>
        <line num="149" count="18" type="cond" truecount="4" falsecount="0"/>
        <line num="150" count="1" type="stmt"/>
        <line num="154" count="18" type="stmt"/>
        <line num="157" count="18" type="stmt"/>
        <line num="188" count="18" type="stmt"/>
        <line num="196" count="18" type="cond" truecount="1" falsecount="1"/>
        <line num="198" count="18" type="stmt"/>
        <line num="206" count="18" type="cond" truecount="1" falsecount="1"/>
        <line num="207" count="18" type="stmt"/>
        <line num="208" count="18" type="stmt"/>
        <line num="211" count="0" type="stmt"/>
        <line num="218" count="0" type="cond" truecount="0" falsecount="2"/>
        <line num="219" count="0" type="stmt"/>
        <line num="220" count="0" type="stmt"/>
        <line num="224" count="18" type="stmt"/>
        <line num="227" count="18" type="stmt"/>
        <line num="232" count="18" type="cond" truecount="1" falsecount="1"/>
        <line num="233" count="0" type="stmt"/>
        <line num="235" count="18" type="stmt"/>
        <line num="239" count="18" type="stmt"/>
        <line num="240" count="18" type="stmt"/>
        <line num="242" count="18" type="cond" truecount="1" falsecount="1"/>
        <line num="243" count="17" type="cond" truecount="1" falsecount="1"/>
        <line num="244" count="17" type="stmt"/>
        <line num="245" count="48" type="stmt"/>
        <line num="258" count="48" type="stmt"/>
        <line num="263" count="18" type="cond" truecount="2" falsecount="0"/>
        <line num="264" count="16" type="stmt"/>
        <line num="269" count="16" type="cond" truecount="1" falsecount="1"/>
        <line num="270" count="16" type="stmt"/>
        <line num="272" count="2" type="stmt"/>
        <line num="276" count="18" type="stmt"/>
        <line num="280" count="18" type="stmt"/>
        <line num="282" count="18" type="stmt"/>
        <line num="284" count="17" type="cond" truecount="2" falsecount="0"/>
        <line num="285" count="1" type="stmt"/>
        <line num="288" count="17" type="stmt"/>
        <line num="290" count="17" type="cond" truecount="2" falsecount="0"/>
        <line num="291" count="1" type="stmt"/>
        <line num="292" count="1" type="stmt"/>
        <line num="295" count="16" type="stmt"/>
        <line num="304" count="16" type="cond" truecount="2" falsecount="0"/>
        <line num="305" count="1" type="stmt"/>
        <line num="308" count="15" type="stmt"/>
        <line num="309" count="15" type="stmt"/>
        <line num="313" count="1" type="stmt"/>
        <line num="317" count="18" type="stmt"/>
        <line num="323" count="18" type="stmt"/>
        <line num="324" count="18" type="stmt"/>
        <line num="325" count="17" type="stmt"/>
        <line num="326" count="17" type="stmt"/>
        <line num="327" count="17" type="stmt"/>
        <line num="328" count="48" type="stmt"/>
        <line num="332" count="48" type="stmt"/>
        <line num="338" count="18" type="stmt"/>
        <line num="350" count="18" type="cond" truecount="2" falsecount="0"/>
        <line num="353" count="18" type="stmt"/>
        <line num="372" count="18" type="stmt"/>
        <line num="391" count="18" type="stmt"/>
        <line num="410" count="18" type="cond" truecount="2" falsecount="0"/>
        <line num="411" count="18" type="cond" truecount="1" falsecount="1"/>
        <line num="412" count="18" type="cond" truecount="1" falsecount="1"/>
        <line num="413" count="18" type="cond" truecount="1" falsecount="1"/>
        <line num="416" count="18" type="stmt"/>
        <line num="417" count="18" type="stmt"/>
        <line num="418" count="18" type="stmt"/>
        <line num="421" count="18" type="stmt"/>
        <line num="432" count="18" type="stmt"/>
        <line num="437" count="18" type="stmt"/>
        <line num="453" count="0" type="cond" truecount="2" falsecount="0"/>
        <line num="476" count="18" type="cond" truecount="2" falsecount="0"/>
        <line num="477" count="16" type="stmt"/>
        <line num="481" count="18" type="stmt"/>
        <line num="483" count="18" type="cond" truecount="2" falsecount="0"/>
        <line num="484" count="16" type="stmt"/>
        <line num="491" count="16" type="cond" truecount="1" falsecount="1"/>
        <line num="493" count="16" type="stmt"/>
        <line num="501" count="16" type="cond" truecount="1" falsecount="1"/>
        <line num="502" count="16" type="stmt"/>
        <line num="503" count="16" type="stmt"/>
        <line num="506" count="0" type="stmt"/>
        <line num="513" count="0" type="cond" truecount="0" falsecount="2"/>
        <line num="514" count="0" type="stmt"/>
        <line num="515" count="0" type="stmt"/>
        <line num="519" count="2" type="stmt"/>
        <line num="523" count="18" type="cond" truecount="3" falsecount="1"/>
        <line num="524" count="0" type="stmt"/>
        <line num="525" count="0" type="stmt"/>
        <line num="530" count="0" type="cond" truecount="0" falsecount="2"/>
        <line num="531" count="0" type="stmt"/>
        <line num="533" count="0" type="stmt"/>
        <line num="537" count="0" type="stmt"/>
        <line num="539" count="0" type="stmt"/>
        <line num="544" count="18" type="stmt"/>
        <line num="545" count="18" type="stmt"/>
        <line num="554" count="18" type="stmt"/>
        <line num="555" count="18" type="cond" truecount="1" falsecount="1"/>
        <line num="556" count="18" type="stmt"/>
        <line num="557" count="18" type="stmt"/>
        <line num="558" count="18" type="stmt"/>
        <line num="566" count="18" type="stmt"/>
        <line num="567" count="18" type="stmt"/>
        <line num="568" count="18" type="cond" truecount="1" falsecount="1"/>
        <line num="570" count="18" type="stmt"/>
        <line num="587" count="17" type="stmt"/>
        <line num="589" count="17" type="cond" truecount="2" falsecount="0"/>
        <line num="590" count="1" type="stmt"/>
        <line num="591" count="1" type="stmt"/>
        <line num="594" count="1" type="cond" truecount="1" falsecount="1"/>
        <line num="595" count="1" type="stmt"/>
        <line num="607" count="1" type="cond" truecount="1" falsecount="1"/>
        <line num="608" count="1" type="stmt"/>
        <line num="617" count="1" type="stmt"/>
        <line num="620" count="1" type="stmt"/>
        <line num="621" count="1" type="stmt"/>
        <line num="623" count="16" type="stmt"/>
        <line num="624" count="16" type="stmt"/>
        <line num="631" count="1" type="stmt"/>
        <line num="635" count="1" type="stmt"/>
        <line num="639" count="18" type="stmt"/>
        <line num="641" count="18" type="cond" truecount="6" falsecount="0"/>
        <line num="643" count="18" type="stmt"/>
        <line num="644" count="18" type="stmt"/>
        <line num="645" count="18" type="stmt"/>
        <line num="646" count="18" type="cond" truecount="2" falsecount="0"/>
        <line num="648" count="18" type="cond" truecount="4" falsecount="2"/>
        <line num="650" count="13" type="stmt"/>
        <line num="651" count="13" type="stmt"/>
        <line num="667" count="13" type="cond" truecount="1" falsecount="1"/>
        <line num="668" count="0" type="stmt"/>
        <line num="670" count="13" type="stmt"/>
        <line num="671" count="13" type="stmt"/>
        <line num="675" count="5" type="stmt"/>
        <line num="676" count="5" type="stmt"/>
        <line num="693" count="5" type="cond" truecount="1" falsecount="1"/>
        <line num="694" count="0" type="stmt"/>
        <line num="696" count="5" type="stmt"/>
        <line num="697" count="5" type="stmt"/>
        <line num="701" count="0" type="stmt"/>
        <line num="704" count="18" type="stmt"/>
        <line num="706" count="18" type="stmt"/>
        <line num="722" count="0" type="stmt"/>
        <line num="723" count="0" type="stmt"/>
      </file>
    </package>
  </project>
</coverage>
