{"C:\\Users\\stefa\\restaurant-ai-mcp\\api\\analytics.js": {"path":"C:\\Users\\stefa\\restaurant-ai-mcp\\api\\analytics.js","statementMap":{"0":{"start":{"line":5,"column":4},"end":{"line":5,"column":30}},"1":{"start":{"line":7,"column":23},"end":{"line":7,"column":45}},"2":{"start":{"line":8,"column":46},"end":{"line":8,"column":87}},"3":{"start":{"line":9,"column":35},"end":{"line":9,"column":63}},"4":{"start":{"line":10,"column":31},"end":{"line":10,"column":62}},"5":{"start":{"line":11,"column":15},"end":{"line":11,"column":46}},"6":{"start":{"line":14,"column":2},"end":{"line":25,"column":3}},"7":{"start":{"line":15,"column":28},"end":{"line":18,"column":40}},"8":{"start":{"line":20,"column":4},"end":{"line":20,"column":27}},"9":{"start":{"line":20,"column":15},"end":{"line":20,"column":27}},"10":{"start":{"line":21,"column":4},"end":{"line":21,"column":47}},"11":{"start":{"line":23,"column":4},"end":{"line":23,"column":64}},"12":{"start":{"line":24,"column":4},"end":{"line":24,"column":52}},"13":{"start":{"line":29,"column":2},"end":{"line":40,"column":3}},"14":{"start":{"line":30,"column":28},"end":{"line":33,"column":40}},"15":{"start":{"line":35,"column":4},"end":{"line":35,"column":27}},"16":{"start":{"line":35,"column":15},"end":{"line":35,"column":27}},"17":{"start":{"line":36,"column":4},"end":{"line":36,"column":47}},"18":{"start":{"line":38,"column":4},"end":{"line":38,"column":67}},"19":{"start":{"line":39,"column":4},"end":{"line":39,"column":52}},"20":{"start":{"line":44,"column":18},"end":{"line":49,"column":4}},"21":{"start":{"line":51,"column":29},"end":{"line":51,"column":39}},"22":{"start":{"line":52,"column":31},"end":{"line":52,"column":41}},"23":{"start":{"line":53,"column":23},"end":{"line":53,"column":33}},"24":{"start":{"line":54,"column":30},"end":{"line":54,"column":40}},"25":{"start":{"line":56,"column":2},"end":{"line":58,"column":3}},"26":{"start":{"line":57,"column":4},"end":{"line":57,"column":71}},"27":{"start":{"line":60,"column":23},"end":{"line":60,"column":46}},"28":{"start":{"line":61,"column":25},"end":{"line":61,"column":50}},"29":{"start":{"line":62,"column":17},"end":{"line":62,"column":42}},"30":{"start":{"line":63,"column":24},"end":{"line":63,"column":65}},"31":{"start":{"line":65,"column":14},"end":{"line":65,"column":24}},"32":{"start":{"line":66,"column":21},"end":{"line":66,"column":70}},"33":{"start":{"line":67,"column":22},"end":{"line":67,"column":80}},"34":{"start":{"line":69,"column":29},"end":{"line":72,"column":4}},"35":{"start":{"line":70,"column":20},"end":{"line":70,"column":52}},"36":{"start":{"line":71,"column":4},"end":{"line":71,"column":34}},"37":{"start":{"line":74,"column":34},"end":{"line":76,"column":3}},"38":{"start":{"line":75,"column":4},"end":{"line":75,"column":45}},"39":{"start":{"line":78,"column":28},"end":{"line":78,"column":53}},"40":{"start":{"line":79,"column":33},"end":{"line":79,"column":63}},"41":{"start":{"line":80,"column":24},"end":{"line":80,"column":78}},"42":{"start":{"line":80,"column":54},"end":{"line":80,"column":74}},"43":{"start":{"line":81,"column":27},"end":{"line":81,"column":90}},"44":{"start":{"line":81,"column":64},"end":{"line":81,"column":86}},"45":{"start":{"line":83,"column":21},"end":{"line":83,"column":22}},"46":{"start":{"line":84,"column":2},"end":{"line":87,"column":3}},"47":{"start":{"line":85,"column":18},"end":{"line":85,"column":85}},"48":{"start":{"line":85,"column":56},"end":{"line":85,"column":81}},"49":{"start":{"line":86,"column":4},"end":{"line":86,"column":53}},"50":{"start":{"line":89,"column":27},"end":{"line":95,"column":6}},"51":{"start":{"line":90,"column":17},"end":{"line":90,"column":45}},"52":{"start":{"line":92,"column":23},"end":{"line":92,"column":44}},"53":{"start":{"line":93,"column":25},"end":{"line":93,"column":48}},"54":{"start":{"line":94,"column":6},"end":{"line":94,"column":45}},"55":{"start":{"line":97,"column":25},"end":{"line":99,"column":8}},"56":{"start":{"line":98,"column":42},"end":{"line":98,"column":49}},"57":{"start":{"line":101,"column":23},"end":{"line":101,"column":25}},"58":{"start":{"line":102,"column":2},"end":{"line":105,"column":5}},"59":{"start":{"line":103,"column":19},"end":{"line":103,"column":40}},"60":{"start":{"line":104,"column":4},"end":{"line":104,"column":59}},"61":{"start":{"line":107,"column":26},"end":{"line":107,"column":28}},"62":{"start":{"line":108,"column":2},"end":{"line":113,"column":5}},"63":{"start":{"line":109,"column":17},"end":{"line":109,"column":33}},"64":{"start":{"line":110,"column":17},"end":{"line":110,"column":95}},"65":{"start":{"line":111,"column":20},"end":{"line":111,"column":39}},"66":{"start":{"line":112,"column":4},"end":{"line":112,"column":67}},"67":{"start":{"line":115,"column":25},"end":{"line":115,"column":27}},"68":{"start":{"line":116,"column":2},"end":{"line":125,"column":5}},"69":{"start":{"line":117,"column":17},"end":{"line":117,"column":29}},"70":{"start":{"line":118,"column":17},"end":{"line":118,"column":50}},"71":{"start":{"line":119,"column":15},"end":{"line":119,"column":22}},"72":{"start":{"line":120,"column":4},"end":{"line":123,"column":53}},"73":{"start":{"line":120,"column":33},"end":{"line":120,"column":59}},"74":{"start":{"line":121,"column":9},"end":{"line":123,"column":53}},"75":{"start":{"line":121,"column":38},"end":{"line":121,"column":70}},"76":{"start":{"line":122,"column":9},"end":{"line":123,"column":53}},"77":{"start":{"line":122,"column":38},"end":{"line":122,"column":71}},"78":{"start":{"line":123,"column":9},"end":{"line":123,"column":53}},"79":{"start":{"line":123,"column":25},"end":{"line":123,"column":53}},"80":{"start":{"line":124,"column":4},"end":{"line":124,"column":59}},"81":{"start":{"line":127,"column":27},"end":{"line":143,"column":4}},"82":{"start":{"line":128,"column":22},"end":{"line":132,"column":13}},"83":{"start":{"line":129,"column":23},"end":{"line":129,"column":40}},"84":{"start":{"line":130,"column":25},"end":{"line":130,"column":76}},"85":{"start":{"line":131,"column":6},"end":{"line":131,"column":64}},"86":{"start":{"line":134,"column":17},"end":{"line":134,"column":103}},"87":{"start":{"line":136,"column":4},"end":{"line":142,"column":6}},"88":{"start":{"line":145,"column":20},"end":{"line":145,"column":22}},"89":{"start":{"line":146,"column":2},"end":{"line":156,"column":3}},"90":{"start":{"line":146,"column":15},"end":{"line":146,"column":16}},"91":{"start":{"line":147,"column":17},"end":{"line":147,"column":30}},"92":{"start":{"line":148,"column":4},"end":{"line":148,"column":43}},"93":{"start":{"line":149,"column":17},"end":{"line":149,"column":66}},"94":{"start":{"line":150,"column":4},"end":{"line":155,"column":7}},"95":{"start":{"line":158,"column":2},"end":{"line":162,"column":5}},"96":{"start":{"line":159,"column":20},"end":{"line":159,"column":64}},"97":{"start":{"line":160,"column":19},"end":{"line":160,"column":58}},"98":{"start":{"line":160,"column":39},"end":{"line":160,"column":57}},"99":{"start":{"line":161,"column":4},"end":{"line":161,"column":38}},"100":{"start":{"line":161,"column":16},"end":{"line":161,"column":38}},"101":{"start":{"line":164,"column":2},"end":{"line":169,"column":5}},"102":{"start":{"line":165,"column":4},"end":{"line":165,"column":31}},"103":{"start":{"line":165,"column":24},"end":{"line":165,"column":31}},"104":{"start":{"line":166,"column":20},"end":{"line":166,"column":71}},"105":{"start":{"line":167,"column":19},"end":{"line":167,"column":58}},"106":{"start":{"line":167,"column":39},"end":{"line":167,"column":57}},"107":{"start":{"line":168,"column":4},"end":{"line":168,"column":44}},"108":{"start":{"line":168,"column":16},"end":{"line":168,"column":44}},"109":{"start":{"line":171,"column":2},"end":{"line":189,"column":4}},"110":{"start":{"line":186,"column":57},"end":{"line":186,"column":84}},"111":{"start":{"line":192,"column":0},"end":{"line":238,"column":2}},"112":{"start":{"line":193,"column":2},"end":{"line":193,"column":52}},"113":{"start":{"line":194,"column":2},"end":{"line":194,"column":64}},"114":{"start":{"line":195,"column":2},"end":{"line":195,"column":97}},"115":{"start":{"line":197,"column":2},"end":{"line":199,"column":3}},"116":{"start":{"line":198,"column":4},"end":{"line":198,"column":51}},"117":{"start":{"line":201,"column":2},"end":{"line":203,"column":3}},"118":{"start":{"line":202,"column":4},"end":{"line":202,"column":81}},"119":{"start":{"line":206,"column":22},"end":{"line":206,"column":67}},"120":{"start":{"line":207,"column":2},"end":{"line":207,"column":26}},"121":{"start":{"line":207,"column":19},"end":{"line":207,"column":26}},"122":{"start":{"line":210,"column":21},"end":{"line":210,"column":62}},"123":{"start":{"line":211,"column":2},"end":{"line":216,"column":3}},"124":{"start":{"line":212,"column":4},"end":{"line":215,"column":7}},"125":{"start":{"line":217,"column":2},"end":{"line":217,"column":29}},"126":{"start":{"line":220,"column":28},"end":{"line":220,"column":33}},"127":{"start":{"line":221,"column":2},"end":{"line":221,"column":75}},"128":{"start":{"line":221,"column":44},"end":{"line":221,"column":71}},"129":{"start":{"line":222,"column":2},"end":{"line":222,"column":35}},"130":{"start":{"line":222,"column":28},"end":{"line":222,"column":35}},"131":{"start":{"line":225,"column":23},"end":{"line":225,"column":28}},"132":{"start":{"line":226,"column":2},"end":{"line":226,"column":83}},"133":{"start":{"line":226,"column":57},"end":{"line":226,"column":79}},"134":{"start":{"line":227,"column":2},"end":{"line":227,"column":30}},"135":{"start":{"line":227,"column":23},"end":{"line":227,"column":30}},"136":{"start":{"line":229,"column":2},"end":{"line":237,"column":3}},"137":{"start":{"line":230,"column":25},"end":{"line":230,"column":47}},"138":{"start":{"line":231,"column":19},"end":{"line":231,"column":44}},"139":{"start":{"line":232,"column":19},"end":{"line":232,"column":65}},"140":{"start":{"line":233,"column":4},"end":{"line":233,"column":40}},"141":{"start":{"line":235,"column":4},"end":{"line":235,"column":44}},"142":{"start":{"line":236,"column":4},"end":{"line":236,"column":92}}},"fnMap":{"0":{"name":"getReservationRows","decl":{"start":{"line":13,"column":15},"end":{"line":13,"column":33}},"loc":{"start":{"line":13,"column":48},"end":{"line":26,"column":1}},"line":13},"1":{"name":"getServiceRecordRows","decl":{"start":{"line":28,"column":15},"end":{"line":28,"column":35}},"loc":{"start":{"line":28,"column":50},"end":{"line":41,"column":1}},"line":28},"2":{"name":"calculateAnalytics","decl":{"start":{"line":43,"column":15},"end":{"line":43,"column":33}},"loc":{"start":{"line":43,"column":64},"end":{"line":190,"column":1}},"line":43},"3":{"name":"(anonymous_3)","decl":{"start":{"line":69,"column":49},"end":{"line":69,"column":50}},"loc":{"start":{"line":69,"column":54},"end":{"line":72,"column":3}},"line":69},"4":{"name":"(anonymous_4)","decl":{"start":{"line":74,"column":56},"end":{"line":74,"column":57}},"loc":{"start":{"line":75,"column":4},"end":{"line":75,"column":45}},"line":75},"5":{"name":"(anonymous_5)","decl":{"start":{"line":80,"column":38},"end":{"line":80,"column":39}},"loc":{"start":{"line":80,"column":54},"end":{"line":80,"column":74}},"line":80},"6":{"name":"(anonymous_6)","decl":{"start":{"line":81,"column":48},"end":{"line":81,"column":49}},"loc":{"start":{"line":81,"column":64},"end":{"line":81,"column":86}},"line":81},"7":{"name":"(anonymous_7)","decl":{"start":{"line":85,"column":44},"end":{"line":85,"column":45}},"loc":{"start":{"line":85,"column":56},"end":{"line":85,"column":81}},"line":85},"8":{"name":"(anonymous_8)","decl":{"start":{"line":90,"column":12},"end":{"line":90,"column":13}},"loc":{"start":{"line":90,"column":17},"end":{"line":90,"column":45}},"line":90},"9":{"name":"(anonymous_9)","decl":{"start":{"line":91,"column":9},"end":{"line":91,"column":10}},"loc":{"start":{"line":91,"column":14},"end":{"line":95,"column":5}},"line":91},"10":{"name":"(anonymous_10)","decl":{"start":{"line":98,"column":30},"end":{"line":98,"column":31}},"loc":{"start":{"line":98,"column":42},"end":{"line":98,"column":49}},"line":98},"11":{"name":"(anonymous_11)","decl":{"start":{"line":102,"column":29},"end":{"line":102,"column":30}},"loc":{"start":{"line":102,"column":34},"end":{"line":105,"column":3}},"line":102},"12":{"name":"(anonymous_12)","decl":{"start":{"line":108,"column":29},"end":{"line":108,"column":30}},"loc":{"start":{"line":108,"column":34},"end":{"line":113,"column":3}},"line":108},"13":{"name":"(anonymous_13)","decl":{"start":{"line":116,"column":29},"end":{"line":116,"column":30}},"loc":{"start":{"line":116,"column":34},"end":{"line":125,"column":3}},"line":116},"14":{"name":"(anonymous_14)","decl":{"start":{"line":127,"column":38},"end":{"line":127,"column":39}},"loc":{"start":{"line":127,"column":47},"end":{"line":143,"column":3}},"line":127},"15":{"name":"(anonymous_15)","decl":{"start":{"line":128,"column":53},"end":{"line":128,"column":54}},"loc":{"start":{"line":128,"column":58},"end":{"line":132,"column":5}},"line":128},"16":{"name":"(anonymous_16)","decl":{"start":{"line":158,"column":29},"end":{"line":158,"column":30}},"loc":{"start":{"line":158,"column":34},"end":{"line":162,"column":3}},"line":158},"17":{"name":"(anonymous_17)","decl":{"start":{"line":160,"column":34},"end":{"line":160,"column":35}},"loc":{"start":{"line":160,"column":39},"end":{"line":160,"column":57}},"line":160},"18":{"name":"(anonymous_18)","decl":{"start":{"line":164,"column":34},"end":{"line":164,"column":35}},"loc":{"start":{"line":164,"column":39},"end":{"line":169,"column":3}},"line":164},"19":{"name":"(anonymous_19)","decl":{"start":{"line":167,"column":34},"end":{"line":167,"column":35}},"loc":{"start":{"line":167,"column":39},"end":{"line":167,"column":57}},"line":167},"20":{"name":"(anonymous_20)","decl":{"start":{"line":186,"column":47},"end":{"line":186,"column":48}},"loc":{"start":{"line":186,"column":57},"end":{"line":186,"column":84}},"line":186},"21":{"name":"(anonymous_21)","decl":{"start":{"line":192,"column":17},"end":{"line":192,"column":18}},"loc":{"start":{"line":192,"column":37},"end":{"line":238,"column":1}},"line":192},"22":{"name":"(anonymous_22)","decl":{"start":{"line":221,"column":36},"end":{"line":221,"column":37}},"loc":{"start":{"line":221,"column":42},"end":{"line":221,"column":73}},"line":221},"23":{"name":"(anonymous_23)","decl":{"start":{"line":226,"column":49},"end":{"line":226,"column":50}},"loc":{"start":{"line":226,"column":55},"end":{"line":226,"column":81}},"line":226}},"branchMap":{"0":{"loc":{"start":{"line":20,"column":4},"end":{"line":20,"column":27}},"type":"if","locations":[{"start":{"line":20,"column":4},"end":{"line":20,"column":27}},{"start":{},"end":{}}],"line":20},"1":{"loc":{"start":{"line":21,"column":34},"end":{"line":21,"column":44}},"type":"binary-expr","locations":[{"start":{"line":21,"column":34},"end":{"line":21,"column":38}},{"start":{"line":21,"column":42},"end":{"line":21,"column":44}}],"line":21},"2":{"loc":{"start":{"line":35,"column":4},"end":{"line":35,"column":27}},"type":"if","locations":[{"start":{"line":35,"column":4},"end":{"line":35,"column":27}},{"start":{},"end":{}}],"line":35},"3":{"loc":{"start":{"line":36,"column":34},"end":{"line":36,"column":44}},"type":"binary-expr","locations":[{"start":{"line":36,"column":34},"end":{"line":36,"column":38}},{"start":{"line":36,"column":42},"end":{"line":36,"column":44}}],"line":36},"4":{"loc":{"start":{"line":43,"column":48},"end":{"line":43,"column":62}},"type":"default-arg","locations":[{"start":{"line":43,"column":57},"end":{"line":43,"column":62}}],"line":43},"5":{"loc":{"start":{"line":56,"column":2},"end":{"line":58,"column":3}},"type":"if","locations":[{"start":{"line":56,"column":2},"end":{"line":58,"column":3}},{"start":{},"end":{}}],"line":56},"6":{"loc":{"start":{"line":56,"column":6},"end":{"line":56,"column":91}},"type":"binary-expr","locations":[{"start":{"line":56,"column":6},"end":{"line":56,"column":33}},{"start":{"line":56,"column":37},"end":{"line":56,"column":66}},{"start":{"line":56,"column":70},"end":{"line":56,"column":91}}],"line":56},"7":{"loc":{"start":{"line":62,"column":17},"end":{"line":62,"column":42}},"type":"binary-expr","locations":[{"start":{"line":62,"column":17},"end":{"line":62,"column":36}},{"start":{"line":62,"column":40},"end":{"line":62,"column":42}}],"line":62},"8":{"loc":{"start":{"line":63,"column":24},"end":{"line":63,"column":65}},"type":"binary-expr","locations":[{"start":{"line":63,"column":24},"end":{"line":63,"column":59}},{"start":{"line":63,"column":63},"end":{"line":63,"column":65}}],"line":63},"9":{"loc":{"start":{"line":66,"column":21},"end":{"line":66,"column":70}},"type":"cond-expr","locations":[{"start":{"line":66,"column":42},"end":{"line":66,"column":43}},{"start":{"line":66,"column":46},"end":{"line":66,"column":70}}],"line":66},"10":{"loc":{"start":{"line":66,"column":46},"end":{"line":66,"column":70}},"type":"cond-expr","locations":[{"start":{"line":66,"column":64},"end":{"line":66,"column":65}},{"start":{"line":66,"column":68},"end":{"line":66,"column":70}}],"line":66},"11":{"loc":{"start":{"line":70,"column":29},"end":{"line":70,"column":51}},"type":"binary-expr","locations":[{"start":{"line":70,"column":29},"end":{"line":70,"column":35}},{"start":{"line":70,"column":39},"end":{"line":70,"column":51}}],"line":70},"12":{"loc":{"start":{"line":75,"column":4},"end":{"line":75,"column":45}},"type":"binary-expr","locations":[{"start":{"line":75,"column":4},"end":{"line":75,"column":28}},{"start":{"line":75,"column":32},"end":{"line":75,"column":45}}],"line":75},"13":{"loc":{"start":{"line":84,"column":2},"end":{"line":87,"column":3}},"type":"if","locations":[{"start":{"line":84,"column":2},"end":{"line":87,"column":3}},{"start":{},"end":{}}],"line":84},"14":{"loc":{"start":{"line":85,"column":63},"end":{"line":85,"column":80}},"type":"binary-expr","locations":[{"start":{"line":85,"column":63},"end":{"line":85,"column":75}},{"start":{"line":85,"column":79},"end":{"line":85,"column":80}}],"line":85},"15":{"loc":{"start":{"line":90,"column":17},"end":{"line":90,"column":45}},"type":"binary-expr","locations":[{"start":{"line":90,"column":17},"end":{"line":90,"column":28}},{"start":{"line":90,"column":32},"end":{"line":90,"column":45}}],"line":90},"16":{"loc":{"start":{"line":97,"column":25},"end":{"line":99,"column":8}},"type":"cond-expr","locations":[{"start":{"line":98,"column":6},"end":{"line":98,"column":79}},{"start":{"line":99,"column":6},"end":{"line":99,"column":8}}],"line":97},"17":{"loc":{"start":{"line":103,"column":19},"end":{"line":103,"column":40}},"type":"binary-expr","locations":[{"start":{"line":103,"column":19},"end":{"line":103,"column":27}},{"start":{"line":103,"column":31},"end":{"line":103,"column":40}}],"line":103},"18":{"loc":{"start":{"line":104,"column":28},"end":{"line":104,"column":53}},"type":"binary-expr","locations":[{"start":{"line":104,"column":28},"end":{"line":104,"column":48}},{"start":{"line":104,"column":52},"end":{"line":104,"column":53}}],"line":104},"19":{"loc":{"start":{"line":112,"column":32},"end":{"line":112,"column":61}},"type":"binary-expr","locations":[{"start":{"line":112,"column":32},"end":{"line":112,"column":56}},{"start":{"line":112,"column":60},"end":{"line":112,"column":61}}],"line":112},"20":{"loc":{"start":{"line":117,"column":17},"end":{"line":117,"column":29}},"type":"binary-expr","locations":[{"start":{"line":117,"column":17},"end":{"line":117,"column":23}},{"start":{"line":117,"column":27},"end":{"line":117,"column":29}}],"line":117},"21":{"loc":{"start":{"line":118,"column":17},"end":{"line":118,"column":50}},"type":"binary-expr","locations":[{"start":{"line":118,"column":17},"end":{"line":118,"column":45}},{"start":{"line":118,"column":49},"end":{"line":118,"column":50}}],"line":118},"22":{"loc":{"start":{"line":120,"column":4},"end":{"line":123,"column":53}},"type":"if","locations":[{"start":{"line":120,"column":4},"end":{"line":123,"column":53}},{"start":{"line":121,"column":9},"end":{"line":123,"column":53}}],"line":120},"23":{"loc":{"start":{"line":120,"column":8},"end":{"line":120,"column":31}},"type":"binary-expr","locations":[{"start":{"line":120,"column":8},"end":{"line":120,"column":18}},{"start":{"line":120,"column":22},"end":{"line":120,"column":31}}],"line":120},"24":{"loc":{"start":{"line":121,"column":9},"end":{"line":123,"column":53}},"type":"if","locations":[{"start":{"line":121,"column":9},"end":{"line":123,"column":53}},{"start":{"line":122,"column":9},"end":{"line":123,"column":53}}],"line":121},"25":{"loc":{"start":{"line":121,"column":13},"end":{"line":121,"column":36}},"type":"binary-expr","locations":[{"start":{"line":121,"column":13},"end":{"line":121,"column":23}},{"start":{"line":121,"column":27},"end":{"line":121,"column":36}}],"line":121},"26":{"loc":{"start":{"line":122,"column":9},"end":{"line":123,"column":53}},"type":"if","locations":[{"start":{"line":122,"column":9},"end":{"line":123,"column":53}},{"start":{"line":123,"column":9},"end":{"line":123,"column":53}}],"line":122},"27":{"loc":{"start":{"line":122,"column":13},"end":{"line":122,"column":36}},"type":"binary-expr","locations":[{"start":{"line":122,"column":13},"end":{"line":122,"column":23}},{"start":{"line":122,"column":27},"end":{"line":122,"column":36}}],"line":122},"28":{"loc":{"start":{"line":123,"column":9},"end":{"line":123,"column":53}},"type":"if","locations":[{"start":{"line":123,"column":9},"end":{"line":123,"column":53}},{"start":{},"end":{}}],"line":123},"29":{"loc":{"start":{"line":124,"column":28},"end":{"line":124,"column":53}},"type":"binary-expr","locations":[{"start":{"line":124,"column":28},"end":{"line":124,"column":48}},{"start":{"line":124,"column":52},"end":{"line":124,"column":53}}],"line":124},"30":{"loc":{"start":{"line":129,"column":23},"end":{"line":129,"column":40}},"type":"binary-expr","locations":[{"start":{"line":129,"column":23},"end":{"line":129,"column":34}},{"start":{"line":129,"column":38},"end":{"line":129,"column":40}}],"line":129},"31":{"loc":{"start":{"line":130,"column":25},"end":{"line":130,"column":76}},"type":"cond-expr","locations":[{"start":{"line":130,"column":51},"end":{"line":130,"column":71}},{"start":{"line":130,"column":74},"end":{"line":130,"column":76}}],"line":130},"32":{"loc":{"start":{"line":134,"column":17},"end":{"line":134,"column":103}},"type":"cond-expr","locations":[{"start":{"line":134,"column":46},"end":{"line":134,"column":99}},{"start":{"line":134,"column":102},"end":{"line":134,"column":103}}],"line":134},"33":{"loc":{"start":{"line":161,"column":4},"end":{"line":161,"column":38}},"type":"if","locations":[{"start":{"line":161,"column":4},"end":{"line":161,"column":38}},{"start":{},"end":{}}],"line":161},"34":{"loc":{"start":{"line":165,"column":4},"end":{"line":165,"column":31}},"type":"if","locations":[{"start":{"line":165,"column":4},"end":{"line":165,"column":31}},{"start":{},"end":{}}],"line":165},"35":{"loc":{"start":{"line":168,"column":4},"end":{"line":168,"column":44}},"type":"if","locations":[{"start":{"line":168,"column":4},"end":{"line":168,"column":44}},{"start":{},"end":{}}],"line":168},"36":{"loc":{"start":{"line":197,"column":2},"end":{"line":199,"column":3}},"type":"if","locations":[{"start":{"line":197,"column":2},"end":{"line":199,"column":3}},{"start":{},"end":{}}],"line":197},"37":{"loc":{"start":{"line":201,"column":2},"end":{"line":203,"column":3}},"type":"if","locations":[{"start":{"line":201,"column":2},"end":{"line":203,"column":3}},{"start":{},"end":{}}],"line":201},"38":{"loc":{"start":{"line":207,"column":2},"end":{"line":207,"column":26}},"type":"if","locations":[{"start":{"line":207,"column":2},"end":{"line":207,"column":26}},{"start":{},"end":{}}],"line":207},"39":{"loc":{"start":{"line":211,"column":2},"end":{"line":216,"column":3}},"type":"if","locations":[{"start":{"line":211,"column":2},"end":{"line":216,"column":3}},{"start":{},"end":{}}],"line":211},"40":{"loc":{"start":{"line":212,"column":22},"end":{"line":212,"column":46}},"type":"binary-expr","locations":[{"start":{"line":212,"column":22},"end":{"line":212,"column":39}},{"start":{"line":212,"column":43},"end":{"line":212,"column":46}}],"line":212},"41":{"loc":{"start":{"line":222,"column":2},"end":{"line":222,"column":35}},"type":"if","locations":[{"start":{"line":222,"column":2},"end":{"line":222,"column":35}},{"start":{},"end":{}}],"line":222},"42":{"loc":{"start":{"line":227,"column":2},"end":{"line":227,"column":30}},"type":"if","locations":[{"start":{"line":227,"column":2},"end":{"line":227,"column":30}},{"start":{},"end":{}}],"line":227},"43":{"loc":{"start":{"line":231,"column":19},"end":{"line":231,"column":44}},"type":"binary-expr","locations":[{"start":{"line":231,"column":19},"end":{"line":231,"column":35}},{"start":{"line":231,"column":39},"end":{"line":231,"column":44}}],"line":231}},"s":{"0":1,"1":1,"2":1,"3":1,"4":1,"5":1,"6":21,"7":21,"8":21,"9":1,"10":20,"11":1,"12":1,"13":21,"14":21,"15":21,"16":1,"17":20,"18":1,"19":1,"20":21,"21":20,"22":20,"23":20,"24":20,"25":20,"26":3,"27":17,"28":17,"29":17,"30":17,"31":17,"32":17,"33":17,"34":17,"35":12,"36":12,"37":17,"38":3,"39":17,"40":17,"41":17,"42":34,"43":17,"44":0,"45":17,"46":17,"47":8,"48":9,"49":8,"50":17,"51":3,"52":3,"53":3,"54":3,"55":17,"56":3,"57":17,"58":17,"59":9,"60":9,"61":17,"62":17,"63":9,"64":9,"65":9,"66":9,"67":17,"68":17,"69":9,"70":9,"71":9,"72":9,"73":2,"74":7,"75":1,"76":6,"77":4,"78":2,"79":1,"80":9,"81":17,"82":34,"83":6,"84":6,"85":6,"86":34,"87":34,"88":17,"89":17,"90":17,"91":119,"92":119,"93":119,"94":119,"95":17,"96":9,"97":9,"98":60,"99":9,"100":8,"101":17,"102":3,"103":0,"104":3,"105":3,"106":21,"107":3,"108":3,"109":17,"110":17,"111":1,"112":24,"113":24,"114":24,"115":24,"116":1,"117":23,"118":1,"119":22,"120":22,"121":0,"122":22,"123":22,"124":1,"125":21,"126":21,"127":21,"128":21,"129":21,"130":0,"131":21,"132":21,"133":21,"134":21,"135":0,"136":21,"137":21,"138":21,"139":21,"140":20,"141":1,"142":1},"f":{"0":21,"1":21,"2":21,"3":12,"4":3,"5":34,"6":0,"7":9,"8":3,"9":3,"10":3,"11":9,"12":9,"13":9,"14":34,"15":6,"16":9,"17":60,"18":3,"19":21,"20":17,"21":24,"22":21,"23":21},"b":{"0":[1,20],"1":[20,0],"2":[1,20],"3":[20,0],"4":[0],"5":[3,17],"6":[20,19,18],"7":[17,0],"8":[17,0],"9":[2,15],"10":[2,13],"11":[12,0],"12":[3,3],"13":[8,9],"14":[9,0],"15":[3,3],"16":[2,15],"17":[9,0],"18":[9,8],"19":[9,9],"20":[9,0],"21":[9,0],"22":[2,7],"23":[9,8],"24":[1,6],"25":[7,6],"26":[4,2],"27":[6,5],"28":[1,1],"29":[9,8],"30":[6,0],"31":[6,0],"32":[4,30],"33":[8,1],"34":[0,3],"35":[3,0],"36":[1,23],"37":[1,22],"38":[0,22],"39":[1,21],"40":[1,0],"41":[0,21],"42":[0,21],"43":[21,15]},"_coverageSchema":"1a1c01bbd47fc00a2c39e90264f33305004495a9","hash":"3889b6c1b331f0804aad9d25e797cf05d0a0ab70"}
,"C:\\Users\\stefa\\restaurant-ai-mcp\\api\\check-availability.js": {"path":"C:\\Users\\stefa\\restaurant-ai-mcp\\api\\check-availability.js","statementMap":{"0":{"start":{"line":1,"column":47},"end":{"line":1,"column":73}},"1":{"start":{"line":2,"column":57},"end":{"line":2,"column":98}},"2":{"start":{"line":3,"column":35},"end":{"line":3,"column":63}},"3":{"start":{"line":4,"column":31},"end":{"line":4,"column":62}},"4":{"start":{"line":5,"column":15},"end":{"line":5,"column":54}},"5":{"start":{"line":7,"column":0},"end":{"line":129,"column":2}},"6":{"start":{"line":9,"column":2},"end":{"line":9,"column":52}},"7":{"start":{"line":10,"column":2},"end":{"line":10,"column":70}},"8":{"start":{"line":11,"column":2},"end":{"line":11,"column":64}},"9":{"start":{"line":13,"column":2},"end":{"line":15,"column":3}},"10":{"start":{"line":14,"column":4},"end":{"line":14,"column":51}},"11":{"start":{"line":18,"column":22},"end":{"line":18,"column":67}},"12":{"start":{"line":19,"column":2},"end":{"line":19,"column":26}},"13":{"start":{"line":19,"column":19},"end":{"line":19,"column":26}},"14":{"start":{"line":21,"column":2},"end":{"line":128,"column":3}},"15":{"start":{"line":22,"column":19},"end":{"line":22,"column":63}},"16":{"start":{"line":23,"column":68},"end":{"line":23,"column":74}},"17":{"start":{"line":25,"column":4},"end":{"line":31,"column":5}},"18":{"start":{"line":26,"column":6},"end":{"line":30,"column":9}},"19":{"start":{"line":33,"column":4},"end":{"line":39,"column":5}},"20":{"start":{"line":34,"column":6},"end":{"line":38,"column":9}},"21":{"start":{"line":42,"column":29},"end":{"line":42,"column":66}},"22":{"start":{"line":43,"column":4},"end":{"line":45,"column":5}},"23":{"start":{"line":44,"column":6},"end":{"line":44,"column":52}},"24":{"start":{"line":47,"column":23},"end":{"line":47,"column":55}},"25":{"start":{"line":48,"column":4},"end":{"line":54,"column":5}},"26":{"start":{"line":49,"column":6},"end":{"line":53,"column":9}},"27":{"start":{"line":56,"column":21},"end":{"line":56,"column":53}},"28":{"start":{"line":57,"column":21},"end":{"line":57,"column":65}},"29":{"start":{"line":58,"column":22},"end":{"line":58,"column":66}},"30":{"start":{"line":59,"column":21},"end":{"line":59,"column":56}},"31":{"start":{"line":62,"column":19},"end":{"line":62,"column":108}},"32":{"start":{"line":63,"column":31},"end":{"line":63,"column":74}},"33":{"start":{"line":65,"column":4},"end":{"line":67,"column":5}},"34":{"start":{"line":66,"column":6},"end":{"line":66,"column":54}},"35":{"start":{"line":69,"column":33},"end":{"line":69,"column":70}},"36":{"start":{"line":70,"column":22},"end":{"line":70,"column":42}},"37":{"start":{"line":73,"column":30},"end":{"line":78,"column":5}},"38":{"start":{"line":80,"column":4},"end":{"line":119,"column":5}},"39":{"start":{"line":81,"column":6},"end":{"line":91,"column":9}},"40":{"start":{"line":94,"column":26},"end":{"line":101,"column":7}},"41":{"start":{"line":103,"column":6},"end":{"line":118,"column":9}},"42":{"start":{"line":113,"column":74},"end":{"line":117,"column":9}},"43":{"start":{"line":122,"column":4},"end":{"line":122,"column":53}},"44":{"start":{"line":123,"column":4},"end":{"line":127,"column":7}}},"fnMap":{"0":{"name":"(anonymous_0)","decl":{"start":{"line":7,"column":17},"end":{"line":7,"column":18}},"loc":{"start":{"line":7,"column":37},"end":{"line":129,"column":1}},"line":7},"1":{"name":"(anonymous_1)","decl":{"start":{"line":113,"column":68},"end":{"line":113,"column":69}},"loc":{"start":{"line":113,"column":74},"end":{"line":117,"column":9}},"line":113}},"branchMap":{"0":{"loc":{"start":{"line":13,"column":2},"end":{"line":15,"column":3}},"type":"if","locations":[{"start":{"line":13,"column":2},"end":{"line":15,"column":3}},{"start":{},"end":{}}],"line":13},"1":{"loc":{"start":{"line":19,"column":2},"end":{"line":19,"column":26}},"type":"if","locations":[{"start":{"line":19,"column":2},"end":{"line":19,"column":26}},{"start":{},"end":{}}],"line":19},"2":{"loc":{"start":{"line":22,"column":19},"end":{"line":22,"column":63}},"type":"cond-expr","locations":[{"start":{"line":22,"column":43},"end":{"line":22,"column":51}},{"start":{"line":22,"column":54},"end":{"line":22,"column":63}}],"line":22},"3":{"loc":{"start":{"line":25,"column":4},"end":{"line":31,"column":5}},"type":"if","locations":[{"start":{"line":25,"column":4},"end":{"line":31,"column":5}},{"start":{},"end":{}}],"line":25},"4":{"loc":{"start":{"line":33,"column":4},"end":{"line":39,"column":5}},"type":"if","locations":[{"start":{"line":33,"column":4},"end":{"line":39,"column":5}},{"start":{},"end":{}}],"line":33},"5":{"loc":{"start":{"line":33,"column":8},"end":{"line":33,"column":37}},"type":"binary-expr","locations":[{"start":{"line":33,"column":8},"end":{"line":33,"column":13}},{"start":{"line":33,"column":17},"end":{"line":33,"column":22}},{"start":{"line":33,"column":26},"end":{"line":33,"column":37}}],"line":33},"6":{"loc":{"start":{"line":43,"column":4},"end":{"line":45,"column":5}},"type":"if","locations":[{"start":{"line":43,"column":4},"end":{"line":45,"column":5}},{"start":{},"end":{}}],"line":43},"7":{"loc":{"start":{"line":48,"column":4},"end":{"line":54,"column":5}},"type":"if","locations":[{"start":{"line":48,"column":4},"end":{"line":54,"column":5}},{"start":{},"end":{}}],"line":48},"8":{"loc":{"start":{"line":56,"column":21},"end":{"line":56,"column":53}},"type":"binary-expr","locations":[{"start":{"line":56,"column":21},"end":{"line":56,"column":47}},{"start":{"line":56,"column":51},"end":{"line":56,"column":53}}],"line":56},"9":{"loc":{"start":{"line":57,"column":21},"end":{"line":57,"column":65}},"type":"binary-expr","locations":[{"start":{"line":57,"column":21},"end":{"line":57,"column":54}},{"start":{"line":57,"column":58},"end":{"line":57,"column":65}}],"line":57},"10":{"loc":{"start":{"line":58,"column":22},"end":{"line":58,"column":66}},"type":"binary-expr","locations":[{"start":{"line":58,"column":22},"end":{"line":58,"column":55}},{"start":{"line":58,"column":59},"end":{"line":58,"column":66}}],"line":58},"11":{"loc":{"start":{"line":59,"column":21},"end":{"line":59,"column":56}},"type":"binary-expr","locations":[{"start":{"line":59,"column":21},"end":{"line":59,"column":47}},{"start":{"line":59,"column":51},"end":{"line":59,"column":56}}],"line":59},"12":{"loc":{"start":{"line":65,"column":4},"end":{"line":67,"column":5}},"type":"if","locations":[{"start":{"line":65,"column":4},"end":{"line":67,"column":5}},{"start":{},"end":{}}],"line":65},"13":{"loc":{"start":{"line":69,"column":33},"end":{"line":69,"column":70}},"type":"binary-expr","locations":[{"start":{"line":69,"column":33},"end":{"line":69,"column":64}},{"start":{"line":69,"column":68},"end":{"line":69,"column":70}}],"line":69},"14":{"loc":{"start":{"line":80,"column":4},"end":{"line":119,"column":5}},"type":"if","locations":[{"start":{"line":80,"column":4},"end":{"line":119,"column":5}},{"start":{"line":92,"column":11},"end":{"line":119,"column":5}}],"line":80},"15":{"loc":{"start":{"line":113,"column":27},"end":{"line":117,"column":16}},"type":"cond-expr","locations":[{"start":{"line":113,"column":52},"end":{"line":117,"column":11}},{"start":{"line":117,"column":14},"end":{"line":117,"column":16}}],"line":113}},"s":{"0":1,"1":1,"2":1,"3":1,"4":1,"5":1,"6":21,"7":21,"8":21,"9":21,"10":2,"11":19,"12":19,"13":1,"14":18,"15":18,"16":18,"17":18,"18":2,"19":16,"20":3,"21":13,"22":11,"23":1,"24":10,"25":10,"26":1,"27":9,"28":9,"29":9,"30":9,"31":9,"32":9,"33":9,"34":1,"35":8,"36":8,"37":8,"38":8,"39":4,"40":4,"41":4,"42":3,"43":2,"44":2},"f":{"0":21,"1":3},"b":{"0":[2,19],"1":[1,18],"2":[2,16],"3":[2,16],"4":[3,13],"5":[16,15,14],"6":[1,10],"7":[1,9],"8":[9,1],"9":[9,1],"10":[9,1],"11":[9,1],"12":[1,8],"13":[8,0],"14":[4,4],"15":[2,2]},"_coverageSchema":"1a1c01bbd47fc00a2c39e90264f33305004495a9","hash":"61517f3c5e7c3a45f6b233514632a480a527fadb"}
,"C:\\Users\\stefa\\restaurant-ai-mcp\\api\\host-dashboard.js": {"path":"C:\\Users\\stefa\\restaurant-ai-mcp\\api\\host-dashboard.js","statementMap":{"0":{"start":{"line":23,"column":4},"end":{"line":23,"column":30}},"1":{"start":{"line":25,"column":54},"end":{"line":25,"column":81}},"2":{"start":{"line":26,"column":49},"end":{"line":26,"column":77}},"3":{"start":{"line":27,"column":45},"end":{"line":27,"column":67}},"4":{"start":{"line":28,"column":23},"end":{"line":28,"column":45}},"5":{"start":{"line":29,"column":35},"end":{"line":29,"column":63}},"6":{"start":{"line":30,"column":63},"end":{"line":30,"column":90}},"7":{"start":{"line":31,"column":31},"end":{"line":31,"column":62}},"8":{"start":{"line":32,"column":29},"end":{"line":32,"column":53}},"9":{"start":{"line":34,"column":15},"end":{"line":34,"column":50}},"10":{"start":{"line":36,"column":0},"end":{"line":108,"column":2}},"11":{"start":{"line":38,"column":2},"end":{"line":38,"column":28}},"12":{"start":{"line":40,"column":2},"end":{"line":42,"column":3}},"13":{"start":{"line":41,"column":4},"end":{"line":41,"column":11}},"14":{"start":{"line":45,"column":22},"end":{"line":45,"column":67}},"15":{"start":{"line":46,"column":2},"end":{"line":46,"column":26}},"16":{"start":{"line":46,"column":19},"end":{"line":46,"column":26}},"17":{"start":{"line":49,"column":21},"end":{"line":49,"column":62}},"18":{"start":{"line":50,"column":2},"end":{"line":55,"column":3}},"19":{"start":{"line":51,"column":4},"end":{"line":54,"column":7}},"20":{"start":{"line":56,"column":2},"end":{"line":56,"column":29}},"21":{"start":{"line":58,"column":21},"end":{"line":58,"column":30}},"22":{"start":{"line":60,"column":2},"end":{"line":107,"column":3}},"23":{"start":{"line":61,"column":4},"end":{"line":98,"column":5}},"24":{"start":{"line":63,"column":8},"end":{"line":63,"column":47}},"25":{"start":{"line":65,"column":8},"end":{"line":65,"column":45}},"26":{"start":{"line":67,"column":8},"end":{"line":67,"column":49}},"27":{"start":{"line":69,"column":8},"end":{"line":69,"column":47}},"28":{"start":{"line":71,"column":8},"end":{"line":71,"column":53}},"29":{"start":{"line":73,"column":8},"end":{"line":73,"column":52}},"30":{"start":{"line":75,"column":8},"end":{"line":75,"column":55}},"31":{"start":{"line":77,"column":8},"end":{"line":77,"column":55}},"32":{"start":{"line":80,"column":8},"end":{"line":80,"column":57}},"33":{"start":{"line":82,"column":8},"end":{"line":82,"column":59}},"34":{"start":{"line":84,"column":8},"end":{"line":84,"column":48}},"35":{"start":{"line":86,"column":8},"end":{"line":86,"column":50}},"36":{"start":{"line":88,"column":8},"end":{"line":88,"column":49}},"37":{"start":{"line":90,"column":8},"end":{"line":90,"column":49}},"38":{"start":{"line":92,"column":8},"end":{"line":92,"column":54}},"39":{"start":{"line":94,"column":8},"end":{"line":97,"column":11}},"40":{"start":{"line":100,"column":4},"end":{"line":100,"column":66}},"41":{"start":{"line":101,"column":4},"end":{"line":101,"column":48}},"42":{"start":{"line":102,"column":4},"end":{"line":106,"column":7}},"43":{"start":{"line":111,"column":23},"end":{"line":111,"column":45}},"44":{"start":{"line":112,"column":19},"end":{"line":112,"column":45}},"45":{"start":{"line":113,"column":98},"end":{"line":123,"column":4}},"46":{"start":{"line":125,"column":2},"end":{"line":130,"column":3}},"47":{"start":{"line":126,"column":4},"end":{"line":129,"column":7}},"48":{"start":{"line":132,"column":25},"end":{"line":132,"column":66}},"49":{"start":{"line":134,"column":17},"end":{"line":134,"column":36}},"50":{"start":{"line":135,"column":24},"end":{"line":159,"column":4}},"51":{"start":{"line":136,"column":21},"end":{"line":136,"column":47}},"52":{"start":{"line":137,"column":31},"end":{"line":137,"column":67}},"53":{"start":{"line":138,"column":16},"end":{"line":138,"column":26}},"54":{"start":{"line":139,"column":24},"end":{"line":139,"column":64}},"55":{"start":{"line":140,"column":26},"end":{"line":140,"column":76}},"56":{"start":{"line":143,"column":24},"end":{"line":145,"column":65}},"57":{"start":{"line":144,"column":46},"end":{"line":144,"column":55}},"58":{"start":{"line":147,"column":4},"end":{"line":158,"column":6}},"59":{"start":{"line":161,"column":24},"end":{"line":161,"column":78}},"60":{"start":{"line":161,"column":54},"end":{"line":161,"column":74}},"61":{"start":{"line":164,"column":33},"end":{"line":164,"column":96}},"62":{"start":{"line":164,"column":70},"end":{"line":164,"column":92}},"63":{"start":{"line":165,"column":34},"end":{"line":167,"column":52}},"64":{"start":{"line":166,"column":21},"end":{"line":166,"column":126}},"65":{"start":{"line":166,"column":77},"end":{"line":166,"column":125}},"66":{"start":{"line":167,"column":28},"end":{"line":167,"column":48}},"67":{"start":{"line":168,"column":24},"end":{"line":168,"column":72}},"68":{"start":{"line":170,"column":25},"end":{"line":170,"column":54}},"69":{"start":{"line":173,"column":29},"end":{"line":173,"column":30}},"70":{"start":{"line":174,"column":2},"end":{"line":184,"column":3}},"71":{"start":{"line":176,"column":16},"end":{"line":176,"column":26}},"72":{"start":{"line":177,"column":31},"end":{"line":180,"column":6}},"73":{"start":{"line":178,"column":33},"end":{"line":178,"column":68}},"74":{"start":{"line":179,"column":6},"end":{"line":179,"column":58}},"75":{"start":{"line":182,"column":29},"end":{"line":182,"column":60}},"76":{"start":{"line":183,"column":4},"end":{"line":183,"column":76}},"77":{"start":{"line":187,"column":26},"end":{"line":187,"column":70}},"78":{"start":{"line":187,"column":45},"end":{"line":187,"column":69}},"79":{"start":{"line":188,"column":25},"end":{"line":188,"column":65}},"80":{"start":{"line":188,"column":53},"end":{"line":188,"column":64}},"81":{"start":{"line":189,"column":22},"end":{"line":189,"column":61}},"82":{"start":{"line":189,"column":50},"end":{"line":189,"column":60}},"83":{"start":{"line":192,"column":29},"end":{"line":192,"column":31}},"84":{"start":{"line":193,"column":2},"end":{"line":197,"column":5}},"85":{"start":{"line":194,"column":21},"end":{"line":194,"column":41}},"86":{"start":{"line":195,"column":4},"end":{"line":195,"column":73}},"87":{"start":{"line":195,"column":39},"end":{"line":195,"column":73}},"88":{"start":{"line":196,"column":4},"end":{"line":196,"column":41}},"89":{"start":{"line":200,"column":33},"end":{"line":203,"column":8}},"90":{"start":{"line":201,"column":4},"end":{"line":201,"column":60}},"91":{"start":{"line":201,"column":39},"end":{"line":201,"column":55}},"92":{"start":{"line":202,"column":4},"end":{"line":202,"column":15}},"93":{"start":{"line":205,"column":31},"end":{"line":205,"column":105}},"94":{"start":{"line":205,"column":89},"end":{"line":205,"column":99}},"95":{"start":{"line":206,"column":34},"end":{"line":208,"column":7}},"96":{"start":{"line":209,"column":29},"end":{"line":209,"column":84}},"97":{"start":{"line":212,"column":27},"end":{"line":212,"column":28}},"98":{"start":{"line":213,"column":2},"end":{"line":216,"column":3}},"99":{"start":{"line":214,"column":25},"end":{"line":214,"column":97}},"100":{"start":{"line":214,"column":58},"end":{"line":214,"column":93}},"101":{"start":{"line":215,"column":4},"end":{"line":215,"column":73}},"102":{"start":{"line":219,"column":18},"end":{"line":219,"column":22}},"103":{"start":{"line":220,"column":23},"end":{"line":220,"column":68}},"104":{"start":{"line":221,"column":2},"end":{"line":234,"column":3}},"105":{"start":{"line":222,"column":23},"end":{"line":222,"column":25}},"106":{"start":{"line":223,"column":4},"end":{"line":228,"column":7}},"107":{"start":{"line":224,"column":6},"end":{"line":227,"column":7}},"108":{"start":{"line":225,"column":21},"end":{"line":225,"column":41}},"109":{"start":{"line":226,"column":8},"end":{"line":226,"column":55}},"110":{"start":{"line":229,"column":21},"end":{"line":229,"column":78}},"111":{"start":{"line":229,"column":63},"end":{"line":229,"column":74}},"112":{"start":{"line":230,"column":4},"end":{"line":233,"column":5}},"113":{"start":{"line":231,"column":16},"end":{"line":231,"column":37}},"114":{"start":{"line":232,"column":6},"end":{"line":232,"column":67}},"115":{"start":{"line":236,"column":2},"end":{"line":279,"column":5}},"116":{"start":{"line":255,"column":29},"end":{"line":276,"column":5}},"117":{"start":{"line":260,"column":76},"end":{"line":260,"column":120}},"118":{"start":{"line":283,"column":23},"end":{"line":283,"column":45}},"119":{"start":{"line":284,"column":29},"end":{"line":284,"column":37}},"120":{"start":{"line":286,"column":2},"end":{"line":291,"column":3}},"121":{"start":{"line":287,"column":4},"end":{"line":290,"column":7}},"122":{"start":{"line":293,"column":28},"end":{"line":293,"column":83}},"123":{"start":{"line":295,"column":2},"end":{"line":300,"column":3}},"124":{"start":{"line":296,"column":4},"end":{"line":299,"column":7}},"125":{"start":{"line":302,"column":22},"end":{"line":302,"column":51}},"126":{"start":{"line":303,"column":20},"end":{"line":303,"column":42}},"127":{"start":{"line":305,"column":23},"end":{"line":305,"column":55}},"128":{"start":{"line":306,"column":2},"end":{"line":311,"column":3}},"129":{"start":{"line":307,"column":4},"end":{"line":310,"column":7}},"130":{"start":{"line":313,"column":26},"end":{"line":313,"column":83}},"131":{"start":{"line":313,"column":58},"end":{"line":313,"column":82}},"132":{"start":{"line":314,"column":26},"end":{"line":314,"column":78}},"133":{"start":{"line":316,"column":2},"end":{"line":325,"column":3}},"134":{"start":{"line":317,"column":4},"end":{"line":324,"column":7}},"135":{"start":{"line":327,"column":29},"end":{"line":327,"column":47}},"136":{"start":{"line":329,"column":2},"end":{"line":339,"column":5}},"137":{"start":{"line":343,"column":23},"end":{"line":343,"column":45}},"138":{"start":{"line":344,"column":45},"end":{"line":344,"column":53}},"139":{"start":{"line":346,"column":2},"end":{"line":351,"column":3}},"140":{"start":{"line":347,"column":4},"end":{"line":350,"column":7}},"141":{"start":{"line":353,"column":23},"end":{"line":353,"column":55}},"142":{"start":{"line":354,"column":2},"end":{"line":359,"column":3}},"143":{"start":{"line":355,"column":4},"end":{"line":358,"column":7}},"144":{"start":{"line":361,"column":24},"end":{"line":361,"column":81}},"145":{"start":{"line":361,"column":56},"end":{"line":361,"column":80}},"146":{"start":{"line":363,"column":2},"end":{"line":370,"column":3}},"147":{"start":{"line":364,"column":28},"end":{"line":366,"column":5}},"148":{"start":{"line":365,"column":6},"end":{"line":365,"column":73}},"149":{"start":{"line":367,"column":4},"end":{"line":369,"column":5}},"150":{"start":{"line":368,"column":6},"end":{"line":368,"column":40}},"151":{"start":{"line":372,"column":26},"end":{"line":372,"column":79}},"152":{"start":{"line":374,"column":2},"end":{"line":381,"column":3}},"153":{"start":{"line":375,"column":4},"end":{"line":380,"column":7}},"154":{"start":{"line":383,"column":2},"end":{"line":388,"column":5}},"155":{"start":{"line":392,"column":23},"end":{"line":392,"column":45}},"156":{"start":{"line":401,"column":6},"end":{"line":401,"column":14}},"157":{"start":{"line":404,"column":21},"end":{"line":409,"column":4}},"158":{"start":{"line":411,"column":2},"end":{"line":417,"column":3}},"159":{"start":{"line":412,"column":4},"end":{"line":416,"column":7}},"160":{"start":{"line":420,"column":24},"end":{"line":420,"column":52}},"161":{"start":{"line":421,"column":25},"end":{"line":421,"column":54}},"162":{"start":{"line":422,"column":28},"end":{"line":422,"column":83}},"163":{"start":{"line":424,"column":20},"end":{"line":424,"column":39}},"164":{"start":{"line":425,"column":19},"end":{"line":425,"column":43}},"165":{"start":{"line":427,"column":27},"end":{"line":427,"column":70}},"166":{"start":{"line":428,"column":29},"end":{"line":428,"column":82}},"167":{"start":{"line":431,"column":33},"end":{"line":431,"column":65}},"168":{"start":{"line":432,"column":2},"end":{"line":437,"column":3}},"169":{"start":{"line":433,"column":4},"end":{"line":436,"column":7}},"170":{"start":{"line":440,"column":2},"end":{"line":448,"column":3}},"171":{"start":{"line":441,"column":18},"end":{"line":441,"column":72}},"172":{"start":{"line":441,"column":58},"end":{"line":441,"column":71}},"173":{"start":{"line":442,"column":4},"end":{"line":447,"column":5}},"174":{"start":{"line":443,"column":6},"end":{"line":446,"column":9}},"175":{"start":{"line":451,"column":23},"end":{"line":454,"column":4}},"176":{"start":{"line":452,"column":18},"end":{"line":452,"column":72}},"177":{"start":{"line":452,"column":58},"end":{"line":452,"column":71}},"178":{"start":{"line":453,"column":4},"end":{"line":453,"column":44}},"179":{"start":{"line":456,"column":24},"end":{"line":467,"column":3}},"180":{"start":{"line":470,"column":23},"end":{"line":470,"column":28}},"181":{"start":{"line":471,"column":22},"end":{"line":471,"column":24}},"182":{"start":{"line":473,"column":2},"end":{"line":544,"column":3}},"183":{"start":{"line":475,"column":26},"end":{"line":475,"column":80}},"184":{"start":{"line":476,"column":4},"end":{"line":482,"column":5}},"185":{"start":{"line":477,"column":6},"end":{"line":480,"column":9}},"186":{"start":{"line":481,"column":6},"end":{"line":481,"column":82}},"187":{"start":{"line":483,"column":4},"end":{"line":483,"column":26}},"188":{"start":{"line":487,"column":27},"end":{"line":487,"column":36}},"189":{"start":{"line":489,"column":27},"end":{"line":499,"column":6}},"190":{"start":{"line":490,"column":21},"end":{"line":493,"column":8}},"191":{"start":{"line":494,"column":6},"end":{"line":496,"column":7}},"192":{"start":{"line":495,"column":8},"end":{"line":495,"column":62}},"193":{"start":{"line":497,"column":6},"end":{"line":497,"column":35}},"194":{"start":{"line":498,"column":6},"end":{"line":498,"column":20}},"195":{"start":{"line":501,"column":4},"end":{"line":501,"column":38}},"196":{"start":{"line":504,"column":4},"end":{"line":510,"column":7}},"197":{"start":{"line":514,"column":4},"end":{"line":514,"column":64}},"198":{"start":{"line":517,"column":4},"end":{"line":524,"column":5}},"199":{"start":{"line":518,"column":6},"end":{"line":518,"column":72}},"200":{"start":{"line":519,"column":6},"end":{"line":523,"column":7}},"201":{"start":{"line":520,"column":8},"end":{"line":520,"column":59}},"202":{"start":{"line":522,"column":8},"end":{"line":522,"column":73}},"203":{"start":{"line":527,"column":4},"end":{"line":536,"column":5}},"204":{"start":{"line":528,"column":6},"end":{"line":528,"column":76}},"205":{"start":{"line":529,"column":31},"end":{"line":534,"column":7}},"206":{"start":{"line":530,"column":8},"end":{"line":533,"column":82}},"207":{"start":{"line":533,"column":24},"end":{"line":533,"column":81}},"208":{"start":{"line":535,"column":6},"end":{"line":535,"column":42}},"209":{"start":{"line":538,"column":4},"end":{"line":543,"column":7}},"210":{"start":{"line":548,"column":23},"end":{"line":548,"column":45}},"211":{"start":{"line":549,"column":32},"end":{"line":549,"column":40}},"212":{"start":{"line":551,"column":2},"end":{"line":556,"column":3}},"213":{"start":{"line":552,"column":4},"end":{"line":555,"column":7}},"214":{"start":{"line":558,"column":21},"end":{"line":558,"column":45}},"215":{"start":{"line":560,"column":23},"end":{"line":563,"column":4}},"216":{"start":{"line":565,"column":2},"end":{"line":570,"column":3}},"217":{"start":{"line":566,"column":4},"end":{"line":569,"column":7}},"218":{"start":{"line":573,"column":24},"end":{"line":573,"column":66}},"219":{"start":{"line":574,"column":19},"end":{"line":574,"column":56}},"220":{"start":{"line":575,"column":2},"end":{"line":577,"column":3}},"221":{"start":{"line":576,"column":4},"end":{"line":576,"column":67}},"222":{"start":{"line":579,"column":22},"end":{"line":579,"column":59}},"223":{"start":{"line":582,"column":19},"end":{"line":584,"column":53}},"224":{"start":{"line":583,"column":39},"end":{"line":583,"column":48}},"225":{"start":{"line":587,"column":23},"end":{"line":587,"column":55}},"226":{"start":{"line":588,"column":2},"end":{"line":593,"column":3}},"227":{"start":{"line":589,"column":4},"end":{"line":592,"column":7}},"228":{"start":{"line":596,"column":25},"end":{"line":603,"column":30}},"229":{"start":{"line":598,"column":18},"end":{"line":598,"column":92}},"230":{"start":{"line":598,"column":48},"end":{"line":598,"column":91}},"231":{"start":{"line":599,"column":4},"end":{"line":601,"column":5}},"232":{"start":{"line":600,"column":6},"end":{"line":600,"column":130}},"233":{"start":{"line":600,"column":111},"end":{"line":600,"column":125}},"234":{"start":{"line":602,"column":4},"end":{"line":602,"column":35}},"235":{"start":{"line":603,"column":18},"end":{"line":603,"column":29}},"236":{"start":{"line":605,"column":25},"end":{"line":610,"column":3}},"237":{"start":{"line":606,"column":4},"end":{"line":609,"column":6}},"238":{"start":{"line":612,"column":2},"end":{"line":612,"column":36}},"239":{"start":{"line":614,"column":2},"end":{"line":618,"column":5}},"240":{"start":{"line":622,"column":23},"end":{"line":622,"column":45}},"241":{"start":{"line":623,"column":23},"end":{"line":623,"column":31}},"242":{"start":{"line":625,"column":2},"end":{"line":630,"column":3}},"243":{"start":{"line":626,"column":4},"end":{"line":629,"column":7}},"244":{"start":{"line":632,"column":23},"end":{"line":634,"column":4}},"245":{"start":{"line":636,"column":2},"end":{"line":641,"column":3}},"246":{"start":{"line":637,"column":4},"end":{"line":640,"column":7}},"247":{"start":{"line":643,"column":2},"end":{"line":646,"column":5}},"248":{"start":{"line":650,"column":23},"end":{"line":650,"column":45}},"249":{"start":{"line":651,"column":31},"end":{"line":651,"column":39}},"250":{"start":{"line":653,"column":2},"end":{"line":658,"column":3}},"251":{"start":{"line":654,"column":4},"end":{"line":657,"column":7}},"252":{"start":{"line":661,"column":20},"end":{"line":668,"column":3}},"253":{"start":{"line":669,"column":27},"end":{"line":669,"column":47}},"254":{"start":{"line":670,"column":19},"end":{"line":670,"column":46}},"255":{"start":{"line":672,"column":2},"end":{"line":677,"column":3}},"256":{"start":{"line":673,"column":4},"end":{"line":676,"column":7}},"257":{"start":{"line":679,"column":23},"end":{"line":681,"column":4}},"258":{"start":{"line":683,"column":2},"end":{"line":688,"column":3}},"259":{"start":{"line":684,"column":4},"end":{"line":687,"column":7}},"260":{"start":{"line":690,"column":2},"end":{"line":698,"column":5}},"261":{"start":{"line":715,"column":23},"end":{"line":715,"column":45}},"262":{"start":{"line":726,"column":6},"end":{"line":726,"column":14}},"263":{"start":{"line":728,"column":2},"end":{"line":733,"column":3}},"264":{"start":{"line":729,"column":4},"end":{"line":732,"column":7}},"265":{"start":{"line":736,"column":21},"end":{"line":736,"column":72}},"266":{"start":{"line":738,"column":2},"end":{"line":743,"column":3}},"267":{"start":{"line":739,"column":4},"end":{"line":742,"column":7}},"268":{"start":{"line":746,"column":18},"end":{"line":748,"column":3}},"269":{"start":{"line":750,"column":2},"end":{"line":750,"column":94}},"270":{"start":{"line":750,"column":42},"end":{"line":750,"column":94}},"271":{"start":{"line":751,"column":2},"end":{"line":751,"column":91}},"272":{"start":{"line":751,"column":41},"end":{"line":751,"column":91}},"273":{"start":{"line":752,"column":2},"end":{"line":752,"column":88}},"274":{"start":{"line":752,"column":40},"end":{"line":752,"column":88}},"275":{"start":{"line":753,"column":2},"end":{"line":753,"column":82}},"276":{"start":{"line":753,"column":38},"end":{"line":753,"column":82}},"277":{"start":{"line":754,"column":2},"end":{"line":754,"column":73}},"278":{"start":{"line":754,"column":35},"end":{"line":754,"column":73}},"279":{"start":{"line":755,"column":2},"end":{"line":755,"column":91}},"280":{"start":{"line":755,"column":41},"end":{"line":755,"column":91}},"281":{"start":{"line":756,"column":2},"end":{"line":756,"column":76}},"282":{"start":{"line":756,"column":36},"end":{"line":756,"column":76}},"283":{"start":{"line":757,"column":2},"end":{"line":757,"column":88}},"284":{"start":{"line":757,"column":40},"end":{"line":757,"column":88}},"285":{"start":{"line":760,"column":23},"end":{"line":760,"column":103}},"286":{"start":{"line":762,"column":2},"end":{"line":767,"column":3}},"287":{"start":{"line":763,"column":4},"end":{"line":766,"column":7}},"288":{"start":{"line":769,"column":2},"end":{"line":776,"column":5}},"289":{"start":{"line":786,"column":23},"end":{"line":786,"column":45}},"290":{"start":{"line":787,"column":72},"end":{"line":787,"column":80}},"291":{"start":{"line":789,"column":2},"end":{"line":794,"column":3}},"292":{"start":{"line":790,"column":4},"end":{"line":793,"column":7}},"293":{"start":{"line":796,"column":2},"end":{"line":801,"column":3}},"294":{"start":{"line":797,"column":4},"end":{"line":800,"column":7}},"295":{"start":{"line":804,"column":18},"end":{"line":807,"column":3}},"296":{"start":{"line":810,"column":2},"end":{"line":810,"column":63}},"297":{"start":{"line":810,"column":27},"end":{"line":810,"column":63}},"298":{"start":{"line":811,"column":2},"end":{"line":811,"column":66}},"299":{"start":{"line":811,"column":28},"end":{"line":811,"column":66}},"300":{"start":{"line":812,"column":2},"end":{"line":812,"column":72}},"301":{"start":{"line":812,"column":30},"end":{"line":812,"column":72}},"302":{"start":{"line":814,"column":2},"end":{"line":814,"column":62}},"303":{"start":{"line":816,"column":17},"end":{"line":816,"column":73}},"304":{"start":{"line":818,"column":2},"end":{"line":824,"column":3}},"305":{"start":{"line":819,"column":4},"end":{"line":819,"column":89}},"306":{"start":{"line":820,"column":4},"end":{"line":823,"column":7}},"307":{"start":{"line":826,"column":2},"end":{"line":830,"column":5}},"308":{"start":{"line":838,"column":23},"end":{"line":838,"column":45}},"309":{"start":{"line":839,"column":71},"end":{"line":839,"column":79}},"310":{"start":{"line":841,"column":2},"end":{"line":846,"column":3}},"311":{"start":{"line":842,"column":4},"end":{"line":845,"column":7}},"312":{"start":{"line":849,"column":18},"end":{"line":849,"column":20}},"313":{"start":{"line":851,"column":2},"end":{"line":860,"column":3}},"314":{"start":{"line":852,"column":24},"end":{"line":852,"column":86}},"315":{"start":{"line":853,"column":4},"end":{"line":858,"column":5}},"316":{"start":{"line":854,"column":6},"end":{"line":857,"column":9}},"317":{"start":{"line":859,"column":4},"end":{"line":859,"column":26}},"318":{"start":{"line":862,"column":2},"end":{"line":871,"column":3}},"319":{"start":{"line":863,"column":27},"end":{"line":863,"column":49}},"320":{"start":{"line":864,"column":4},"end":{"line":869,"column":5}},"321":{"start":{"line":865,"column":6},"end":{"line":868,"column":9}},"322":{"start":{"line":870,"column":4},"end":{"line":870,"column":38}},"323":{"start":{"line":873,"column":2},"end":{"line":875,"column":3}},"324":{"start":{"line":874,"column":4},"end":{"line":874,"column":47}},"325":{"start":{"line":877,"column":2},"end":{"line":879,"column":3}},"326":{"start":{"line":878,"column":4},"end":{"line":878,"column":57}},"327":{"start":{"line":881,"column":2},"end":{"line":886,"column":3}},"328":{"start":{"line":882,"column":4},"end":{"line":885,"column":7}},"329":{"start":{"line":888,"column":2},"end":{"line":888,"column":64}},"330":{"start":{"line":890,"column":17},"end":{"line":890,"column":73}},"331":{"start":{"line":892,"column":2},"end":{"line":898,"column":3}},"332":{"start":{"line":893,"column":4},"end":{"line":893,"column":91}},"333":{"start":{"line":894,"column":4},"end":{"line":897,"column":7}},"334":{"start":{"line":900,"column":2},"end":{"line":904,"column":5}},"335":{"start":{"line":912,"column":23},"end":{"line":912,"column":45}},"336":{"start":{"line":913,"column":40},"end":{"line":913,"column":48}},"337":{"start":{"line":915,"column":2},"end":{"line":920,"column":3}},"338":{"start":{"line":916,"column":4},"end":{"line":919,"column":7}},"339":{"start":{"line":922,"column":2},"end":{"line":927,"column":3}},"340":{"start":{"line":923,"column":4},"end":{"line":926,"column":7}},"341":{"start":{"line":929,"column":2},"end":{"line":929,"column":67}},"342":{"start":{"line":931,"column":17},"end":{"line":931,"column":74}},"343":{"start":{"line":933,"column":2},"end":{"line":939,"column":3}},"344":{"start":{"line":934,"column":4},"end":{"line":934,"column":96}},"345":{"start":{"line":935,"column":4},"end":{"line":938,"column":7}},"346":{"start":{"line":941,"column":2},"end":{"line":945,"column":5}},"347":{"start":{"line":953,"column":23},"end":{"line":953,"column":45}},"348":{"start":{"line":954,"column":40},"end":{"line":954,"column":48}},"349":{"start":{"line":956,"column":2},"end":{"line":961,"column":3}},"350":{"start":{"line":957,"column":4},"end":{"line":960,"column":7}},"351":{"start":{"line":963,"column":2},"end":{"line":963,"column":69}},"352":{"start":{"line":965,"column":17},"end":{"line":965,"column":76}},"353":{"start":{"line":967,"column":2},"end":{"line":973,"column":3}},"354":{"start":{"line":968,"column":4},"end":{"line":968,"column":98}},"355":{"start":{"line":969,"column":4},"end":{"line":972,"column":7}},"356":{"start":{"line":975,"column":2},"end":{"line":979,"column":5}},"357":{"start":{"line":987,"column":23},"end":{"line":987,"column":45}},"358":{"start":{"line":988,"column":23},"end":{"line":988,"column":31}},"359":{"start":{"line":990,"column":2},"end":{"line":995,"column":3}},"360":{"start":{"line":991,"column":4},"end":{"line":994,"column":7}},"361":{"start":{"line":998,"column":22},"end":{"line":998,"column":64}},"362":{"start":{"line":1000,"column":2},"end":{"line":1005,"column":3}},"363":{"start":{"line":1001,"column":4},"end":{"line":1004,"column":7}},"364":{"start":{"line":1007,"column":2},"end":{"line":1012,"column":3}},"365":{"start":{"line":1008,"column":4},"end":{"line":1011,"column":7}},"366":{"start":{"line":1014,"column":2},"end":{"line":1014,"column":94}},"367":{"start":{"line":1016,"column":17},"end":{"line":1016,"column":58}},"368":{"start":{"line":1018,"column":2},"end":{"line":1024,"column":3}},"369":{"start":{"line":1019,"column":4},"end":{"line":1019,"column":80}},"370":{"start":{"line":1020,"column":4},"end":{"line":1023,"column":7}},"371":{"start":{"line":1026,"column":2},"end":{"line":1030,"column":5}},"372":{"start":{"line":1038,"column":23},"end":{"line":1038,"column":45}},"373":{"start":{"line":1051,"column":6},"end":{"line":1051,"column":14}},"374":{"start":{"line":1054,"column":2},"end":{"line":1059,"column":3}},"375":{"start":{"line":1055,"column":4},"end":{"line":1058,"column":7}},"376":{"start":{"line":1061,"column":2},"end":{"line":1066,"column":3}},"377":{"start":{"line":1062,"column":4},"end":{"line":1065,"column":7}},"378":{"start":{"line":1068,"column":25},"end":{"line":1068,"column":47}},"379":{"start":{"line":1069,"column":2},"end":{"line":1074,"column":3}},"380":{"start":{"line":1070,"column":4},"end":{"line":1073,"column":7}},"381":{"start":{"line":1077,"column":22},"end":{"line":1077,"column":84}},"382":{"start":{"line":1078,"column":2},"end":{"line":1083,"column":3}},"383":{"start":{"line":1079,"column":4},"end":{"line":1082,"column":7}},"384":{"start":{"line":1086,"column":22},"end":{"line":1098,"column":3}},"385":{"start":{"line":1100,"column":2},"end":{"line":1100,"column":49}},"386":{"start":{"line":1102,"column":17},"end":{"line":1102,"column":61}},"387":{"start":{"line":1104,"column":2},"end":{"line":1110,"column":3}},"388":{"start":{"line":1105,"column":4},"end":{"line":1105,"column":83}},"389":{"start":{"line":1106,"column":4},"end":{"line":1109,"column":7}},"390":{"start":{"line":1112,"column":2},"end":{"line":1116,"column":5}},"391":{"start":{"line":1128,"column":23},"end":{"line":1128,"column":45}},"392":{"start":{"line":1129,"column":2},"end":{"line":1129,"column":53}},"393":{"start":{"line":1132,"column":23},"end":{"line":1132,"column":55}},"394":{"start":{"line":1134,"column":2},"end":{"line":1140,"column":3}},"395":{"start":{"line":1135,"column":4},"end":{"line":1135,"column":84}},"396":{"start":{"line":1136,"column":4},"end":{"line":1139,"column":7}},"397":{"start":{"line":1142,"column":17},"end":{"line":1142,"column":42}},"398":{"start":{"line":1144,"column":2},"end":{"line":1150,"column":3}},"399":{"start":{"line":1145,"column":4},"end":{"line":1149,"column":7}},"400":{"start":{"line":1153,"column":2},"end":{"line":1153,"column":77}},"401":{"start":{"line":1153,"column":24},"end":{"line":1153,"column":75}},"402":{"start":{"line":1156,"column":24},"end":{"line":1156,"column":25}},"403":{"start":{"line":1157,"column":23},"end":{"line":1157,"column":24}},"404":{"start":{"line":1159,"column":18},"end":{"line":1186,"column":4}},"405":{"start":{"line":1160,"column":16},"end":{"line":1160,"column":39}},"406":{"start":{"line":1162,"column":4},"end":{"line":1183,"column":5}},"407":{"start":{"line":1164,"column":8},"end":{"line":1164,"column":28}},"408":{"start":{"line":1165,"column":8},"end":{"line":1165,"column":14}},"409":{"start":{"line":1167,"column":8},"end":{"line":1167,"column":24}},"410":{"start":{"line":1168,"column":8},"end":{"line":1168,"column":14}},"411":{"start":{"line":1171,"column":8},"end":{"line":1171,"column":63}},"412":{"start":{"line":1172,"column":8},"end":{"line":1172,"column":26}},"413":{"start":{"line":1173,"column":8},"end":{"line":1173,"column":14}},"414":{"start":{"line":1176,"column":8},"end":{"line":1176,"column":65}},"415":{"start":{"line":1177,"column":8},"end":{"line":1177,"column":25}},"416":{"start":{"line":1178,"column":8},"end":{"line":1178,"column":14}},"417":{"start":{"line":1181,"column":8},"end":{"line":1181,"column":61}},"418":{"start":{"line":1182,"column":8},"end":{"line":1182,"column":14}},"419":{"start":{"line":1185,"column":4},"end":{"line":1185,"column":69}},"420":{"start":{"line":1189,"column":21},"end":{"line":1189,"column":22}},"421":{"start":{"line":1190,"column":2},"end":{"line":1199,"column":3}},"422":{"start":{"line":1191,"column":19},"end":{"line":1191,"column":92}},"423":{"start":{"line":1193,"column":4},"end":{"line":1198,"column":5}},"424":{"start":{"line":1194,"column":6},"end":{"line":1194,"column":21}},"425":{"start":{"line":1195,"column":6},"end":{"line":1195,"column":84}},"426":{"start":{"line":1197,"column":6},"end":{"line":1197,"column":91}},"427":{"start":{"line":1201,"column":2},"end":{"line":1201,"column":64}},"428":{"start":{"line":1203,"column":2},"end":{"line":1208,"column":5}},"429":{"start":{"line":1207,"column":30},"end":{"line":1207,"column":88}}},"fnMap":{"0":{"name":"(anonymous_0)","decl":{"start":{"line":36,"column":17},"end":{"line":36,"column":18}},"loc":{"start":{"line":36,"column":37},"end":{"line":108,"column":1}},"line":36},"1":{"name":"handleDashboard","decl":{"start":{"line":110,"column":15},"end":{"line":110,"column":30}},"loc":{"start":{"line":110,"column":41},"end":{"line":280,"column":1}},"line":110},"2":{"name":"(anonymous_2)","decl":{"start":{"line":135,"column":64},"end":{"line":135,"column":65}},"loc":{"start":{"line":135,"column":74},"end":{"line":159,"column":3}},"line":135},"3":{"name":"(anonymous_3)","decl":{"start":{"line":144,"column":40},"end":{"line":144,"column":41}},"loc":{"start":{"line":144,"column":46},"end":{"line":144,"column":55}},"line":144},"4":{"name":"(anonymous_4)","decl":{"start":{"line":161,"column":38},"end":{"line":161,"column":39}},"loc":{"start":{"line":161,"column":54},"end":{"line":161,"column":74}},"line":161},"5":{"name":"(anonymous_5)","decl":{"start":{"line":164,"column":54},"end":{"line":164,"column":55}},"loc":{"start":{"line":164,"column":70},"end":{"line":164,"column":92}},"line":164},"6":{"name":"(anonymous_6)","decl":{"start":{"line":166,"column":12},"end":{"line":166,"column":13}},"loc":{"start":{"line":166,"column":21},"end":{"line":166,"column":126}},"line":166},"7":{"name":"(anonymous_7)","decl":{"start":{"line":166,"column":72},"end":{"line":166,"column":73}},"loc":{"start":{"line":166,"column":77},"end":{"line":166,"column":125}},"line":166},"8":{"name":"(anonymous_8)","decl":{"start":{"line":167,"column":12},"end":{"line":167,"column":13}},"loc":{"start":{"line":167,"column":28},"end":{"line":167,"column":48}},"line":167},"9":{"name":"(anonymous_9)","decl":{"start":{"line":177,"column":49},"end":{"line":177,"column":50}},"loc":{"start":{"line":177,"column":58},"end":{"line":180,"column":5}},"line":177},"10":{"name":"(anonymous_10)","decl":{"start":{"line":187,"column":40},"end":{"line":187,"column":41}},"loc":{"start":{"line":187,"column":45},"end":{"line":187,"column":69}},"line":187},"11":{"name":"(anonymous_11)","decl":{"start":{"line":188,"column":48},"end":{"line":188,"column":49}},"loc":{"start":{"line":188,"column":53},"end":{"line":188,"column":64}},"line":188},"12":{"name":"(anonymous_12)","decl":{"start":{"line":189,"column":45},"end":{"line":189,"column":46}},"loc":{"start":{"line":189,"column":50},"end":{"line":189,"column":60}},"line":189},"13":{"name":"(anonymous_13)","decl":{"start":{"line":193,"column":25},"end":{"line":193,"column":26}},"loc":{"start":{"line":193,"column":30},"end":{"line":197,"column":3}},"line":193},"14":{"name":"(anonymous_14)","decl":{"start":{"line":200,"column":75},"end":{"line":200,"column":76}},"loc":{"start":{"line":200,"column":97},"end":{"line":203,"column":3}},"line":200},"15":{"name":"(anonymous_15)","decl":{"start":{"line":201,"column":27},"end":{"line":201,"column":28}},"loc":{"start":{"line":201,"column":39},"end":{"line":201,"column":55}},"line":201},"16":{"name":"(anonymous_16)","decl":{"start":{"line":205,"column":84},"end":{"line":205,"column":85}},"loc":{"start":{"line":205,"column":89},"end":{"line":205,"column":99}},"line":205},"17":{"name":"(anonymous_17)","decl":{"start":{"line":214,"column":46},"end":{"line":214,"column":47}},"loc":{"start":{"line":214,"column":58},"end":{"line":214,"column":93}},"line":214},"18":{"name":"(anonymous_18)","decl":{"start":{"line":223,"column":25},"end":{"line":223,"column":26}},"loc":{"start":{"line":223,"column":30},"end":{"line":228,"column":5}},"line":223},"19":{"name":"(anonymous_19)","decl":{"start":{"line":229,"column":53},"end":{"line":229,"column":54}},"loc":{"start":{"line":229,"column":63},"end":{"line":229,"column":74}},"line":229},"20":{"name":"(anonymous_20)","decl":{"start":{"line":255,"column":23},"end":{"line":255,"column":24}},"loc":{"start":{"line":255,"column":29},"end":{"line":276,"column":5}},"line":255},"21":{"name":"(anonymous_21)","decl":{"start":{"line":260,"column":68},"end":{"line":260,"column":69}},"loc":{"start":{"line":260,"column":76},"end":{"line":260,"column":120}},"line":260},"22":{"name":"handleCheckIn","decl":{"start":{"line":282,"column":15},"end":{"line":282,"column":28}},"loc":{"start":{"line":282,"column":39},"end":{"line":340,"column":1}},"line":282},"23":{"name":"(anonymous_23)","decl":{"start":{"line":313,"column":53},"end":{"line":313,"column":54}},"loc":{"start":{"line":313,"column":58},"end":{"line":313,"column":82}},"line":313},"24":{"name":"handleCheckWalkIn","decl":{"start":{"line":342,"column":15},"end":{"line":342,"column":32}},"loc":{"start":{"line":342,"column":43},"end":{"line":389,"column":1}},"line":342},"25":{"name":"(anonymous_25)","decl":{"start":{"line":361,"column":51},"end":{"line":361,"column":52}},"loc":{"start":{"line":361,"column":56},"end":{"line":361,"column":80}},"line":361},"26":{"name":"(anonymous_26)","decl":{"start":{"line":364,"column":51},"end":{"line":364,"column":52}},"loc":{"start":{"line":365,"column":6},"end":{"line":365,"column":73}},"line":365},"27":{"name":"handleSeatParty","decl":{"start":{"line":391,"column":15},"end":{"line":391,"column":30}},"loc":{"start":{"line":391,"column":41},"end":{"line":545,"column":1}},"line":391},"28":{"name":"(anonymous_28)","decl":{"start":{"line":441,"column":53},"end":{"line":441,"column":54}},"loc":{"start":{"line":441,"column":58},"end":{"line":441,"column":71}},"line":441},"29":{"name":"(anonymous_29)","decl":{"start":{"line":451,"column":37},"end":{"line":451,"column":38}},"loc":{"start":{"line":451,"column":45},"end":{"line":454,"column":3}},"line":451},"30":{"name":"(anonymous_30)","decl":{"start":{"line":452,"column":53},"end":{"line":452,"column":54}},"loc":{"start":{"line":452,"column":58},"end":{"line":452,"column":71}},"line":452},"31":{"name":"(anonymous_31)","decl":{"start":{"line":489,"column":46},"end":{"line":489,"column":47}},"loc":{"start":{"line":489,"column":66},"end":{"line":499,"column":5}},"line":489},"32":{"name":"(anonymous_32)","decl":{"start":{"line":529,"column":49},"end":{"line":529,"column":50}},"loc":{"start":{"line":530,"column":8},"end":{"line":533,"column":82}},"line":530},"33":{"name":"(anonymous_33)","decl":{"start":{"line":533,"column":17},"end":{"line":533,"column":18}},"loc":{"start":{"line":533,"column":24},"end":{"line":533,"column":81}},"line":533},"34":{"name":"handleCompleteService","decl":{"start":{"line":547,"column":15},"end":{"line":547,"column":36}},"loc":{"start":{"line":547,"column":47},"end":{"line":619,"column":1}},"line":547},"35":{"name":"(anonymous_35)","decl":{"start":{"line":583,"column":33},"end":{"line":583,"column":34}},"loc":{"start":{"line":583,"column":39},"end":{"line":583,"column":48}},"line":583},"36":{"name":"(anonymous_36)","decl":{"start":{"line":596,"column":38},"end":{"line":596,"column":39}},"loc":{"start":{"line":596,"column":50},"end":{"line":603,"column":3}},"line":596},"37":{"name":"(anonymous_37)","decl":{"start":{"line":598,"column":43},"end":{"line":598,"column":44}},"loc":{"start":{"line":598,"column":48},"end":{"line":598,"column":91}},"line":598},"38":{"name":"(anonymous_38)","decl":{"start":{"line":600,"column":106},"end":{"line":600,"column":107}},"loc":{"start":{"line":600,"column":111},"end":{"line":600,"column":125}},"line":600},"39":{"name":"(anonymous_39)","decl":{"start":{"line":603,"column":12},"end":{"line":603,"column":13}},"loc":{"start":{"line":603,"column":18},"end":{"line":603,"column":29}},"line":603},"40":{"name":"(anonymous_40)","decl":{"start":{"line":605,"column":44},"end":{"line":605,"column":45}},"loc":{"start":{"line":606,"column":4},"end":{"line":609,"column":6}},"line":606},"41":{"name":"handleMarkTableClean","decl":{"start":{"line":621,"column":15},"end":{"line":621,"column":35}},"loc":{"start":{"line":621,"column":46},"end":{"line":647,"column":1}},"line":621},"42":{"name":"handleUpdateTableStatus","decl":{"start":{"line":649,"column":15},"end":{"line":649,"column":38}},"loc":{"start":{"line":649,"column":49},"end":{"line":699,"column":1}},"line":649},"43":{"name":"handleUpdateReservation","decl":{"start":{"line":714,"column":15},"end":{"line":714,"column":38}},"loc":{"start":{"line":714,"column":49},"end":{"line":777,"column":1}},"line":714},"44":{"name":"handleUpdateTablePosition","decl":{"start":{"line":785,"column":15},"end":{"line":785,"column":40}},"loc":{"start":{"line":785,"column":51},"end":{"line":831,"column":1}},"line":785},"45":{"name":"handleUpdateTableProperties","decl":{"start":{"line":837,"column":15},"end":{"line":837,"column":42}},"loc":{"start":{"line":837,"column":53},"end":{"line":905,"column":1}},"line":837},"46":{"name":"handleLinkTables","decl":{"start":{"line":911,"column":15},"end":{"line":911,"column":31}},"loc":{"start":{"line":911,"column":42},"end":{"line":946,"column":1}},"line":911},"47":{"name":"handleUnlinkTables","decl":{"start":{"line":952,"column":15},"end":{"line":952,"column":33}},"loc":{"start":{"line":952,"column":44},"end":{"line":980,"column":1}},"line":952},"48":{"name":"handleDeleteTable","decl":{"start":{"line":986,"column":15},"end":{"line":986,"column":32}},"loc":{"start":{"line":986,"column":43},"end":{"line":1031,"column":1}},"line":986},"49":{"name":"handleCreateTable","decl":{"start":{"line":1037,"column":15},"end":{"line":1037,"column":32}},"loc":{"start":{"line":1037,"column":43},"end":{"line":1117,"column":1}},"line":1037},"50":{"name":"handleAutoAssignShapes","decl":{"start":{"line":1127,"column":15},"end":{"line":1127,"column":37}},"loc":{"start":{"line":1127,"column":48},"end":{"line":1209,"column":1}},"line":1127},"51":{"name":"(anonymous_51)","decl":{"start":{"line":1153,"column":14},"end":{"line":1153,"column":15}},"loc":{"start":{"line":1153,"column":24},"end":{"line":1153,"column":75}},"line":1153},"52":{"name":"(anonymous_52)","decl":{"start":{"line":1159,"column":29},"end":{"line":1159,"column":30}},"loc":{"start":{"line":1159,"column":38},"end":{"line":1186,"column":3}},"line":1159},"53":{"name":"(anonymous_53)","decl":{"start":{"line":1207,"column":24},"end":{"line":1207,"column":25}},"loc":{"start":{"line":1207,"column":30},"end":{"line":1207,"column":88}},"line":1207}},"branchMap":{"0":{"loc":{"start":{"line":40,"column":2},"end":{"line":42,"column":3}},"type":"if","locations":[{"start":{"line":40,"column":2},"end":{"line":42,"column":3}},{"start":{},"end":{}}],"line":40},"1":{"loc":{"start":{"line":46,"column":2},"end":{"line":46,"column":26}},"type":"if","locations":[{"start":{"line":46,"column":2},"end":{"line":46,"column":26}},{"start":{},"end":{}}],"line":46},"2":{"loc":{"start":{"line":50,"column":2},"end":{"line":55,"column":3}},"type":"if","locations":[{"start":{"line":50,"column":2},"end":{"line":55,"column":3}},{"start":{},"end":{}}],"line":50},"3":{"loc":{"start":{"line":51,"column":22},"end":{"line":51,"column":46}},"type":"binary-expr","locations":[{"start":{"line":51,"column":22},"end":{"line":51,"column":39}},{"start":{"line":51,"column":43},"end":{"line":51,"column":46}}],"line":51},"4":{"loc":{"start":{"line":61,"column":4},"end":{"line":98,"column":5}},"type":"switch","locations":[{"start":{"line":62,"column":6},"end":{"line":63,"column":47}},{"start":{"line":64,"column":6},"end":{"line":65,"column":45}},{"start":{"line":66,"column":6},"end":{"line":67,"column":49}},{"start":{"line":68,"column":6},"end":{"line":69,"column":47}},{"start":{"line":70,"column":6},"end":{"line":71,"column":53}},{"start":{"line":72,"column":6},"end":{"line":73,"column":52}},{"start":{"line":74,"column":6},"end":{"line":75,"column":55}},{"start":{"line":76,"column":6},"end":{"line":77,"column":55}},{"start":{"line":79,"column":6},"end":{"line":80,"column":57}},{"start":{"line":81,"column":6},"end":{"line":82,"column":59}},{"start":{"line":83,"column":6},"end":{"line":84,"column":48}},{"start":{"line":85,"column":6},"end":{"line":86,"column":50}},{"start":{"line":87,"column":6},"end":{"line":88,"column":49}},{"start":{"line":89,"column":6},"end":{"line":90,"column":49}},{"start":{"line":91,"column":6},"end":{"line":92,"column":54}},{"start":{"line":93,"column":6},"end":{"line":97,"column":11}}],"line":61},"5":{"loc":{"start":{"line":112,"column":19},"end":{"line":112,"column":45}},"type":"binary-expr","locations":[{"start":{"line":112,"column":19},"end":{"line":112,"column":36}},{"start":{"line":112,"column":40},"end":{"line":112,"column":45}}],"line":112},"6":{"loc":{"start":{"line":125,"column":2},"end":{"line":130,"column":3}},"type":"if","locations":[{"start":{"line":125,"column":2},"end":{"line":130,"column":3}},{"start":{},"end":{}}],"line":125},"7":{"loc":{"start":{"line":125,"column":6},"end":{"line":125,"column":98}},"type":"binary-expr","locations":[{"start":{"line":125,"column":6},"end":{"line":125,"column":27}},{"start":{"line":125,"column":31},"end":{"line":125,"column":59}},{"start":{"line":125,"column":63},"end":{"line":125,"column":98}}],"line":125},"8":{"loc":{"start":{"line":132,"column":25},"end":{"line":132,"column":66}},"type":"binary-expr","locations":[{"start":{"line":132,"column":25},"end":{"line":132,"column":58}},{"start":{"line":132,"column":62},"end":{"line":132,"column":66}}],"line":132},"9":{"loc":{"start":{"line":143,"column":24},"end":{"line":145,"column":65}},"type":"cond-expr","locations":[{"start":{"line":144,"column":8},"end":{"line":144,"column":56}},{"start":{"line":145,"column":9},"end":{"line":145,"column":64}}],"line":143},"10":{"loc":{"start":{"line":145,"column":9},"end":{"line":145,"column":64}},"type":"cond-expr","locations":[{"start":{"line":145,"column":43},"end":{"line":145,"column":59}},{"start":{"line":145,"column":62},"end":{"line":145,"column":64}}],"line":145},"11":{"loc":{"start":{"line":166,"column":21},"end":{"line":166,"column":126}},"type":"binary-expr","locations":[{"start":{"line":166,"column":21},"end":{"line":166,"column":48}},{"start":{"line":166,"column":52},"end":{"line":166,"column":126}}],"line":166},"12":{"loc":{"start":{"line":174,"column":2},"end":{"line":184,"column":3}},"type":"if","locations":[{"start":{"line":174,"column":2},"end":{"line":184,"column":3}},{"start":{},"end":{}}],"line":174},"13":{"loc":{"start":{"line":174,"column":6},"end":{"line":174,"column":54}},"type":"binary-expr","locations":[{"start":{"line":174,"column":6},"end":{"line":174,"column":26}},{"start":{"line":174,"column":30},"end":{"line":174,"column":54}}],"line":174},"14":{"loc":{"start":{"line":194,"column":21},"end":{"line":194,"column":41}},"type":"binary-expr","locations":[{"start":{"line":194,"column":21},"end":{"line":194,"column":31}},{"start":{"line":194,"column":35},"end":{"line":19
[...]
,"column":101},"end":{"line":177,"column":111}},{"start":{"line":177,"column":114},"end":{"line":177,"column":122}}],"line":177},"18":{"loc":{"start":{"line":177,"column":19},"end":{"line":177,"column":97}},"type":"binary-expr","locations":[{"start":{"line":177,"column":19},"end":{"line":177,"column":36}},{"start":{"line":177,"column":40},"end":{"line":177,"column":57}},{"start":{"line":177,"column":61},"end":{"line":177,"column":77}},{"start":{"line":177,"column":81},"end":{"line":177,"column":97}}],"line":177},"19":{"loc":{"start":{"line":178,"column":17},"end":{"line":178,"column":30}},"type":"binary-expr","locations":[{"start":{"line":178,"column":17},"end":{"line":178,"column":24}},{"start":{"line":178,"column":28},"end":{"line":178,"column":30}}],"line":178},"20":{"loc":{"start":{"line":179,"column":29},"end":{"line":179,"column":104}},"type":"binary-expr","locations":[{"start":{"line":179,"column":29},"end":{"line":179,"column":48}},{"start":{"line":179,"column":52},"end":{"line":179,"column":104}}],"line":179},"21":{"loc":{"start":{"line":180,"column":23},"end":{"line":180,"column":42}},"type":"binary-expr","locations":[{"start":{"line":180,"column":23},"end":{"line":180,"column":36}},{"start":{"line":180,"column":40},"end":{"line":180,"column":42}}],"line":180},"22":{"loc":{"start":{"line":181,"column":30},"end":{"line":181,"column":56}},"type":"binary-expr","locations":[{"start":{"line":181,"column":30},"end":{"line":181,"column":50}},{"start":{"line":181,"column":54},"end":{"line":181,"column":56}}],"line":181},"23":{"loc":{"start":{"line":182,"column":21},"end":{"line":182,"column":38}},"type":"binary-expr","locations":[{"start":{"line":182,"column":21},"end":{"line":182,"column":32}},{"start":{"line":182,"column":36},"end":{"line":182,"column":38}}],"line":182},"24":{"loc":{"start":{"line":196,"column":4},"end":{"line":221,"column":5}},"type":"if","locations":[{"start":{"line":196,"column":4},"end":{"line":221,"column":5}},{"start":{"line":209,"column":11},"end":{"line":221,"column":5}}],"line":196},"25":{"loc":{"start":{"line":206,"column":6},"end":{"line":206,"column":29}},"type":"if","locations":[{"start":{"line":206,"column":6},"end":{"line":206,"column":29}},{"start":{},"end":{}}],"line":206},"26":{"loc":{"start":{"line":218,"column":6},"end":{"line":218,"column":29}},"type":"if","locations":[{"start":{"line":218,"column":6},"end":{"line":218,"column":29}},{"start":{},"end":{}}],"line":218},"27":{"loc":{"start":{"line":232,"column":4},"end":{"line":236,"column":5}},"type":"if","locations":[{"start":{"line":232,"column":4},"end":{"line":236,"column":5}},{"start":{"line":234,"column":11},"end":{"line":236,"column":5}}],"line":232},"28":{"loc":{"start":{"line":242,"column":23},"end":{"line":242,"column":34}},"type":"binary-expr","locations":[{"start":{"line":242,"column":23},"end":{"line":242,"column":28}},{"start":{"line":242,"column":32},"end":{"line":242,"column":34}}],"line":242},"29":{"loc":{"start":{"line":243,"column":32},"end":{"line":243,"column":49}},"type":"binary-expr","locations":[{"start":{"line":243,"column":32},"end":{"line":243,"column":43}},{"start":{"line":243,"column":47},"end":{"line":243,"column":49}}],"line":243},"30":{"loc":{"start":{"line":253,"column":22},"end":{"line":253,"column":51}},"type":"binary-expr","locations":[{"start":{"line":253,"column":22},"end":{"line":253,"column":42}},{"start":{"line":253,"column":46},"end":{"line":253,"column":51}}],"line":253},"31":{"loc":{"start":{"line":254,"column":19},"end":{"line":254,"column":48}},"type":"binary-expr","locations":[{"start":{"line":254,"column":19},"end":{"line":254,"column":36}},{"start":{"line":254,"column":40},"end":{"line":254,"column":48}}],"line":254},"32":{"loc":{"start":{"line":256,"column":30},"end":{"line":256,"column":67}},"type":"binary-expr","locations":[{"start":{"line":256,"column":30},"end":{"line":256,"column":58}},{"start":{"line":256,"column":62},"end":{"line":256,"column":67}}],"line":256},"33":{"loc":{"start":{"line":263,"column":4},"end":{"line":273,"column":5}},"type":"if","locations":[{"start":{"line":263,"column":4},"end":{"line":273,"column":5}},{"start":{"line":271,"column":11},"end":{"line":273,"column":5}}],"line":263},"34":{"loc":{"start":{"line":269,"column":6},"end":{"line":269,"column":41}},"type":"if","locations":[{"start":{"line":269,"column":6},"end":{"line":269,"column":41}},{"start":{},"end":{}}],"line":269},"35":{"loc":{"start":{"line":284,"column":6},"end":{"line":286,"column":7}},"type":"if","locations":[{"start":{"line":284,"column":6},"end":{"line":286,"column":7}},{"start":{},"end":{}}],"line":284},"36":{"loc":{"start":{"line":290,"column":6},"end":{"line":311,"column":7}},"type":"if","locations":[{"start":{"line":290,"column":6},"end":{"line":311,"column":7}},{"start":{"line":293,"column":13},"end":{"line":311,"column":7}}],"line":290},"37":{"loc":{"start":{"line":304,"column":8},"end":{"line":310,"column":9}},"type":"if","locations":[{"start":{"line":304,"column":8},"end":{"line":310,"column":9}},{"start":{"line":307,"column":15},"end":{"line":310,"column":9}}],"line":304},"38":{"loc":{"start":{"line":350,"column":23},"end":{"line":350,"column":62}},"type":"binary-expr","locations":[{"start":{"line":350,"column":23},"end":{"line":350,"column":51}},{"start":{"line":350,"column":55},"end":{"line":350,"column":62}}],"line":350},"39":{"loc":{"start":{"line":410,"column":26},"end":{"line":410,"column":57}},"type":"binary-expr","locations":[{"start":{"line":410,"column":26},"end":{"line":410,"column":49}},{"start":{"line":410,"column":53},"end":{"line":410,"column":57}}],"line":410},"40":{"loc":{"start":{"line":411,"column":19},"end":{"line":411,"column":61}},"type":"binary-expr","locations":[{"start":{"line":411,"column":19},"end":{"line":411,"column":50}},{"start":{"line":411,"column":54},"end":{"line":411,"column":61}}],"line":411},"41":{"loc":{"start":{"line":412,"column":28},"end":{"line":412,"column":85}},"type":"binary-expr","locations":[{"start":{"line":412,"column":28},"end":{"line":412,"column":59}},{"start":{"line":412,"column":63},"end":{"line":412,"column":85}}],"line":412},"42":{"loc":{"start":{"line":413,"column":28},"end":{"line":413,"column":85}},"type":"binary-expr","locations":[{"start":{"line":413,"column":28},"end":{"line":413,"column":59}},{"start":{"line":413,"column":63},"end":{"line":413,"column":85}}],"line":413},"43":{"loc":{"start":{"line":427,"column":13},"end":{"line":427,"column":36}},"type":"binary-expr","locations":[{"start":{"line":427,"column":13},"end":{"line":427,"column":18}},{"start":{"line":427,"column":22},"end":{"line":427,"column":36}}],"line":427},"44":{"loc":{"start":{"line":429,"column":15},"end":{"line":429,"column":30}},"type":"binary-expr","locations":[{"start":{"line":429,"column":15},"end":{"line":429,"column":22}},{"start":{"line":429,"column":26},"end":{"line":429,"column":30}}],"line":429},"45":{"loc":{"start":{"line":430,"column":16},"end":{"line":430,"column":46}},"type":"binary-expr","locations":[{"start":{"line":430,"column":16},"end":{"line":430,"column":33}},{"start":{"line":430,"column":37},"end":{"line":430,"column":46}}],"line":430},"46":{"loc":{"start":{"line":441,"column":30},"end":{"line":441,"column":56}},"type":"binary-expr","locations":[{"start":{"line":441,"column":30},"end":{"line":441,"column":50}},{"start":{"line":441,"column":54},"end":{"line":441,"column":56}}],"line":441},"47":{"loc":{"start":{"line":442,"column":29},"end":{"line":442,"column":46}},"type":"binary-expr","locations":[{"start":{"line":442,"column":29},"end":{"line":442,"column":40}},{"start":{"line":442,"column":44},"end":{"line":442,"column":46}}],"line":442},"48":{"loc":{"start":{"line":443,"column":29},"end":{"line":443,"column":78}},"type":"binary-expr","locations":[{"start":{"line":443,"column":29},"end":{"line":443,"column":48}},{"start":{"line":443,"column":52},"end":{"line":443,"column":78}}],"line":443},"49":{"loc":{"start":{"line":444,"column":23},"end":{"line":444,"column":42}},"type":"binary-expr","locations":[{"start":{"line":444,"column":23},"end":{"line":444,"column":36}},{"start":{"line":444,"column":40},"end":{"line":444,"column":42}}],"line":444},"50":{"loc":{"start":{"line":450,"column":39},"end":{"line":450,"column":68}},"type":"binary-expr","locations":[{"start":{"line":450,"column":39},"end":{"line":450,"column":62}},{"start":{"line":450,"column":66},"end":{"line":450,"column":68}}],"line":450},"51":{"loc":{"start":{"line":453,"column":21},"end":{"line":453,"column":39}},"type":"binary-expr","locations":[{"start":{"line":453,"column":21},"end":{"line":453,"column":33}},{"start":{"line":453,"column":37},"end":{"line":453,"column":39}}],"line":453},"52":{"loc":{"start":{"line":456,"column":16},"end":{"line":456,"column":38}},"type":"binary-expr","locations":[{"start":{"line":456,"column":16},"end":{"line":456,"column":25}},{"start":{"line":456,"column":29},"end":{"line":456,"column":38}}],"line":456},"53":{"loc":{"start":{"line":469,"column":29},"end":{"line":469,"column":58}},"type":"binary-expr","locations":[{"start":{"line":469,"column":29},"end":{"line":469,"column":50}},{"start":{"line":469,"column":54},"end":{"line":469,"column":58}}],"line":469},"54":{"loc":{"start":{"line":470,"column":10},"end":{"line":472,"column":12}},"type":"cond-expr","locations":[{"start":{"line":470,"column":52},"end":{"line":472,"column":7}},{"start":{"line":472,"column":10},"end":{"line":472,"column":12}}],"line":470},"55":{"loc":{"start":{"line":476,"column":4},"end":{"line":478,"column":5}},"type":"if","locations":[{"start":{"line":476,"column":4},"end":{"line":478,"column":5}},{"start":{},"end":{}}],"line":476},"56":{"loc":{"start":{"line":483,"column":6},"end":{"line":520,"column":7}},"type":"if","locations":[{"start":{"line":483,"column":6},"end":{"line":520,"column":7}},{"start":{"line":517,"column":13},"end":{"line":520,"column":7}}],"line":483},"57":{"loc":{"start":{"line":491,"column":8},"end":{"line":516,"column":9}},"type":"if","locations":[{"start":{"line":491,"column":8},"end":{"line":516,"column":9}},{"start":{"line":504,"column":15},"end":{"line":516,"column":9}}],"line":491},"58":{"loc":{"start":{"line":501,"column":10},"end":{"line":501,"column":33}},"type":"if","locations":[{"start":{"line":501,"column":10},"end":{"line":501,"column":33}},{"start":{},"end":{}}],"line":501},"59":{"loc":{"start":{"line":513,"column":10},"end":{"line":513,"column":33}},"type":"if","locations":[{"start":{"line":513,"column":10},"end":{"line":513,"column":33}},{"start":{},"end":{}}],"line":513},"60":{"loc":{"start":{"line":523,"column":6},"end":{"line":535,"column":7}},"type":"if","locations":[{"start":{"line":523,"column":6},"end":{"line":535,"column":7}},{"start":{},"end":{}}],"line":523},"61":{"loc":{"start":{"line":523,"column":10},"end":{"line":523,"column":69}},"type":"binary-expr","locations":[{"start":{"line":523,"column":10},"end":{"line":523,"column":22}},{"start":{"line":523,"column":26},"end":{"line":523,"column":69}}],"line":523},"62":{"loc":{"start":{"line":530,"column":8},"end":{"line":534,"column":9}},"type":"if","locations":[{"start":{"line":530,"column":8},"end":{"line":534,"column":9}},{"start":{"line":532,"column":15},"end":{"line":534,"column":9}}],"line":530},"63":{"loc":{"start":{"line":555,"column":4},"end":{"line":564,"column":5}},"type":"if","locations":[{"start":{"line":555,"column":4},"end":{"line":564,"column":5}},{"start":{},"end":{}}],"line":555},"64":{"loc":{"start":{"line":568,"column":37},"end":{"line":568,"column":101}},"type":"binary-expr","locations":[{"start":{"line":568,"column":37},"end":{"line":568,"column":59}},{"start":{"line":568,"column":63},"end":{"line":568,"column":101}}],"line":568},"65":{"loc":{"start":{"line":574,"column":27},"end":{"line":574,"column":58}},"type":"binary-expr","locations":[{"start":{"line":574,"column":27},"end":{"line":574,"column":52}},{"start":{"line":574,"column":56},"end":{"line":574,"column":58}}],"line":574},"66":{"loc":{"start":{"line":579,"column":20},"end":{"line":579,"column":63}},"type":"binary-expr","locations":[{"start":{"line":579,"column":20},"end":{"line":579,"column":37}},{"start":{"line":579,"column":41},"end":{"line":579,"column":63}}],"line":579},"67":{"loc":{"start":{"line":580,"column":20},"end":{"line":580,"column":51}},"type":"binary-expr","locations":[{"start":{"line":580,"column":20},"end":{"line":580,"column":43}},{"start":{"line":580,"column":47},"end":{"line":580,"column":51}}],"line":580},"68":{"loc":{"start":{"line":589,"column":6},"end":{"line":629,"column":7}},"type":"if","locations":[{"start":{"line":589,"column":6},"end":{"line":629,"column":7}},{"start":{"line":622,"column":13},"end":{"line":629,"column":7}}],"line":589},"69":{"loc":{"start":{"line":594,"column":30},"end":{"line":594,"column":73}},"type":"binary-expr","locations":[{"start":{"line":594,"column":30},"end":{"line":594,"column":47}},{"start":{"line":594,"column":51},"end":{"line":594,"column":73}}],"line":594},"70":{"loc":{"start":{"line":601,"column":28},"end":{"line":601,"column":59}},"type":"binary-expr","locations":[{"start":{"line":601,"column":28},"end":{"line":601,"column":51}},{"start":{"line":601,"column":55},"end":{"line":601,"column":59}}],"line":601},"71":{"loc":{"start":{"line":607,"column":8},"end":{"line":618,"column":9}},"type":"if","locations":[{"start":{"line":607,"column":8},"end":{"line":618,"column":9}},{"start":{},"end":{}}],"line":607},"72":{"loc":{"start":{"line":613,"column":30},"end":{"line":613,"column":61}},"type":"binary-expr","locations":[{"start":{"line":613,"column":30},"end":{"line":613,"column":53}},{"start":{"line":613,"column":57},"end":{"line":613,"column":61}}],"line":613},"73":{"loc":{"start":{"line":641,"column":21},"end":{"line":641,"column":109}},"type":"binary-expr","locations":[{"start":{"line":641,"column":21},"end":{"line":641,"column":63}},{"start":{"line":641,"column":67},"end":{"line":641,"column":109}}],"line":641},"74":{"loc":{"start":{"line":641,"column":22},"end":{"line":641,"column":35}},"type":"binary-expr","locations":[{"start":{"line":641,"column":22},"end":{"line":641,"column":29}},{"start":{"line":641,"column":33},"end":{"line":641,"column":35}}],"line":641},"75":{"loc":{"start":{"line":641,"column":68},"end":{"line":641,"column":81}},"type":"binary-expr","locations":[{"start":{"line":641,"column":68},"end":{"line":641,"column":75}},{"start":{"line":641,"column":79},"end":{"line":641,"column":81}}],"line":641},"76":{"loc":{"start":{"line":646,"column":36},"end":{"line":646,"column":79}},"type":"binary-expr","locations":[{"start":{"line":646,"column":36},"end":{"line":646,"column":52}},{"start":{"line":646,"column":56},"end":{"line":646,"column":79}}],"line":646},"77":{"loc":{"start":{"line":648,"column":6},"end":{"line":699,"column":7}},"type":"if","locations":[{"start":{"line":648,"column":6},"end":{"line":699,"column":7}},{"start":{"line":673,"column":13},"end":{"line":699,"column":7}}],"line":648},"78":{"loc":{"start":{"line":648,"column":10},"end":{"line":648,"column":67}},"type":"binary-expr","locations":[{"start":{"line":648,"column":10},"end":{"line":648,"column":18}},{"start":{"line":648,"column":23},"end":{"line":648,"column":28}},{"start":{"line":648,"column":32},"end":{"line":648,"column":47}},{"start":{"line":648,"column":51},"end":{"line":648,"column":66}}],"line":648},"79":{"loc":{"start":{"line":656,"column":25},"end":{"line":656,"column":55}},"type":"binary-expr","locations":[{"start":{"line":656,"column":25},"end":{"line":656,"column":31}},{"start":{"line":656,"column":35},"end":{"line":656,"column":55}}],"line":656},"80":{"loc":{"start":{"line":667,"column":8},"end":{"line":672,"column":9}},"type":"if","locations":[{"start":{"line":667,"column":8},"end":{"line":672,"column":9}},{"start":{"line":669,"column":15},"end":{"line":672,"column":9}}],"line":667},"81":{"loc":{"start":{"line":681,"column":25},"end":{"line":681,"column":55}},"type":"binary-expr","locations":[{"start":{"line":681,"column":25},"end":{"line":681,"column":31}},{"start":{"line":681,"column":35},"end":{"line":681,"column":55}}],"line":681},"82":{"loc":{"start":{"line":683,"column":23},"end":{"line":683,"column":39}},"type":"binary-expr","locations":[{"start":{"line":683,"column":23},"end":{"line":683,"column":27}},{"start":{"line":683,"column":31},"end":{"line":683,"column":39}}],"line":683},"83":{"loc":{"start":{"line":693,"column":8},"end":{"line":698,"column":9}},"type":"if","locations":[{"start":{"line":693,"column":8},"end":{"line":698,"column":9}},{"start":{"line":695,"column":15},"end":{"line":698,"column":9}}],"line":693},"84":{"loc":{"start":{"line":718,"column":19},"end":{"line":718,"column":55}},"type":"binary-expr","locations":[{"start":{"line":718,"column":19},"end":{"line":718,"column":47}},{"start":{"line":718,"column":51},"end":{"line":718,"column":55}}],"line":718},"85":{"loc":{"start":{"line":726,"column":15},"end":{"line":726,"column":61}},"type":"binary-expr","locations":[{"start":{"line":726,"column":15},"end":{"line":726,"column":28}},{"start":{"line":726,"column":32},"end":{"line":726,"column":42}},{"start":{"line":726,"column":46},"end":{"line":726,"column":61}}],"line":726}},"s":{"0":1,"1":1,"2":1,"3":1,"4":1,"5":1,"6":18,"7":18,"8":18,"9":18,"10":0,"11":18,"12":18,"13":18,"14":18,"15":0,"16":18,"17":1,"18":22,"19":22,"20":22,"21":22,"22":1,"23":21,"24":1,"25":20,"26":20,"27":1,"28":19,"29":19,"30":19,"31":1,"32":18,"33":18,"34":18,"35":18,"36":18,"37":18,"38":1,"39":18,"40":18,"41":18,"42":18,"43":18,"44":18,"45":0,"46":18,"47":18,"48":0,"49":0,"50":0,"51":0,"52":0,"53":18,"54":18,"55":18,"56":0,"57":18,"58":18,"59":18,"60":18,"61":17,"62":17,"63":17,"64":48,"65":48,"66":18,"67":16,"68":16,"69":0,"70":16,"71":2,"72":18,"73":18,"74":18,"75":17,"76":1,"77":17,"78":1,"79":17,"80":1,"81":1,"82":16,"83":16,"84":1,"85":15,"86":15,"87":1,"88":18,"89":17,"90":18,"91":18,"92":17,"93":17,"94":17,"95":17,"96":17,"97":48,"98":48,"99":18,"100":18,"101":18,"102":18,"103":18,"104":18,"105":18,"106":18,"107":18,"108":18,"109":18,"110":18,"111":18,"112":18,"113":18,"114":0,"115":18,"116":16,"117":18,"118":18,"119":16,"120":16,"121":16,"122":16,"123":0,"124":16,"125":16,"126":0,"127":0,"128":0,"129":0,"130":0,"131":2,"132":18,"133":0,"134":0,"135":0,"136":0,"137":0,"138":0,"139":0,"140":18,"141":18,"142":18,"143":18,"144":18,"145":18,"146":18,"147":18,"148":18,"149":18,"150":18,"151":17,"152":17,"153":1,"154":1,"155":1,"156":1,"157":1,"158":1,"159":1,"160":1,"161":1,"162":16,"163":16,"164":1,"165":1,"166":18,"167":18,"168":18,"169":18,"170":18,"171":18,"172":18,"173":13,"174":13,"175":13,"176":0,"177":13,"178":13,"179":5,"180":5,"181":5,"182":0,"183":5,"184":5,"185":0,"186":18,"187":18,"188":0,"189":0},"f":{"0":18,"1":18,"2":22,"3":1,"4":17,"5":17,"6":18,"7":0,"8":18},"b":{"0":[0,18],"1":[18,18],"2":[0,18],"3":[18,18],"4":[22,0],"5":[1,21],"6":[1,20],"7":[1,19],"8":[1,18],"9":[19,19,18,18],"10":[18,18],"11":[0,18],"12":[1,17],"13":[18,1],"14":[18,0],"15":[18,18],"16":[18,18],"17":[0,18],"18":[18,18,18,18],"19":[18,18],"20":[18,18],"21":[18,18],"22":[18,18],"23":[18,18],"24":[18,0],"25":[0,18],"26":[0,0],"27":[0,18],"28":[18,0],"29":[17,0],"30":[48,48],"31":[48,0],"32":[48,48],"33":[16,2],"34":[0,16],"35":[1,16],"36":[1,16],"37":[1,15],"38":[18,18],"39":[18,17],"40":[18,0],"41":[18,0],"42":[18,0],"43":[18,0],"44":[18,18],"45":[18,17],"46":[18,18],"47":[18,18],"48":[18,18],"49":[18,18],"50":[18,18],"51":[18,18],"52":[0,0],"53":[18,18],"54":[0,18],"55":[16,2],"56":[16,2],"57":[16,0],"58":[0,16],"59":[0,0],"60":[0,18],"61":[18,16],"62":[0,0],"63":[18,0],"64":[18,0],"65":[18,0],"66":[18,17],"67":[18,17],"68":[1,16],"69":[1,0],"70":[1,0],"71":[1,0],"72":[1,0],"73":[18,6],"74":[18,2],"75":[6,2],"76":[18,2],"77":[13,5],"78":[18,13,0,0],"79":[13,2],"80":[0,13],"81":[5,0],"82":[5,5],"83":[0,5],"84":[18,13],"85":[0,0,0]},"_coverageSchema":"1a1c01bbd47fc00a2c39e90264f33305004495a9","hash":"b66f8e393c9315902930624c3e7c1d51d9c45fbe"}
}
