TN:
SF:api\analytics.js
FN:13,getReservationRows
FN:28,getServiceRecordRows
FN:43,calculateAnalytics
FN:69,(anonymous_3)
FN:74,(anonymous_4)
FN:80,(anonymous_5)
FN:81,(anonymous_6)
FN:85,(anonymous_7)
FN:90,(anonymous_8)
FN:91,(anonymous_9)
FN:98,(anonymous_10)
FN:102,(anonymous_11)
FN:108,(anonymous_12)
FN:116,(anonymous_13)
FN:127,(anonymous_14)
FN:128,(anonymous_15)
FN:158,(anonymous_16)
FN:160,(anonymous_17)
FN:164,(anonymous_18)
FN:167,(anonymous_19)
FN:186,(anonymous_20)
FN:192,(anonymous_21)
FN:221,(anonymous_22)
FN:226,(anonymous_23)
FNF:24
FNH:23
FNDA:21,getReservationRows
FNDA:21,getServiceRecordRows
FNDA:21,calculateAnalytics
FNDA:12,(anonymous_3)
FNDA:3,(anonymous_4)
FNDA:34,(anonymous_5)
FNDA:0,(anonymous_6)
FNDA:9,(anonymous_7)
FNDA:3,(anonymous_8)
FNDA:3,(anonymous_9)
FNDA:3,(anonymous_10)
FNDA:9,(anonymous_11)
FNDA:9,(anonymous_12)
FNDA:9,(anonymous_13)
FNDA:34,(anonymous_14)
FNDA:6,(anonymous_15)
FNDA:9,(anonymous_16)
FNDA:60,(anonymous_17)
FNDA:3,(anonymous_18)
FNDA:21,(anonymous_19)
FNDA:17,(anonymous_20)
FNDA:24,(anonymous_21)
FNDA:21,(anonymous_22)
FNDA:21,(anonymous_23)
DA:5,1
DA:7,1
DA:8,1
DA:9,1
DA:10,1
DA:11,1
DA:14,21
DA:15,21
DA:20,21
DA:21,20
DA:23,1
DA:24,1
DA:29,21
DA:30,21
DA:35,21
DA:36,20
DA:38,1
DA:39,1
DA:44,21
DA:51,20
DA:52,20
DA:53,20
DA:54,20
DA:56,20
DA:57,3
DA:60,17
DA:61,17
DA:62,17
DA:63,17
DA:65,17
DA:66,17
DA:67,17
DA:69,17
DA:70,12
DA:71,12
DA:74,17
DA:75,3
DA:78,17
DA:79,17
DA:80,34
DA:81,17
DA:83,17
DA:84,17
DA:85,9
DA:86,8
DA:89,17
DA:90,3
DA:92,3
DA:93,3
DA:94,3
DA:97,17
DA:98,3
DA:101,17
DA:102,17
DA:103,9
DA:104,9
DA:107,17
DA:108,17
DA:109,9
DA:110,9
DA:111,9
DA:112,9
DA:115,17
DA:116,17
DA:117,9
DA:118,9
DA:119,9
DA:120,9
DA:121,7
DA:122,6
DA:123,2
DA:124,9
DA:127,17
DA:128,34
DA:129,6
DA:130,6
DA:131,6
DA:134,34
DA:136,34
DA:145,17
DA:146,17
DA:147,119
DA:148,119
DA:149,119
DA:150,119
DA:158,17
DA:159,9
DA:160,60
DA:161,9
DA:164,17
DA:165,3
DA:166,3
DA:167,21
DA:168,3
DA:171,17
DA:186,17
DA:192,1
DA:193,24
DA:194,24
DA:195,24
DA:197,24
DA:198,1
DA:201,23
DA:202,1
DA:206,22
DA:207,22
DA:210,22
DA:211,22
DA:212,1
DA:217,21
DA:220,21
DA:221,21
DA:222,21
DA:225,21
DA:226,21
DA:227,21
DA:229,21
DA:230,21
DA:231,21
DA:232,21
DA:233,20
DA:235,1
DA:236,1
LF:123
LH:123
BRDA:20,0,0,1
BRDA:20,0,1,20
BRDA:21,1,0,20
BRDA:21,1,1,0
BRDA:35,2,0,1
BRDA:35,2,1,20
BRDA:36,3,0,20
BRDA:36,3,1,0
BRDA:43,4,0,0
BRDA:56,5,0,3
BRDA:56,5,1,17
BRDA:56,6,0,20
BRDA:56,6,1,19
BRDA:56,6,2,18
BRDA:62,7,0,17
BRDA:62,7,1,0
BRDA:63,8,0,17
BRDA:63,8,1,0
BRDA:66,9,0,2
BRDA:66,9,1,15
BRDA:66,10,0,2
BRDA:66,10,1,13
BRDA:70,11,0,12
BRDA:70,11,1,0
BRDA:75,12,0,3
BRDA:75,12,1,3
BRDA:84,13,0,8
BRDA:84,13,1,9
BRDA:85,14,0,9
BRDA:85,14,1,0
BRDA:90,15,0,3
BRDA:90,15,1,3
BRDA:97,16,0,2
BRDA:97,16,1,15
BRDA:103,17,0,9
BRDA:103,17,1,0
BRDA:104,18,0,9
BRDA:104,18,1,8
BRDA:112,19,0,9
BRDA:112,19,1,9
BRDA:117,20,0,9
BRDA:117,20,1,0
BRDA:118,21,0,9
BRDA:118,21,1,0
BRDA:120,22,0,2
BRDA:120,22,1,7
BRDA:120,23,0,9
BRDA:120,23,1,8
BRDA:121,24,0,1
BRDA:121,24,1,6
BRDA:121,25,0,7
BRDA:121,25,1,6
BRDA:122,26,0,4
BRDA:122,26,1,2
BRDA:122,27,0,6
BRDA:122,27,1,5
BRDA:123,28,0,1
BRDA:123,28,1,1
BRDA:124,29,0,9
BRDA:124,29,1,8
BRDA:129,30,0,6
BRDA:129,30,1,0
BRDA:130,31,0,6
BRDA:130,31,1,0
BRDA:134,32,0,4
BRDA:134,32,1,30
BRDA:161,33,0,8
BRDA:161,33,1,1
BRDA:165,34,0,0
BRDA:165,34,1,3
BRDA:168,35,0,3
BRDA:168,35,1,0
BRDA:197,36,0,1
BRDA:197,36,1,23
BRDA:201,37,0,1
BRDA:201,37,1,22
BRDA:207,38,0,0
BRDA:207,38,1,22
BRDA:211,39,0,1
BRDA:211,39,1,21
BRDA:212,40,0,1
BRDA:212,40,1,0
BRDA:222,41,0,0
BRDA:222,41,1,21
BRDA:227,42,0,0
BRDA:227,42,1,21
BRDA:231,43,0,21
BRDA:231,43,1,15
BRF:88
BRH:70
end_of_record
TN:
SF:api\check-availability.js
FN:7,(anonymous_0)
FN:113,(anonymous_1)
FNF:2
FNH:2
FNDA:21,(anonymous_0)
FNDA:3,(anonymous_1)
DA:1,1
DA:2,1
DA:3,1
DA:4,1
DA:5,1
DA:7,1
DA:9,21
DA:10,21
DA:11,21
DA:13,21
DA:14,2
DA:18,19
DA:19,19
DA:21,18
DA:22,18
DA:23,18
DA:25,18
DA:26,2
DA:33,16
DA:34,3
DA:42,13
DA:43,11
DA:44,1
DA:47,10
DA:48,10
DA:49,1
DA:56,9
DA:57,9
DA:58,9
DA:59,9
DA:62,9
DA:63,9
DA:65,9
DA:66,1
DA:69,8
DA:70,8
DA:73,8
DA:80,8
DA:81,4
DA:94,4
DA:103,4
DA:113,3
DA:122,2
DA:123,2
LF:44
LH:44
BRDA:13,0,0,2
BRDA:13,0,1,19
BRDA:19,1,0,1
BRDA:19,1,1,18
BRDA:22,2,0,2
BRDA:22,2,1,16
BRDA:25,3,0,2
BRDA:25,3,1,16
BRDA:33,4,0,3
BRDA:33,4,1,13
BRDA:33,5,0,16
BRDA:33,5,1,15
BRDA:33,5,2,14
BRDA:43,6,0,1
BRDA:43,6,1,10
BRDA:48,7,0,1
BRDA:48,7,1,9
BRDA:56,8,0,9
BRDA:56,8,1,1
BRDA:57,9,0,9
BRDA:57,9,1,1
BRDA:58,10,0,9
BRDA:58,10,1,1
BRDA:59,11,0,9
BRDA:59,11,1,1
BRDA:65,12,0,1
BRDA:65,12,1,8
BRDA:69,13,0,8
BRDA:69,13,1,0
BRDA:80,14,0,4
BRDA:80,14,1,4
BRDA:113,15,0,2
BRDA:113,15,1,2
BRF:33
BRH:32
end_of_record
TN:
SF:api\host-dashboard.js
FN:36,(anonymous_0)
FN:110,handleDashboard
FN:135,(anonymous_2)
FN:144,(anonymous_3)
FN:161,(anonymous_4)
FN:164,(anonymous_5)
FN:166,(anonymous_6)
FN:166,(anonymous_7)
FN:167,(anonymous_8)
FN:177,(anonymous_9)
FN:187,(anonymous_10)
FN:188,(anonymous_11)
FN:189,(anonymous_12)
FN:193,(anonymous_13)
FN:200,(anonymous_14)
FN:201,(anonymous_15)
FN:205,(anonymous_16)
FN:214,(anonymous_17)
FN:223,(anonymous_18)
FN:229,(anonymous_19)
FN:255,(anonymous_20)
FN:260,(anonymous_21)
FN:282,handleCheckIn
FN:313,(anonymous_23)
FN:342,handleCheckWalkIn
FN:361,(anonymous_25)
FN:364,(anonymous_26)
FN:391,handleSeatParty
FN:441,(anonymous_28)
FN:451,(anonymous_29)
FN:452,(anonymous_30)
FN:489,(anonymous_31)
FN:529,(anonymous_32)
FN:533,(anonymous_33)
FN:547,handleCompleteService
FN:583,(anonymous_35)
FN:596,(anonymous_36)
FN:598,(anonymous_37)
FN:600,(anonymous_38)
FN:603,(anonymous_39)
FN:605,(anonymous_40)
FN:621,handleMarkTableClean
FN:649,handleUpdateTableStatus
FN:714,handleUpdateReservation
FN:785,handleUpdateTablePosition
FN:837,handleUpdateTableProperties
FN:911,handleLinkTables
FN:952,handleUnlinkTables
FN:986,handleDeleteTable
FN:1037,handleCreateTable
FN:1127,handleAutoAssignShapes
FN:1153,(anonymous_51)
FN:1159,(anonymous_52)
FN:1207,(anonymous_53)
FNF:54
FNH:46
FNDA:68,(anonymous_0)
FNDA:7,handleDashboard
FNDA:2,(anonymous_2)
FNDA:2,(anonymous_3)
FNDA:4,(anonymous_4)
FNDA:2,(anonymous_5)
FNDA:4,(anonymous_6)
FNDA:0,(anonymous_7)
FNDA:0,(anonymous_8)
FNDA:0,(anonymous_9)
FNDA:4,(anonymous_10)
FNDA:2,(anonymous_11)
FNDA:2,(anonymous_12)
FNDA:2,(anonymous_13)
FNDA:2,(anonymous_14)
FNDA:2,(anonymous_15)
FNDA:0,(anonymous_16)
FNDA:2,(anonymous_17)
FNDA:2,(anonymous_18)
FNDA:0,(anonymous_19)
FNDA:4,(anonymous_20)
FNDA:4,(anonymous_21)
FNDA:4,handleCheckIn
FNDA:2,(anonymous_23)
FNDA:5,handleCheckWalkIn
FNDA:6,(anonymous_25)
FNDA:1,(anonymous_26)
FNDA:5,handleSeatParty
FNDA:4,(anonymous_28)
FNDA:2,(anonymous_29)
FNDA:2,(anonymous_30)
FNDA:2,(anonymous_31)
FNDA:0,(anonymous_32)
FNDA:0,(anonymous_33)
FNDA:2,handleCompleteService
FNDA:1,(anonymous_35)
FNDA:1,(anonymous_36)
FNDA:1,(anonymous_37)
FNDA:0,(anonymous_38)
FNDA:1,(anonymous_39)
FNDA:1,(anonymous_40)
FNDA:3,handleMarkTableClean
FNDA:5,handleUpdateTableStatus
FNDA:4,handleUpdateReservation
FNDA:5,handleUpdateTablePosition
FNDA:5,handleUpdateTableProperties
FNDA:4,handleLinkTables
FNDA:3,handleUnlinkTables
FNDA:5,handleDeleteTable
FNDA:4,handleCreateTable
FNDA:3,handleAutoAssignShapes
FNDA:4,(anonymous_51)
FNDA:5,(anonymous_52)
FNDA:5,(anonymous_53)
DA:23,2
DA:25,2
DA:26,2
DA:27,2
DA:28,2
DA:29,2
DA:30,2
DA:31,2
DA:32,2
DA:34,2
DA:36,2
DA:38,68
DA:40,68
DA:41,1
DA:45,67
DA:46,67
DA:49,66
DA:50,66
DA:51,1
DA:56,65
DA:58,65
DA:60,65
DA:61,65
DA:63,7
DA:65,4
DA:67,5
DA:69,5
DA:71,2
DA:73,3
DA:75,5
DA:77,4
DA:80,5
DA:82,5
DA:84,4
DA:86,3
DA:88,5
DA:90,4
DA:92,3
DA:94,1
DA:100,0
DA:101,0
DA:102,0
DA:111,7
DA:112,7
DA:113,7
DA:125,7
DA:126,2
DA:132,5
DA:134,5
DA:135,5
DA:136,2
DA:137,2
DA:138,2
DA:139,2
DA:140,2
DA:143,2
DA:144,2
DA:147,2
DA:161,5
DA:164,5
DA:165,5
DA:166,4
DA:167,0
DA:168,5
DA:170,5
DA:173,5
DA:174,5
DA:176,0
DA:177,0
DA:178,0
DA:179,0
DA:182,0
DA:183,0
DA:187,5
DA:188,5
DA:189,5
DA:192,5
DA:193,5
DA:194,2
DA:195,2
DA:196,2
DA:200,5
DA:201,2
DA:202,2
DA:205,5
DA:206,5
DA:209,5
DA:212,5
DA:213,5
DA:214,2
DA:215,2
DA:219,5
DA:220,5
DA:221,5
DA:222,2
DA:223,2
DA:224,2
DA:225,2
DA:226,2
DA:229,2
DA:230,2
DA:231,2
DA:232,2
DA:236,5
DA:255,4
DA:260,4
DA:283,4
DA:284,4
DA:286,4
DA:287,1
DA:293,3
DA:295,3
DA:296,1
DA:302,2
DA:303,2
DA:305,2
DA:306,2
DA:307,0
DA:313,2
DA:314,2
DA:316,2
DA:317,1
DA:327,1
DA:329,1
DA:343,5
DA:344,5
DA:346,5
DA:347,1
DA:353,4
DA:354,4
DA:355,1
DA:361,6
DA:363,3
DA:364,1
DA:365,1
DA:367,1
DA:368,1
DA:372,3
DA:374,3
DA:375,1
DA:383,2
DA:392,5
DA:401,5
DA:404,5
DA:411,5
DA:412,1
DA:420,4
DA:421,4
DA:422,4
DA:424,4
DA:425,4
DA:427,4
DA:428,4
DA:431,4
DA:432,4
DA:433,1
DA:440,3
DA:441,4
DA:442,3
DA:443,1
DA:451,2
DA:452,2
DA:453,2
DA:456,2
DA:470,2
DA:471,2
DA:473,2
DA:475,2
DA:476,2
DA:477,0
DA:481,0
DA:483,2
DA:487,2
DA:489,2
DA:490,2
DA:494,1
DA:495,0
DA:497,1
DA:498,1
DA:501,2
DA:504,1
DA:514,1
DA:517,1
DA:518,1
DA:519,1
DA:520,1
DA:522,0
DA:527,1
DA:528,0
DA:529,0
DA:530,0
DA:533,0
DA:535,0
DA:538,1
DA:548,2
DA:549,2
DA:551,2
DA:552,1
DA:558,1
DA:560,1
DA:565,1
DA:566,0
DA:573,1
DA:574,1
DA:575,1
DA:576,1
DA:579,1
DA:582,1
DA:583,1
DA:587,1
DA:588,1
DA:589,0
DA:596,1
DA:598,1
DA:599,1
DA:600,0
DA:602,1
DA:603,1
DA:605,1
DA:606,1
DA:612,1
DA:614,1
DA:622,3
DA:623,3
DA:625,3
DA:626,1
DA:632,2
DA:636,2
DA:637,1
DA:643,1
DA:650,5
DA:651,5
DA:653,5
DA:654,1
DA:661,4
DA:669,4
DA:670,4
DA:672,4
DA:673,1
DA:679,3
DA:683,3
DA:684,1
DA:690,2
DA:715,4
DA:726,4
DA:728,4
DA:729,1
DA:736,3
DA:738,3
DA:739,1
DA:746,2
DA:750,2
DA:751,2
DA:752,2
DA:753,2
DA:754,2
DA:755,2
DA:756,2
DA:757,2
DA:760,2
DA:762,2
DA:763,1
DA:769,1
DA:786,5
DA:787,5
DA:789,5
DA:790,1
DA:796,4
DA:797,1
DA:804,3
DA:810,3
DA:811,3
DA:812,3
DA:814,3
DA:816,3
DA:818,3
DA:819,1
DA:820,1
DA:826,2
DA:838,5
DA:839,5
DA:841,5
DA:842,1
DA:849,4
DA:851,4
DA:852,2
DA:853,2
DA:854,1
DA:859,1
DA:862,3
DA:863,2
DA:864,2
DA:865,1
DA:870,1
DA:873,2
DA:874,1
DA:877,2
DA:878,0
DA:881,2
DA:882,1
DA:888,1
DA:890,1
DA:892,1
DA:893,0
DA:894,0
DA:900,1
DA:912,4
DA:913,4
DA:915,4
DA:916,1
DA:922,3
DA:923,1
DA:929,2
DA:931,2
DA:933,2
DA:934,1
DA:935,1
DA:941,1
DA:953,3
DA:954,3
DA:956,3
DA:957,1
DA:963,2
DA:965,2
DA:967,2
DA:968,1
DA:969,1
DA:975,1
DA:987,5
DA:988,5
DA:990,5
DA:991,1
DA:998,4
DA:1000,4
DA:1001,1
DA:1007,3
DA:1008,1
DA:1014,2
DA:1016,2
DA:1018,2
DA:1019,1
DA:1020,1
DA:1026,1
DA:1038,4
DA:1051,4
DA:1054,4
DA:1055,1
DA:1061,3
DA:1062,1
DA:1068,2
DA:1069,2
DA:1070,0
DA:1077,2
DA:1078,2
DA:1079,0
DA:1086,2
DA:1100,2
DA:1102,2
DA:1104,2
DA:1105,0
DA:1106,0
DA:1112,2
DA:1128,3
DA:1129,3
DA:1132,3
DA:1134,3
DA:1135,1
DA:1136,1
DA:1142,2
DA:1144,2
DA:1145,1
DA:1153,4
DA:1156,1
DA:1157,1
DA:1159,1
DA:1160,5
DA:1162,5
DA:1164,1
DA:1165,1
DA:1167,1
DA:1168,1
DA:1171,1
DA:1172,1
DA:1173,1
DA:1176,1
DA:1177,1
DA:1178,1
DA:1181,1
DA:1182,1
DA:1185,5
DA:1189,1
DA:1190,1
DA:1191,5
DA:1193,5
DA:1194,5
DA:1195,5
DA:1197,0
DA:1201,1
DA:1203,1
DA:1207,5
LF:400
LH:369
BRDA:40,0,0,1
BRDA:40,0,1,67
BRDA:46,1,0,1
BRDA:46,1,1,66
BRDA:50,2,0,1
BRDA:50,2,1,65
BRDA:51,3,0,1
BRDA:51,3,1,0
BRDA:61,4,0,7
BRDA:61,4,1,4
BRDA:61,4,2,5
BRDA:61,4,3,5
BRDA:61,4,4,2
BRDA:61,4,5,3
BRDA:61,4,6,5
BRDA:61,4,7,4
BRDA:61,4,8,5
BRDA:61,4,9,5
BRDA:61,4,10,4
BRDA:61,4,11,3
BRDA:61,4,12,5
BRDA:61,4,13,4
BRDA:61,4,14,3
BRDA:61,4,15,1
BRDA:112,5,0,7
BRDA:112,5,1,3
BRDA:125,6,0,2
BRDA:125,6,1,5
BRDA:125,7,0,7
BRDA:125,7,1,6
BRDA:125,7,2,5
BRDA:132,8,0,5
BRDA:132,8,1,3
BRDA:143,9,0,2
BRDA:143,9,1,0
BRDA:145,10,0,0
BRDA:145,10,1,0
BRDA:166,11,0,4
BRDA:166,11,1,0
BRDA:174,12,0,0
BRDA:174,12,1,5
BRDA:174,13,0,5
BRDA:174,13,1,3
BRDA:194,14,0,2
BRDA:194,14,1,0
BRDA:195,15,0,2
BRDA:195,15,1,0
BRDA:205,16,0,0
BRDA:205,16,1,5
BRDA:206,17,0,2
BRDA:206,17,1,3
BRDA:213,18,0,2
BRDA:213,18,1,3
BRDA:214,19,0,2
BRDA:214,19,1,0
BRDA:220,20,0,5
BRDA:220,20,1,0
BRDA:221,21,0,2
BRDA:221,21,1,3
BRDA:224,22,0,2
BRDA:224,22,1,0
BRDA:226,23,0,2
BRDA:226,23,1,2
BRDA:230,24,0,2
BRDA:230,24,1,0
BRDA:232,25,0,2
BRDA:232,25,1,0
BRDA:232,26,0,2
BRDA:232,26,1,0
BRDA:248,27,0,5
BRDA:248,27,1,3
BRDA:260,28,0,4
BRDA:260,28,1,0
BRDA:263,29,0,4
BRDA:263,29,1,0
BRDA:264,30,0,4
BRDA:264,30,1,4
BRDA:267,31,0,4
BRDA:267,31,1,4
BRDA:269,32,0,4
BRDA:269,32,1,4
BRDA:270,33,0,4
BRDA:270,33,1,4
BRDA:271,34,0,4
BRDA:271,34,1,4
BRDA:272,35,0,4
BRDA:272,35,1,4
BRDA:273,36,0,4
BRDA:273,36,1,4
BRDA:275,37,0,4
BRDA:275,37,1,4
BRDA:286,38,0,1
BRDA:286,38,1,3
BRDA:295,39,0,1
BRDA:295,39,1,2
BRDA:295,40,0,3
BRDA:295,40,1,2
BRDA:306,41,0,0
BRDA:306,41,1,2
BRDA:316,42,0,1
BRDA:316,42,1,1
BRDA:346,43,0,1
BRDA:346,43,1,4
BRDA:354,44,0,1
BRDA:354,44,1,3
BRDA:363,45,0,1
BRDA:363,45,1,2
BRDA:367,46,0,1
BRDA:367,46,1,0
BRDA:374,47,0,1
BRDA:374,47,1,2
BRDA:411,48,0,1
BRDA:411,48,1,4
BRDA:422,49,0,0
BRDA:422,49,1,4
BRDA:432,50,0,1
BRDA:432,50,1,3
BRDA:432,51,0,4
BRDA:432,51,1,3
BRDA:442,52,0,1
BRDA:442,52,1,2
BRDA:458,53,0,2
BRDA:458,53,1,2
BRDA:476,54,0,0
BRDA:476,54,1,2
BRDA:479,55,0,0
BRDA:479,55,1,0
BRDA:481,56,0,0
BRDA:481,56,1,0
BRDA:494,57,0,0
BRDA:494,57,1,1
BRDA:517,58,0,1
BRDA:517,58,1,0
BRDA:527,59,0,0
BRDA:527,59,1,1
BRDA:551,60,0,1
BRDA:551,60,1,1
BRDA:565,61,0,0
BRDA:565,61,1,1
BRDA:575,62,0,1
BRDA:575,62,1,0
BRDA:582,63,0,1
BRDA:582,63,1,0
BRDA:584,64,0,0
BRDA:584,64,1,0
BRDA:588,65,0,0
BRDA:588,65,1,1
BRDA:599,66,0,0
BRDA:599,66,1,1
BRDA:602,67,0,1
BRDA:602,67,1,0
BRDA:625,68,0,1
BRDA:625,68,1,2
BRDA:636,69,0,1
BRDA:636,69,1,1
BRDA:653,70,0,1
BRDA:653,70,1,4
BRDA:653,71,0,5
BRDA:653,71,1,5
BRDA:672,72,0,1
BRDA:672,72,1,3
BRDA:683,73,0,1
BRDA:683,73,1,2
BRDA:728,74,0,1
BRDA:728,74,1,3
BRDA:738,75,0,1
BRDA:738,75,1,2
BRDA:738,76,0,3
BRDA:738,76,1,2
BRDA:750,77,0,1
BRDA:750,77,1,1
BRDA:751,78,0,1
BRDA:751,78,1,1
BRDA:752,79,0,0
BRDA:752,79,1,2
BRDA:753,80,0,0
BRDA:753,80,1,2
BRDA:754,81,0,0
BRDA:754,81,1,2
BRDA:755,82,0,0
BRDA:755,82,1,2
BRDA:756,83,0,1
BRDA:756,83,1,1
BRDA:757,84,0,1
BRDA:757,84,1,1
BRDA:762,85,0,1
BRDA:762,85,1,1
BRDA:789,86,0,1
BRDA:789,86,1,4
BRDA:796,87,0,1
BRDA:796,87,1,3
BRDA:796,88,0,4
BRDA:796,88,1,4
BRDA:810,89,0,1
BRDA:810,89,1,2
BRDA:811,90,0,1
BRDA:811,90,1,2
BRDA:812,91,0,1
BRDA:812,91,1,2
BRDA:818,92,0,1
BRDA:818,92,1,2
BRDA:822,93,0,1
BRDA:822,93,1,0
BRDA:841,94,0,1
BRDA:841,94,1,4
BRDA:851,95,0,2
BRDA:851,95,1,2
BRDA:853,96,0,1
BRDA:853,96,1,1
BRDA:862,97,0,2
BRDA:862,97,1,1
BRDA:864,98,0,1
BRDA:864,98,1,1
BRDA:864,99,0,2
BRDA:864,99,1,2
BRDA:864,99,2,2
BRDA:873,100,0,1
BRDA:873,100,1,1
BRDA:877,101,0,0
BRDA:877,101,1,2
BRDA:881,102,0,1
BRDA:881,102,1,1
BRDA:892,103,0,0
BRDA:892,103,1,1
BRDA:896,104,0,0
BRDA:896,104,1,0
BRDA:915,105,0,1
BRDA:915,105,1,3
BRDA:915,106,0,4
BRDA:915,106,1,4
BRDA:922,107,0,1
BRDA:922,107,1,2
BRDA:933,108,0,1
BRDA:933,108,1,1
BRDA:937,109,0,1
BRDA:937,109,1,0
BRDA:943,110,0,1
BRDA:943,110,1,0
BRDA:956,111,0,1
BRDA:956,111,1,2
BRDA:956,112,0,3
BRDA:956,112,1,3
BRDA:967,113,0,1
BRDA:967,113,1,1
BRDA:971,114,0,1
BRDA:971,114,1,0
BRDA:977,115,0,1
BRDA:977,115,1,0
BRDA:990,116,0,1
BRDA:990,116,1,4
BRDA:1000,117,0,1
BRDA:1000,117,1,3
BRDA:1007,118,0,1
BRDA:1007,118,1,2
BRDA:1018,119,0,1
BRDA:1018,119,1,1
BRDA:1022,120,0,1
BRDA:1022,120,1,0
BRDA:1028,121,0,1
BRDA:1028,121,1,0
BRDA:1054,122,0,1
BRDA:1054,122,1,3
BRDA:1061,123,0,1
BRDA:1061,123,1,2
BRDA:1069,124,0,0
BRDA:1069,124,1,2
BRDA:1069,125,0,2
BRDA:1069,125,1,2
BRDA:1069,125,2,2
BRDA:1078,126,0,0
BRDA:1078,126,1,2
BRDA:1078,127,0,2
BRDA:1078,127,1,0
BRDA:1089,128,0,2
BRDA:1089,128,1,2
BRDA:1090,129,0,2
BRDA:1090,129,1,2
BRDA:1091,130,0,0
BRDA:1091,130,1,2
BRDA:1092,131,0,0
BRDA:1092,131,1,2
BRDA:1093,132,0,0
BRDA:1093,132,1,2
BRDA:1094,133,0,0
BRDA:1094,133,1,2
BRDA:1095,134,0,0
BRDA:1095,134,1,2
BRDA:1096,135,0,0
BRDA:1096,135,1,2
BRDA:1097,136,0,0
BRDA:1097,136,1,2
BRDA:1104,137,0,0
BRDA:1104,137,1,2
BRDA:1108,138,0,0
BRDA:1108,138,1,0
BRDA:1134,139,0,1
BRDA:1134,139,1,2
BRDA:1142,140,0,2
BRDA:1142,140,1,0
BRDA:1144,141,0,1
BRDA:1144,141,1,1
BRDA:1160,142,0,5
BRDA:1160,142,1,5
BRDA:1162,143,0,1
BRDA:1162,143,1,1
BRDA:1162,143,2,1
BRDA:1162,143,3,1
BRDA:1162,143,4,1
BRDA:1162,143,5,1
BRDA:1171,144,0,1
BRDA:1171,144,1,0
BRDA:1176,145,0,1
BRDA:1176,145,1,0
BRDA:1181,146,0,1
BRDA:1181,146,1,0
BRDA:1193,147,0,5
BRDA:1193,147,1,0
BRF:317
BRH:248
end_of_record
TN:
SF:api\manager-notes.js
FN:19,(anonymous_0)
FN:51,handleCreate
FN:101,handleList
FN:113,(anonymous_3)
FN:125,handleDelete
FNF:5
FNH:5
FNDA:21,(anonymous_0)
FNDA:11,handleCreate
FNDA:2,handleList
FNDA:2,(anonymous_3)
FNDA:4,handleDelete
DA:12,1
DA:13,1
DA:14,1
DA:15,1
DA:17,1
DA:19,1
DA:20,21
DA:21,21
DA:24,20
DA:25,20
DA:26,1
DA:29,19
DA:30,19
DA:31,1
DA:34,18
DA:35,18
DA:37,11
DA:39,2
DA:41,4
DA:43,1
DA:46,1
DA:47,1
DA:52,11
DA:54,11
DA:55,2
DA:58,9
DA:59,9
DA:62,9
DA:65,9
DA:68,9
DA:70,9
DA:78,8
DA:79,2
DA:82,6
DA:88,6
DA:102,2
DA:104,2
DA:111,2
DA:113,2
DA:126,4
DA:128,4
DA:129,1
DA:132,3
DA:134,3
DA:135,1
DA:138,2
LF:46
LH:46
BRDA:21,0,0,1
BRDA:21,0,1,20
BRDA:25,1,0,1
BRDA:25,1,1,19
BRDA:26,2,0,1
BRDA:26,2,1,0
BRDA:30,3,0,1
BRDA:30,3,1,18
BRDA:35,4,0,11
BRDA:35,4,1,2
BRDA:35,4,2,4
BRDA:35,4,3,1
BRDA:54,5,0,2
BRDA:54,5,1,9
BRDA:54,6,0,11
BRDA:54,6,1,10
BRDA:59,7,0,3
BRDA:59,7,1,6
BRDA:62,8,0,1
BRDA:62,8,1,8
BRDA:65,9,0,7
BRDA:65,9,1,2
BRDA:65,10,0,1
BRDA:65,10,1,1
BRDA:68,11,0,9
BRDA:68,11,1,8
BRDA:78,12,0,2
BRDA:78,12,1,6
BRDA:94,13,0,6
BRDA:94,13,1,5
BRDA:102,14,0,2
BRDA:106,15,0,2
BRDA:106,15,1,2
BRDA:116,16,0,1
BRDA:116,16,1,1
BRDA:126,17,0,4
BRDA:126,17,1,1
BRDA:128,18,0,1
BRDA:128,18,1,3
BRDA:134,19,0,1
BRDA:134,19,1,2
BRF:41
BRH:40
end_of_record
TN:
SF:api\portal.js
FN:24,(anonymous_0)
FN:68,handleGetRestaurant
FN:127,handleGetAvailability
FN:215,(anonymous_3)
FN:219,(anonymous_4)
FN:271,handleCreateReservation
FN:373,(anonymous_6)
FN:376,(anonymous_7)
FN:432,(anonymous_8)
FN:453,sendConfirmationEmail
FNF:10
FNH:9
FNDA:27,(anonymous_0)
FNDA:4,handleGetRestaurant
FNDA:7,handleGetAvailability
FNDA:1,(anonymous_3)
FNDA:0,(anonymous_4)
FNDA:14,handleCreateReservation
FNDA:6,(anonymous_6)
FNDA:1,(anonymous_7)
FNDA:1,(anonymous_8)
FNDA:3,sendConfirmationEmail
DA:13,1
DA:14,1
DA:15,1
DA:16,1
DA:17,1
DA:18,1
DA:19,1
DA:20,1
DA:22,1
DA:24,1
DA:26,27
DA:27,27
DA:28,27
DA:30,27
DA:31,1
DA:35,26
DA:36,26
DA:38,26
DA:40,26
DA:41,26
DA:43,4
DA:45,7
DA:47,14
DA:49,1
DA:55,1
DA:56,1
DA:57,1
DA:69,4
DA:71,4
DA:72,1
DA:78,3
DA:87,2
DA:88,1
DA:95,1
DA:96,1
DA:98,1
DA:128,7
DA:130,7
DA:131,1
DA:137,6
DA:138,6
DA:139,1
DA:146,5
DA:147,1
DA:154,4
DA:162,4
DA:163,1
DA:170,3
DA:171,3
DA:172,3
DA:174,3
DA:175,3
DA:179,3
DA:180,1
DA:188,2
DA:189,2
DA:192,2
DA:199,2
DA:200,1
DA:201,1
DA:208,1
DA:214,1
DA:215,1
DA:219,1
DA:228,1
DA:229,1
DA:230,1
DA:231,1
DA:232,1
DA:233,1
DA:236,1
DA:238,1
DA:239,2
DA:240,2
DA:241,2
DA:243,2
DA:250,2
DA:257,1
DA:272,14
DA:273,1
DA:288,13
DA:291,13
DA:292,1
DA:298,12
DA:299,12
DA:300,1
DA:307,11
DA:308,1
DA:315,10
DA:316,1
DA:323,9
DA:324,9
DA:325,1
DA:332,8
DA:341,8
DA:342,1
DA:349,7
DA:350,7
DA:351,7
DA:352,1
DA:359,6
DA:366,6
DA:372,6
DA:373,6
DA:376,6
DA:380,6
DA:381,6
DA:382,1
DA:390,5
DA:392,5
DA:410,5
DA:411,1
DA:412,1
DA:419,4
DA:422,4
DA:423,3
DA:432,1
DA:435,4
DA:454,3
DA:456,2
DA:457,2
DA:461,2
LF:122
LH:122
BRDA:30,0,0,1
BRDA:30,0,1,26
BRDA:36,1,0,0
BRDA:36,1,1,26
BRDA:38,2,0,26
BRDA:38,2,1,13
BRDA:38,2,2,13
BRDA:41,3,0,4
BRDA:41,3,1,7
BRDA:41,3,2,14
BRDA:41,3,3,1
BRDA:71,4,0,1
BRDA:71,4,1,3
BRDA:87,5,0,1
BRDA:87,5,1,1
BRDA:87,6,0,2
BRDA:87,6,1,1
BRDA:95,7,0,1
BRDA:95,7,1,0
BRDA:96,8,0,1
BRDA:96,8,1,0
BRDA:111,9,0,1
BRDA:111,9,1,0
BRDA:112,10,0,1
BRDA:112,10,1,1
BRDA:113,11,0,1
BRDA:113,11,1,1
BRDA:114,12,0,1
BRDA:114,12,1,0
BRDA:115,13,0,1
BRDA:115,13,1,1
BRDA:116,14,0,0
BRDA:116,14,1,1
BRDA:116,15,0,1
BRDA:116,15,1,0
BRDA:130,16,0,1
BRDA:130,16,1,6
BRDA:130,17,0,7
BRDA:130,17,1,6
BRDA:130,17,2,6
BRDA:138,18,0,1
BRDA:138,18,1,5
BRDA:138,19,0,6
BRDA:138,19,1,6
BRDA:138,19,2,5
BRDA:146,20,0,1
BRDA:146,20,1,4
BRDA:162,21,0,1
BRDA:162,21,1,3
BRDA:162,22,0,4
BRDA:162,22,1,3
BRDA:174,23,0,3
BRDA:174,23,1,0
BRDA:179,24,0,1
BRDA:179,24,1,2
BRDA:179,25,0,3
BRDA:179,25,1,3
BRDA:179,25,2,2
BRDA:188,26,0,2
BRDA:188,26,1,0
BRDA:188,26,2,0
BRDA:189,27,0,2
BRDA:189,27,1,0
BRDA:189,27,2,0
BRDA:199,28,0,1
BRDA:199,28,1,1
BRDA:214,29,0,1
BRDA:214,29,1,0
BRDA:215,30,0,1
BRDA:215,30,1,0
BRDA:219,31,0,1
BRDA:219,31,1,0
BRDA:272,32,0,1
BRDA:272,32,1,13
BRDA:288,33,0,13
BRDA:288,33,1,0
BRDA:291,34,0,1
BRDA:291,34,1,12
BRDA:291,35,0,13
BRDA:291,35,1,13
BRDA:291,35,2,12
BRDA:291,35,3,12
BRDA:291,35,4,12
BRDA:291,35,5,12
BRDA:299,36,0,1
BRDA:299,36,1,11
BRDA:299,37,0,12
BRDA:299,37,1,12
BRDA:299,37,2,12
BRDA:307,38,0,1
BRDA:307,38,1,10
BRDA:315,39,0,1
BRDA:315,39,1,9
BRDA:324,40,0,1
BRDA:324,40,1,8
BRDA:341,41,0,1
BRDA:341,41,1,7
BRDA:341,42,0,8
BRDA:341,42,1,7
BRDA:349,43,0,7
BRDA:349,43,1,0
BRDA:350,44,0,7
BRDA:350,44,1,0
BRDA:351,45,0,1
BRDA:351,45,1,6
BRDA:372,46,0,6
BRDA:372,46,1,0
BRDA:373,47,0,6
BRDA:373,47,1,0
BRDA:376,48,0,6
BRDA:376,48,1,0
BRDA:381,49,0,1
BRDA:381,49,1,5
BRDA:399,50,0,3
BRDA:399,50,1,2
BRDA:403,51,0,5
BRDA:403,51,1,5
BRDA:410,52,0,1
BRDA:410,52,1,4
BRDA:422,53,0,3
BRDA:422,53,1,1
BRDA:454,54,0,1
BRDA:454,54,1,2
BRDA:496,55,0,0
BRDA:496,55,1,2
BRDA:504,56,0,0
BRDA:504,56,1,2
BRF:127
BRH:104
end_of_record
TN:
SF:api\reservations.js
FN:58,sendReservationConfirmationSMS
FN:106,(anonymous_1)
FN:163,handleCreate
FN:192,(anonymous_3)
FN:197,(anonymous_4)
FN:313,(anonymous_5)
FN:463,(anonymous_6)
FN:473,(anonymous_7)
FN:485,handleLookup
FN:519,handleList
FN:535,(anonymous_10)
FN:548,(anonymous_11)
FN:570,handleModify
FN:615,handleCancel
FNF:14
FNH:11
FNDA:9,sendReservationConfirmationSMS
FNDA:34,(anonymous_1)
FNDA:15,handleCreate
FNDA:1,(anonymous_3)
FNDA:1,(anonymous_4)
FNDA:3,(anonymous_5)
FNDA:0,(anonymous_6)
FNDA:0,(anonymous_7)
FNDA:3,handleLookup
FNDA:5,handleList
FNDA:2,(anonymous_10)
FNDA:0,(anonymous_11)
FNDA:3,handleModify
FNDA:3,handleCancel
DA:9,1
DA:15,1
DA:18,1
DA:21,1
DA:22,1
DA:25,1
DA:28,1
DA:31,1
DA:34,1
DA:37,1
DA:40,1
DA:43,1
DA:46,1
DA:47,1
DA:50,1
DA:53,1
DA:59,9
DA:62,9
DA:63,7
DA:64,7
DA:68,2
DA:69,1
DA:70,1
DA:73,1
DA:74,1
DA:80,1
DA:81,1
DA:83,1
DA:84,0
DA:85,1
DA:86,0
DA:88,1
DA:92,1
DA:98,1
DA:99,1
DA:101,0
DA:102,0
DA:106,1
DA:108,34
DA:110,34
DA:111,1
DA:115,33
DA:116,33
DA:121,32
DA:122,32
DA:123,1
DA:125,31
DA:126,31
DA:127,31
DA:128,1
DA:133,30
DA:135,30
DA:137,30
DA:138,30
DA:140,15
DA:142,3
DA:144,5
DA:146,3
DA:148,3
DA:150,1
DA:155,0
DA:156,0
DA:157,0
DA:172,15
DA:174,15
DA:176,15
DA:177,2
DA:187,13
DA:188,13
DA:189,2
DA:191,2
DA:192,2
DA:193,2
DA:196,1
DA:197,1
DA:198,1
DA:201,0
DA:205,12
DA:207,12
DA:224,12
DA:226,12
DA:227,1
DA:233,11
DA:236,11
DA:237,0
DA:240,0
DA:246,11
DA:248,11
DA:254,11
DA:255,11
DA:258,11
DA:260,11
DA:263,11
DA:264,11
DA:267,11
DA:272,0
DA:278,11
DA:279,11
DA:282,11
DA:285,11
DA:298,11
DA:301,11
DA:309,11
DA:313,3
DA:317,11
DA:318,11
DA:325,11
DA:326,11
DA:329,11
DA:334,11
DA:341,11
DA:342,11
DA:343,2
DA:345,2
DA:348,2
DA:349,2
DA:351,2
DA:354,2
DA:355,1
DA:369,1
DA:370,0
DA:372,1
DA:383,1
DA:388,0
DA:394,11
DA:395,11
DA:398,11
DA:405,10
DA:406,10
DA:409,10
DA:410,2
DA:420,2
DA:421,1
DA:422,1
DA:423,1
DA:425,1
DA:430,10
DA:431,9
DA:440,9
DA:441,1
DA:443,8
DA:448,1
DA:454,11
DA:455,11
DA:457,11
DA:463,0
DA:466,11
DA:467,1
DA:473,0
DA:477,0
DA:480,11
DA:490,3
DA:492,3
DA:493,1
DA:498,2
DA:504,2
DA:505,1
DA:510,1
DA:511,1
DA:512,1
DA:520,5
DA:522,5
DA:524,5
DA:526,3
DA:527,1
DA:534,2
DA:535,2
DA:549,0
DA:550,0
DA:551,0
DA:556,2
DA:561,2
DA:562,2
DA:577,3
DA:579,3
DA:580,1
DA:585,2
DA:586,2
DA:590,2
DA:591,2
DA:592,2
DA:593,2
DA:595,2
DA:597,2
DA:598,1
DA:603,1
DA:604,1
DA:605,1
DA:606,1
DA:607,1
DA:609,1
DA:610,1
DA:616,3
DA:618,3
DA:619,1
DA:624,2
DA:626,2
DA:627,1
DA:633,1
DA:635,1
LF:200
LH:181
BRDA:59,0,0,0
BRDA:62,1,0,7
BRDA:62,1,1,2
BRDA:62,2,0,9
BRDA:62,2,1,2
BRDA:62,2,2,2
BRDA:68,3,0,1
BRDA:68,3,1,1
BRDA:68,4,0,2
BRDA:68,4,1,2
BRDA:81,5,0,1
BRDA:81,5,1,0
BRDA:83,6,0,0
BRDA:83,6,1,1
BRDA:85,7,0,0
BRDA:85,7,1,1
BRDA:85,8,0,1
BRDA:85,8,1,1
BRDA:110,9,0,1
BRDA:110,9,1,33
BRDA:116,10,0,1
BRDA:116,10,1,32
BRDA:122,11,0,1
BRDA:122,11,1,31
BRDA:123,12,0,1
BRDA:123,12,1,0
BRDA:126,13,0,31
BRDA:126,13,1,1
BRDA:127,14,0,1
BRDA:127,14,1,30
BRDA:138,15,0,15
BRDA:138,15,1,3
BRDA:138,15,2,5
BRDA:138,15,3,3
BRDA:138,15,4,3
BRDA:138,15,5,1
BRDA:172,16,0,15
BRDA:172,16,1,0
BRDA:174,17,0,15
BRDA:174,17,1,0
BRDA:176,18,0,2
BRDA:176,18,1,13
BRDA:176,19,0,15
BRDA:176,19,1,15
BRDA:176,19,2,14
BRDA:176,19,3,14
BRDA:176,19,4,13
BRDA:187,20,0,13
BRDA:187,20,1,11
BRDA:188,21,0,2
BRDA:188,21,1,11
BRDA:193,22,0,1
BRDA:193,22,1,1
BRDA:198,23,0,0
BRDA:198,23,1,1
BRDA:214,24,0,12
BRDA:214,24,1,7
BRDA:215,25,0,12
BRDA:215,25,1,11
BRDA:226,26,0,1
BRDA:226,26,1,11
BRDA:236,27,0,0
BRDA:236,27,1,11
BRDA:237,28,0,0
BRDA:237,28,1,0
BRDA:254,29,0,11
BRDA:254,29,1,0
BRDA:263,30,0,11
BRDA:263,30,1,0
BRDA:263,31,0,11
BRDA:263,31,1,11
BRDA:292,32,0,11
BRDA:292,32,1,6
BRDA:293,33,0,11
BRDA:293,33,1,10
BRDA:317,34,0,11
BRDA:317,34,1,0
BRDA:317,35,0,11
BRDA:317,35,1,11
BRDA:317,35,2,11
BRDA:342,36,0,2
BRDA:342,36,1,9
BRDA:342,37,0,11
BRDA:342,37,1,11
BRDA:345,38,0,1
BRDA:345,38,1,1
BRDA:351,39,0,2
BRDA:351,39,1,1
BRDA:354,40,0,1
BRDA:354,40,1,1
BRDA:369,41,0,0
BRDA:369,41,1,1
BRDA:405,42,0,10
BRDA:405,42,1,0
BRDA:406,43,0,10
BRDA:406,43,1,0
BRDA:409,44,0,2
BRDA:409,44,1,8
BRDA:409,45,0,10
BRDA:409,45,1,2
BRDA:420,46,0,1
BRDA:420,46,1,1
BRDA:430,47,0,9
BRDA:430,47,1,1
BRDA:440,48,0,1
BRDA:440,48,1,8
BRDA:455,49,0,11
BRDA:455,49,1,0
BRDA:455,50,0,11
BRDA:455,50,1,11
BRDA:466,51,0,1
BRDA:466,51,1,10
BRDA:490,52,0,3
BRDA:490,52,1,0
BRDA:492,53,0,1
BRDA:492,53,1,2
BRDA:492,54,0,3
BRDA:492,54,1,1
BRDA:492,54,2,1
BRDA:504,55,0,1
BRDA:504,55,1,1
BRDA:511,56,0,0
BRDA:511,56,1,1
BRDA:520,57,0,5
BRDA:520,58,0,4
BRDA:526,59,0,1
BRDA:526,59,1,2
BRDA:526,60,0,3
BRDA:526,60,1,3
BRDA:526,60,2,3
BRDA:539,61,0,2
BRDA:539,61,1,2
BRDA:543,62,0,2
BRDA:543,62,1,2
BRDA:544,63,0,2
BRDA:544,63,1,0
BRDA:545,64,0,2
BRDA:545,64,1,0
BRDA:551,65,0,0
BRDA:551,65,1,0
BRDA:577,66,0,3
BRDA:577,66,1,0
BRDA:579,67,0,1
BRDA:579,67,1,2
BRDA:585,68,0,2
BRDA:585,68,1,0
BRDA:590,69,0,0
BRDA:590,69,1,2
BRDA:591,70,0,2
BRDA:591,70,1,0
BRDA:592,71,0,0
BRDA:592,71,1,2
BRDA:593,72,0,0
BRDA:593,72,1,2
BRDA:597,73,0,1
BRDA:597,73,1,1
BRDA:604,74,0,0
BRDA:604,74,1,1
BRDA:605,75,0,1
BRDA:605,75,1,0
BRDA:606,76,0,0
BRDA:606,76,1,1
BRDA:607,77,0,0
BRDA:607,77,1,1
BRDA:609,78,0,1
BRDA:609,78,1,0
BRDA:616,79,0,3
BRDA:616,79,1,0
BRDA:618,80,0,1
BRDA:618,80,1,2
BRDA:626,81,0,1
BRDA:626,81,1,1
BRF:172
BRH:136
end_of_record
TN:
SF:api\restaurant-settings.js
FN:18,getDefaultMetricProfile
FN:40,validateMetricProfile
FN:75,recommendProfile
FN:121,handler
FNF:4
FNH:4
FNDA:1,getDefaultMetricProfile
FNDA:3,validateMetricProfile
FNDA:5,recommendProfile
FNDA:27,handler
DA:6,1
DA:7,1
DA:8,1
DA:9,1
DA:11,1
DA:16,1
DA:19,1
DA:41,3
DA:42,3
DA:43,3
DA:44,3
DA:45,3
DA:47,3
DA:48,1
DA:50,3
DA:51,1
DA:53,3
DA:54,1
DA:56,3
DA:57,1
DA:59,3
DA:60,1
DA:62,3
DA:63,1
DA:65,3
DA:66,1
DA:68,3
DA:69,1
DA:72,3
DA:76,5
DA:78,5
DA:79,5
DA:80,4
DA:82,5
DA:83,5
DA:85,5
DA:86,2
DA:88,5
DA:89,2
DA:91,5
DA:92,1
DA:94,5
DA:95,2
DA:98,5
DA:109,5
DA:121,1
DA:122,27
DA:123,27
DA:124,27
DA:126,27
DA:127,1
DA:131,26
DA:132,26
DA:133,1
DA:138,25
DA:140,25
DA:141,25
DA:142,25
DA:143,25
DA:145,25
DA:146,1
DA:150,24
DA:151,4
DA:158,4
DA:159,1
DA:160,1
DA:163,3
DA:164,1
DA:167,2
DA:168,2
DA:172,20
DA:173,4
DA:175,4
DA:176,1
DA:179,3
DA:180,3
DA:181,1
DA:184,2
DA:192,2
DA:193,1
DA:194,1
DA:197,1
DA:201,16
DA:202,6
DA:204,6
DA:205,1
DA:208,5
DA:209,5
DA:211,5
DA:215,10
DA:216,5
DA:223,4
DA:224,1
DA:225,1
DA:228,3
DA:229,1
DA:232,2
DA:244,5
DA:245,4
DA:246,4
DA:248,4
DA:249,1
DA:252,3
DA:253,3
DA:254,24
DA:255,2
DA:259,3
DA:260,1
DA:263,2
DA:271,2
DA:272,1
DA:273,1
DA:276,1
DA:283,1
DA:285,1
DA:286,1
LF:116
LH:116
BRDA:13,0,0,1
BRDA:13,0,1,1
BRDA:18,1,0,0
BRDA:47,2,0,1
BRDA:47,2,1,2
BRDA:47,3,0,3
BRDA:47,3,1,3
BRDA:50,4,0,1
BRDA:50,4,1,2
BRDA:50,5,0,3
BRDA:50,5,1,3
BRDA:53,6,0,1
BRDA:53,6,1,2
BRDA:53,7,0,3
BRDA:53,7,1,3
BRDA:56,8,0,1
BRDA:56,8,1,2
BRDA:56,9,0,3
BRDA:56,9,1,3
BRDA:59,10,0,1
BRDA:59,10,1,2
BRDA:62,11,0,1
BRDA:62,11,1,2
BRDA:65,12,0,1
BRDA:65,12,1,2
BRDA:68,13,0,1
BRDA:68,13,1,2
BRDA:68,14,0,3
BRDA:68,14,1,3
BRDA:79,15,0,1
BRDA:79,15,1,4
BRDA:80,16,0,3
BRDA:80,16,1,1
BRDA:80,17,0,4
BRDA:80,17,1,3
BRDA:85,18,0,2
BRDA:85,18,1,3
BRDA:88,19,0,2
BRDA:88,19,1,3
BRDA:91,20,0,1
BRDA:91,20,1,4
BRDA:94,21,0,2
BRDA:94,21,1,3
BRDA:99,22,0,1
BRDA:99,22,1,4
BRDA:99,23,0,1
BRDA:99,23,1,3
BRDA:103,24,0,1
BRDA:103,24,1,4
BRDA:106,25,0,1
BRDA:106,25,1,4
BRDA:116,26,0,3
BRDA:116,26,1,2
BRDA:126,27,0,1
BRDA:126,27,1,26
BRDA:132,28,0,1
BRDA:132,28,1,25
BRDA:133,29,0,1
BRDA:133,29,1,0
BRDA:145,30,0,1
BRDA:145,30,1,24
BRDA:145,31,0,25
BRDA:145,31,1,1
BRDA:150,32,0,4
BRDA:150,32,1,20
BRDA:150,33,0,24
BRDA:150,33,1,9
BRDA:158,34,0,1
BRDA:158,34,1,3
BRDA:163,35,0,1
BRDA:163,35,1,2
BRDA:167,36,0,2
BRDA:167,36,1,1
BRDA:172,37,0,4
BRDA:172,37,1,16
BRDA:172,38,0,20
BRDA:172,38,1,8
BRDA:175,39,0,1
BRDA:175,39,1,3
BRDA:180,40,0,1
BRDA:180,40,1,2
BRDA:192,41,0,1
BRDA:192,41,1,1
BRDA:201,42,0,6
BRDA:201,42,1,10
BRDA:201,43,0,16
BRDA:201,43,1,6
BRDA:204,44,0,1
BRDA:204,44,1,5
BRDA:204,45,0,6
BRDA:204,45,1,6
BRDA:204,45,2,5
BRDA:204,45,3,5
BRDA:215,46,0,5
BRDA:215,46,1,5
BRDA:215,47,0,10
BRDA:215,47,1,5
BRDA:223,48,0,1
BRDA:223,48,1,3
BRDA:228,49,0,1
BRDA:228,49,1,2
BRDA:235,50,0,2
BRDA:235,50,1,1
BRDA:244,51,0,4
BRDA:244,51,1,1
BRDA:244,52,0,5
BRDA:244,52,1,4
BRDA:248,53,0,1
BRDA:248,53,1,3
BRDA:248,54,0,4
BRDA:248,54,1,3
BRDA:254,55,0,2
BRDA:254,55,1,22
BRDA:259,56,0,1
BRDA:259,56,1,2
BRDA:271,57,0,1
BRDA:271,57,1,1
BRF:117
BRH:115
end_of_record
TN:
SF:api\stripe-webhook.js
FN:27,resolveRestaurantId
FN:60,(anonymous_1)
FNF:2
FNH:2
FNDA:12,resolveRestaurantId
FNDA:24,(anonymous_1)
DA:1,1
DA:2,1
DA:3,1
DA:4,1
DA:5,1
DA:12,1
DA:13,1
DA:16,1
DA:30,12
DA:31,12
DA:32,7
DA:33,7
DA:37,5
DA:38,5
DA:39,5
DA:47,4
DA:48,1
DA:49,1
DA:52,1
DA:56,4
DA:57,4
DA:60,1
DA:62,24
DA:63,24
DA:64,24
DA:66,24
DA:67,1
DA:70,23
DA:71,1
DA:74,22
DA:77,22
DA:79,22
DA:81,1
DA:82,1
DA:86,21
DA:87,21
DA:89,1
DA:90,1
DA:94,1
DA:95,1
DA:96,1
DA:97,1
DA:99,1
DA:102,7
DA:103,7
DA:106,7
DA:107,6
DA:108,6
DA:111,6
DA:112,6
DA:113,2
DA:114,2
DA:118,4
DA:131,4
DA:132,1
DA:134,3
DA:138,4
DA:139,4
DA:140,1
DA:142,3
DA:145,4
DA:148,3
DA:149,3
DA:152,3
DA:153,3
DA:156,3
DA:157,3
DA:158,3
DA:159,1
DA:160,1
DA:163,2
DA:172,2
DA:173,1
DA:175,1
DA:179,2
DA:180,2
DA:183,2
DA:186,3
DA:187,3
DA:190,3
DA:191,3
DA:192,3
DA:193,1
DA:194,1
DA:198,2
DA:203,2
DA:204,1
DA:206,1
DA:210,2
DA:212,2
DA:215,2
DA:216,2
DA:217,2
DA:218,2
DA:222,2
DA:223,2
DA:224,2
DA:225,2
DA:233,1
DA:236,2
DA:239,2
DA:240,2
DA:241,2
DA:242,2
DA:246,2
DA:247,2
DA:248,2
DA:249,2
DA:257,1
DA:260,2
DA:263,2
DA:264,2
DA:265,2
DA:268,2
DA:269,2
DA:270,2
DA:271,2
DA:277,1
DA:280,2
DA:283,1
DA:287,20
DA:289,1
DA:290,1
LF:123
LH:123
BRDA:27,0,0,0
BRDA:31,1,0,7
BRDA:31,1,1,5
BRDA:37,2,0,5
BRDA:37,2,1,0
BRDA:47,3,0,1
BRDA:47,3,1,3
BRDA:47,4,0,4
BRDA:47,4,1,1
BRDA:66,5,0,1
BRDA:66,5,1,23
BRDA:70,6,0,1
BRDA:70,6,1,22
BRDA:87,7,0,1
BRDA:87,7,1,7
BRDA:87,7,2,3
BRDA:87,7,3,3
BRDA:87,7,4,2
BRDA:87,7,5,2
BRDA:87,7,6,2
BRDA:87,7,7,1
BRDA:97,8,0,1
BRDA:97,8,1,0
BRDA:112,9,0,2
BRDA:112,9,1,4
BRDA:122,10,0,4
BRDA:122,10,1,0
BRDA:127,11,0,0
BRDA:127,11,1,4
BRDA:131,12,0,1
BRDA:131,12,1,3
BRDA:139,13,0,1
BRDA:139,13,1,3
BRDA:158,14,0,1
BRDA:158,14,1,2
BRDA:164,15,0,2
BRDA:164,15,1,0
BRDA:169,16,0,0
BRDA:169,16,1,2
BRDA:172,17,0,1
BRDA:172,17,1,1
BRDA:179,18,0,2
BRDA:179,18,1,0
BRDA:192,19,0,1
BRDA:192,19,1,2
BRDA:203,20,0,1
BRDA:203,20,1,1
BRDA:224,21,0,2
BRDA:224,21,1,0
BRDA:248,22,0,2
BRDA:248,22,1,0
BRDA:270,23,0,2
BRDA:270,23,1,0
BRF:53
BRH:42
end_of_record
TN:
SF:api\subscription-status.js
FN:12,(anonymous_0)
FNF:1
FNH:1
FNDA:9,(anonymous_0)
DA:7,1
DA:8,1
DA:9,1
DA:10,1
DA:12,1
DA:14,9
DA:15,9
DA:16,9
DA:18,9
DA:19,1
DA:22,8
DA:23,1
DA:27,7
DA:28,7
DA:29,2
DA:31,5
DA:33,5
DA:34,5
DA:37,5
DA:39,5
DA:40,1
DA:47,4
DA:49,3
DA:50,1
DA:57,2
DA:60,2
DA:72,1
DA:73,1
LF:28
LH:28
BRDA:14,0,0,9
BRDA:14,0,1,9
BRDA:18,1,0,1
BRDA:18,1,1,8
BRDA:22,2,0,1
BRDA:22,2,1,7
BRDA:28,3,0,2
BRDA:28,3,1,5
BRDA:39,4,0,1
BRDA:39,4,1,4
BRDA:49,5,0,1
BRDA:49,5,1,2
BRDA:67,6,0,2
BRDA:67,6,1,1
BRF:14
BRH:14
end_of_record
TN:
SF:api\usage-stats.js
FN:18,(anonymous_0)
FNF:1
FNH:1
FNDA:9,(anonymous_0)
DA:11,1
DA:12,1
DA:13,1
DA:14,1
DA:15,1
DA:16,1
DA:18,1
DA:19,9
DA:20,9
DA:22,8
DA:23,1
DA:26,7
DA:27,7
DA:29,6
DA:30,6
DA:31,1
DA:34,5
DA:35,5
DA:36,1
DA:39,4
DA:40,4
DA:42,4
DA:46,3
DA:47,1
DA:50,2
DA:57,1
DA:58,1
LF:27
LH:27
BRDA:20,0,0,1
BRDA:20,0,1,8
BRDA:22,1,0,1
BRDA:22,1,1,7
BRDA:27,2,0,1
BRDA:27,2,1,6
BRDA:30,3,0,1
BRDA:30,3,1,5
BRDA:31,4,0,1
BRDA:31,4,1,0
BRDA:35,5,0,1
BRDA:35,5,1,4
BRDA:42,6,0,1
BRDA:42,6,1,3
BRDA:42,7,0,4
BRDA:42,7,1,1
BRDA:46,8,0,1
BRDA:46,8,1,2
BRDA:47,9,0,1
BRDA:47,9,1,0
BRDA:53,10,0,1
BRDA:53,10,1,1
BRDA:53,11,0,2
BRDA:53,11,1,1
BRF:24
BRH:22
end_of_record
TN:
SF:api\waitlist.js
FN:28,(anonymous_0)
FN:70,handleGetWaitlist
FN:90,handleAddToWaitlist
FN:117,handleUpdateWaitlist
FN:149,(anonymous_4)
FN:160,handleRemoveFromWaitlist
FN:174,calculateEstimatedWait
FN:181,sendSMSNotification
FNF:8
FNH:7
FNDA:22,(anonymous_0)
FNDA:4,handleGetWaitlist
FNDA:3,handleAddToWaitlist
FNDA:8,handleUpdateWaitlist
FNDA:0,(anonymous_4)
FNDA:2,handleRemoveFromWaitlist
FNDA:2,calculateEstimatedWait
FNDA:4,sendSMSNotification
DA:6,1
DA:7,1
DA:8,1
DA:9,1
DA:10,1
DA:11,1
DA:12,1
DA:13,1
DA:14,1
DA:15,1
DA:17,1
DA:28,1
DA:29,22
DA:30,22
DA:32,22
DA:33,22
DA:35,22
DA:36,22
DA:37,1
DA:39,21
DA:40,21
DA:42,21
DA:43,1
DA:46,20
DA:48,20
DA:49,20
DA:51,4
DA:53,3
DA:55,9
DA:56,8
DA:58,3
DA:59,2
DA:61,1
DA:64,1
DA:65,1
DA:66,1
DA:71,4
DA:73,4
DA:79,3
DA:80,1
DA:83,2
DA:91,3
DA:93,3
DA:94,3
DA:95,1
DA:98,2
DA:106,2
DA:107,1
DA:110,1
DA:118,8
DA:120,8
DA:121,1
DA:124,7
DA:125,7
DA:126,7
DA:127,1
DA:131,6
DA:132,6
DA:133,6
DA:134,6
DA:136,6
DA:138,6
DA:139,2
DA:145,4
DA:146,4
DA:147,4
DA:148,4
DA:149,0
DA:153,4
DA:161,2
DA:163,2
DA:164,1
DA:167,1
DA:175,2
DA:176,2
DA:177,2
DA:178,2
DA:182,4
DA:183,2
DA:185,2
DA:186,2
DA:187,2
DA:192,1
DA:193,1
DA:195,1
DA:196,1
LF:86
LH:85
BRDA:30,0,0,0
BRDA:30,0,1,22
BRDA:33,1,0,0
BRDA:33,1,1,22
BRDA:36,2,0,1
BRDA:36,2,1,21
BRDA:42,3,0,1
BRDA:42,3,1,20
BRDA:49,4,0,4
BRDA:49,4,1,3
BRDA:49,4,2,9
BRDA:49,4,3,3
BRDA:49,4,4,1
BRDA:55,5,0,1
BRDA:55,5,1,8
BRDA:58,6,0,1
BRDA:58,6,1,2
BRDA:76,7,0,4
BRDA:76,7,1,4
BRDA:79,8,0,1
BRDA:79,8,1,2
BRDA:94,9,0,1
BRDA:94,9,1,2
BRDA:102,10,0,0
BRDA:102,10,1,2
BRDA:103,11,0,2
BRDA:103,11,1,2
BRDA:106,12,0,1
BRDA:106,12,1,1
BRDA:120,13,0,1
BRDA:120,13,1,7
BRDA:120,14,0,8
BRDA:120,14,1,1
BRDA:120,14,2,1
BRDA:124,15,0,7
BRDA:124,15,1,0
BRDA:126,16,0,1
BRDA:126,16,1,6
BRDA:132,17,0,6
BRDA:132,17,1,0
BRDA:133,18,0,0
BRDA:133,18,1,6
BRDA:134,19,0,0
BRDA:134,19,1,6
BRDA:138,20,0,2
BRDA:138,20,1,4
BRDA:139,21,0,1
BRDA:139,21,1,1
BRDA:140,22,0,2
BRDA:140,22,1,0
BRDA:145,23,0,4
BRDA:145,23,1,0
BRDA:145,24,0,4
BRDA:145,24,1,4
BRDA:147,25,0,4
BRDA:147,25,1,0
BRDA:163,26,0,1
BRDA:163,26,1,1
BRDA:176,27,0,0
BRDA:176,27,1,2
BRDA:177,28,0,0
BRDA:177,28,1,2
BRDA:182,29,0,2
BRDA:182,29,1,2
BRDA:182,30,0,4
BRDA:182,30,1,2
BRDA:182,30,2,2
BRDA:188,31,0,0
BRDA:188,31,1,2
BRF:69
BRH:56
end_of_record
TN:
SF:api\whatsapp-settings.js
FN:23,(anonymous_0)
FN:77,handleStatus
FN:110,handleStats
FN:138,(anonymous_3)
FN:153,handleUpdate
FN:204,handleTest
FNF:6
FNH:5
FNDA:22,(anonymous_0)
FNDA:5,handleStatus
FNDA:1,handleStats
FNDA:0,(anonymous_3)
FNDA:7,handleUpdate
FNDA:5,handleTest
DA:14,1
DA:15,1
DA:16,1
DA:17,1
DA:18,1
DA:19,1
DA:21,1
DA:23,1
DA:25,22
DA:26,22
DA:27,22
DA:29,22
DA:32,21
DA:33,21
DA:36,21
DA:37,21
DA:38,1
DA:41,20
DA:42,20
DA:43,1
DA:46,19
DA:48,19
DA:49,19
DA:51,5
DA:53,1
DA:55,7
DA:57,5
DA:59,1
DA:65,1
DA:66,1
DA:67,1
DA:78,5
DA:85,4
DA:86,1
DA:89,3
DA:90,3
DA:94,3
DA:112,1
DA:120,1
DA:127,1
DA:128,1
DA:129,1
DA:131,1
DA:138,1
DA:140,1
DA:154,7
DA:155,1
DA:158,6
DA:160,6
DA:161,6
DA:162,3
DA:164,6
DA:166,3
DA:167,3
DA:168,1
DA:170,2
DA:173,5
DA:174,1
DA:177,4
DA:185,4
DA:186,1
DA:187,1
DA:190,3
DA:192,3
DA:205,5
DA:206,1
DA:209,4
DA:210,4
DA:211,1
DA:214,3
DA:215,1
DA:222,2
DA:229,2
DA:231,2
DA:236,2
DA:237,1
DA:240,1
LF:77
LH:77
BRDA:25,0,0,22
BRDA:25,0,1,22
BRDA:29,1,0,1
BRDA:29,1,1,21
BRDA:33,2,0,0
BRDA:33,2,1,21
BRDA:37,3,0,1
BRDA:37,3,1,20
BRDA:42,4,0,1
BRDA:42,4,1,19
BRDA:46,5,0,19
BRDA:46,5,1,0
BRDA:46,5,2,0
BRDA:49,6,0,5
BRDA:49,6,1,1
BRDA:49,6,2,7
BRDA:49,6,3,5
BRDA:49,6,4,1
BRDA:85,7,0,1
BRDA:85,7,1,3
BRDA:85,8,0,4
BRDA:85,8,1,3
BRDA:89,9,0,3
BRDA:89,9,1,3
BRDA:90,10,0,0
BRDA:90,10,1,3
BRDA:97,11,0,3
BRDA:97,11,1,2
BRDA:98,12,0,3
BRDA:98,12,1,2
BRDA:138,13,0,1
BRDA:138,13,1,0
BRDA:138,14,0,0
BRDA:138,14,1,0
BRDA:143,15,0,1
BRDA:143,15,1,1
BRDA:144,16,0,1
BRDA:144,16,1,1
BRDA:154,17,0,1
BRDA:154,17,1,6
BRDA:158,18,0,6
BRDA:158,18,1,0
BRDA:161,19,0,3
BRDA:161,19,1,3
BRDA:164,20,0,3
BRDA:164,20,1,3
BRDA:167,21,0,1
BRDA:167,21,1,2
BRDA:167,22,0,3
BRDA:167,22,1,2
BRDA:173,23,0,1
BRDA:173,23,1,4
BRDA:185,24,0,1
BRDA:185,24,1,3
BRDA:205,25,0,1
BRDA:205,25,1,4
BRDA:209,26,0,4
BRDA:209,26,1,0
BRDA:210,27,0,1
BRDA:210,27,1,3
BRDA:214,28,0,1
BRDA:214,28,1,2
BRDA:229,29,0,2
BRDA:229,29,1,0
BRDA:236,30,0,1
BRDA:236,30,1,1
BRF:66
BRH:56
end_of_record
TN:
SF:api\_lib\alerts.js
FN:40,shouldSendAlert
FN:59,sendAlert
FN:92,analyzeMetrics
FN:141,(anonymous_3)
FN:161,checkSystemHealth
FN:216,alertOnEvent
FNF:6
FNH:6
FNDA:26,shouldSendAlert
FNDA:26,sendAlert
FNDA:8,analyzeMetrics
FNDA:1,(anonymous_3)
FNDA:6,checkSystemHealth
FNDA:5,alertOnEvent
DA:11,1
DA:12,1
DA:13,1
DA:16,1
DA:26,1
DA:34,1
DA:35,1
DA:41,26
DA:42,26
DA:43,23
DA:44,23
DA:47,3
DA:48,3
DA:49,1
DA:50,1
DA:53,2
DA:60,26
DA:62,26
DA:63,2
DA:64,2
DA:68,24
DA:75,24
DA:78,24
DA:86,24
DA:93,8
DA:95,8
DA:96,2
DA:99,6
DA:102,6
DA:106,6
DA:107,1
DA:112,1
DA:113,5
DA:114,1
DA:119,1
DA:123,6
DA:124,1
DA:129,1
DA:130,5
DA:131,1
DA:136,1
DA:140,6
DA:141,1
DA:142,1
DA:144,1
DA:145,1
DA:150,1
DA:155,6
DA:162,6
DA:164,6
DA:167,5
DA:168,1
DA:173,1
DA:174,4
DA:175,1
DA:180,1
DA:184,5
DA:185,1
DA:190,1
DA:191,4
DA:192,1
DA:197,1
DA:201,5
DA:202,1
DA:207,1
DA:210,5
DA:217,5
DA:219,1
DA:224,1
DA:227,1
DA:232,1
DA:235,1
DA:240,1
DA:243,1
DA:248,1
DA:251,1
DA:255,1
LF:77
LH:77
BRDA:42,0,0,23
BRDA:42,0,1,3
BRDA:48,1,0,1
BRDA:48,1,1,2
BRDA:59,2,0,0
BRDA:62,3,0,2
BRDA:62,3,1,24
BRDA:68,4,0,24
BRDA:68,4,1,0
BRDA:95,5,0,2
BRDA:95,5,1,6
BRDA:95,6,0,8
BRDA:95,6,1,7
BRDA:102,7,0,6
BRDA:102,7,1,0
BRDA:106,8,0,1
BRDA:106,8,1,5
BRDA:113,9,0,1
BRDA:113,9,1,4
BRDA:123,10,0,1
BRDA:123,10,1,5
BRDA:130,11,0,1
BRDA:130,11,1,4
BRDA:140,12,0,1
BRDA:140,12,1,5
BRDA:144,13,0,1
BRDA:144,13,1,0
BRDA:164,14,0,1
BRDA:164,14,1,5
BRDA:167,15,0,1
BRDA:167,15,1,4
BRDA:174,16,0,1
BRDA:174,16,1,3
BRDA:184,17,0,1
BRDA:184,17,1,4
BRDA:184,18,0,5
BRDA:184,18,1,3
BRDA:191,19,0,1
BRDA:191,19,1,3
BRDA:191,20,0,4
BRDA:191,20,1,2
BRDA:201,21,0,1
BRDA:201,21,1,4
BRDA:201,22,0,5
BRDA:201,22,1,5
BRDA:217,23,0,1
BRDA:217,23,1,1
BRDA:217,23,2,1
BRDA:217,23,3,1
BRDA:217,23,4,1
BRF:50
BRH:46
end_of_record
TN:
SF:api\_lib\auth.js
FN:32,getRestaurantIdForUser
FN:80,verifyJWT
FN:133,generateJWT
FN:156,authMiddleware
FN:159,(anonymous_4)
FN:208,verifyAuth
FN:239,maskSensitiveData
FNF:7
FNH:7
FNDA:14,getRestaurantIdForUser
FNDA:28,verifyJWT
FNDA:8,generateJWT
FNDA:9,authMiddleware
FNDA:9,(anonymous_4)
FNDA:8,verifyAuth
FNDA:9,maskSensitiveData
DA:7,1
DA:8,1
DA:9,1
DA:10,1
DA:13,1
DA:15,1
DA:18,1
DA:19,0
DA:23,1
DA:24,1
DA:33,14
DA:36,11
DA:37,11
DA:38,1
DA:41,10
DA:42,10
DA:51,9
DA:52,3
DA:53,3
DA:57,6
DA:58,6
DA:61,6
DA:62,0
DA:63,0
DA:64,0
DA:68,6
DA:70,1
DA:71,1
DA:81,28
DA:83,20
DA:86,20
DA:87,20
DA:88,20
DA:91,6
DA:96,20
DA:97,6
DA:98,6
DA:99,6
DA:100,5
DA:101,5
DA:103,1
DA:109,0
DA:110,0
DA:114,15
DA:117,15
DA:118,3
DA:119,3
DA:120,2
DA:121,2
DA:125,15
DA:134,8
DA:135,0
DA:136,0
DA:139,8
DA:140,2
DA:141,2
DA:142,1
DA:143,1
DA:146,8
DA:157,9
DA:159,9
DA:161,9
DA:162,9
DA:164,9
DA:165,6
DA:169,9
DA:170,1
DA:174,9
DA:176,9
DA:177,2
DA:184,7
DA:185,1
DA:192,6
DA:194,6
DA:195,6
DA:198,6
DA:209,8
DA:212,8
DA:213,8
DA:215,8
DA:216,5
DA:220,8
DA:222,8
DA:223,3
DA:227,5
DA:228,1
DA:231,4
DA:240,9
DA:241,4
DA:242,2
DA:245,1
LF:91
LH:83
BRDA:13,0,0,1
BRDA:13,0,1,0
BRDA:18,1,0,0
BRDA:18,1,1,1
BRDA:33,2,0,3
BRDA:33,2,1,11
BRDA:33,3,0,14
BRDA:33,3,1,11
BRDA:37,4,0,1
BRDA:37,4,1,10
BRDA:37,5,0,11
BRDA:37,5,1,1
BRDA:51,6,0,3
BRDA:51,6,1,6
BRDA:51,7,0,9
BRDA:51,7,1,6
BRDA:57,8,0,6
BRDA:57,8,1,4
BRDA:61,9,0,0
BRDA:61,9,1,6
BRDA:64,10,0,0
BRDA:64,10,1,0
BRDA:81,11,0,8
BRDA:81,11,1,20
BRDA:86,12,0,20
BRDA:86,12,1,0
BRDA:96,13,0,6
BRDA:96,13,1,14
BRDA:96,14,0,20
BRDA:96,14,1,6
BRDA:99,15,0,5
BRDA:99,15,1,1
BRDA:99,16,0,6
BRDA:99,16,1,1
BRDA:106,17,0,1
BRDA:106,17,1,0
BRDA:114,18,0,0
BRDA:114,18,1,15
BRDA:117,19,0,3
BRDA:117,19,1,12
BRDA:117,20,0,15
BRDA:117,20,1,3
BRDA:119,21,0,2
BRDA:119,21,1,1
BRDA:134,22,0,0
BRDA:134,22,1,8
BRDA:139,23,0,2
BRDA:139,23,1,6
BRDA:139,24,0,8
BRDA:139,24,1,2
BRDA:141,25,0,1
BRDA:141,25,1,1
BRDA:156,26,0,4
BRDA:157,27,0,6
BRDA:157,28,0,7
BRDA:164,29,0,6
BRDA:164,29,1,3
BRDA:164,30,0,9
BRDA:164,30,1,6
BRDA:169,31,0,1
BRDA:169,31,1,8
BRDA:169,32,0,9
BRDA:169,32,1,3
BRDA:169,32,2,3
BRDA:176,33,0,2
BRDA:176,33,1,7
BRDA:176,34,0,9
BRDA:176,34,1,3
BRDA:184,35,0,1
BRDA:184,35,1,6
BRDA:184,36,0,7
BRDA:184,36,1,6
BRDA:184,36,2,2
BRDA:194,37,0,6
BRDA:194,37,1,0
BRDA:208,38,0,2
BRDA:209,39,0,4
BRDA:209,40,0,6
BRDA:215,41,0,5
BRDA:215,41,1,3
BRDA:215,42,0,8
BRDA:215,42,1,6
BRDA:222,43,0,3
BRDA:222,43,1,5
BRDA:222,44,0,8
BRDA:222,44,1,4
BRDA:227,45,0,1
BRDA:227,45,1,4
BRDA:227,46,0,5
BRDA:227,46,1,4
BRDA:227,46,2,2
BRDA:240,47,0,5
BRDA:240,47,1,4
BRDA:240,48,0,9
BRDA:240,48,1,6
BRDA:241,49,0,2
BRDA:241,49,1,2
BRF:97
BRH:87
end_of_record
TN:
SF:api\_lib\availability-calculator.js
FN:16,getDiningDuration
FN:29,addMinutesToTime
FN:47,timeRangesOverlap
FN:48,(anonymous_3)
FN:68,getOccupiedSeatsAtTime
FN:71,(anonymous_5)
FN:97,checkTimeSlotAvailability
FN:148,getSuggestedTimes
FN:182,(anonymous_8)
FN:183,(anonymous_9)
FN:205,getMaxPartyCapacity
FN:211,(anonymous_11)
FN:214,(anonymous_12)
FN:233,(anonymous_13)
FN:238,(anonymous_14)
FN:267,canAccommodateParty
FN:272,(anonymous_16)
FN:273,(anonymous_17)
FN:286,(anonymous_18)
FN:289,(anonymous_19)
FNF:20
FNH:20
FNDA:190,getDiningDuration
FNDA:503,addMinutesToTime
FNDA:147,timeRangesOverlap
FNDA:588,(anonymous_3)
FNDA:151,getOccupiedSeatsAtTime
FNDA:142,(anonymous_5)
FNDA:28,checkTimeSlotAvailability
FNDA:3,getSuggestedTimes
FNDA:26,(anonymous_8)
FNDA:78,(anonymous_9)
FNDA:6,getMaxPartyCapacity
FNDA:25,(anonymous_11)
FNDA:7,(anonymous_12)
FNDA:11,(anonymous_13)
FNDA:11,(anonymous_14)
FNDA:7,canAccommodateParty
FNDA:10,(anonymous_16)
FNDA:2,(anonymous_17)
FNDA:11,(anonymous_18)
FNDA:8,(anonymous_19)
DA:17,190
DA:18,163
DA:19,135
DA:20,132
DA:30,503
DA:31,503
DA:32,503
DA:34,503
DA:35,503
DA:36,503
DA:48,147
DA:49,588
DA:50,588
DA:53,147
DA:54,147
DA:55,147
DA:56,147
DA:59,147
DA:69,151
DA:71,151
DA:72,142
DA:73,142
DA:74,142
DA:75,142
DA:79,142
DA:81,142
DA:82,50
DA:86,151
DA:98,28
DA:99,28
DA:102,28
DA:103,28
DA:105,28
DA:106,28
DA:108,28
DA:109,148
DA:110,148
DA:112,148
DA:113,10
DA:114,10
DA:118,148
DA:119,9
DA:129,19
DA:149,3
DA:150,3
DA:153,3
DA:154,12
DA:155,12
DA:157,12
DA:158,8
DA:166,3
DA:167,12
DA:168,12
DA:169,12
DA:171,12
DA:173,12
DA:174,6
DA:182,3
DA:183,26
DA:184,78
DA:185,78
DA:188,26
DA:189,26
DA:190,26
DA:192,26
DA:196,3
DA:206,6
DA:207,2
DA:211,25
DA:214,4
DA:215,7
DA:218,7
DA:219,7
DA:220,7
DA:221,0
DA:225,7
DA:226,7
DA:227,7
DA:230,7
DA:233,11
DA:234,4
DA:237,4
DA:238,11
DA:243,4
DA:244,4
DA:245,8
DA:246,7
DA:247,5
DA:248,5
DA:253,4
DA:268,7
DA:269,2
DA:272,10
DA:273,5
DA:274,2
DA:275,2
DA:276,2
DA:277,2
DA:278,1
DA:280,1
DA:281,1
DA:282,1
DA:283,1
DA:286,11
DA:289,8
DA:290,5
DA:291,2
DA:300,3
DA:301,3
DA:302,3
DA:303,2
DA:304,2
DA:305,2
DA:306,2
DA:317,1
DA:320,1
LF:116
LH:115
BRDA:17,0,0,27
BRDA:17,0,1,163
BRDA:18,1,0,28
BRDA:18,1,1,135
BRDA:19,2,0,3
BRDA:19,2,1,132
BRDA:59,3,0,147
BRDA:59,3,1,91
BRDA:73,4,0,142
BRDA:73,4,1,0
BRDA:81,5,0,50
BRDA:81,5,1,92
BRDA:112,6,0,10
BRDA:112,6,1,138
BRDA:118,7,0,9
BRDA:118,7,1,139
BRDA:148,8,0,2
BRDA:148,9,0,2
BRDA:157,10,0,8
BRDA:157,10,1,4
BRDA:157,11,0,12
BRDA:157,11,1,8
BRDA:173,12,0,6
BRDA:173,12,1,6
BRDA:173,13,0,12
BRDA:173,13,1,8
BRDA:206,14,0,2
BRDA:206,14,1,4
BRDA:206,15,0,6
BRDA:206,15,1,5
BRDA:215,16,0,0
BRDA:215,16,1,7
BRDA:215,17,0,7
BRDA:215,17,1,7
BRDA:218,18,0,7
BRDA:218,18,1,0
BRDA:219,19,0,7
BRDA:219,19,1,0
BRDA:220,20,0,0
BRDA:220,20,1,7
BRDA:220,21,0,7
BRDA:220,21,1,7
BRDA:221,22,0,0
BRDA:221,22,1,0
BRDA:227,23,0,0
BRDA:227,23,1,7
BRDA:227,24,0,7
BRDA:227,24,1,0
BRDA:238,25,0,11
BRDA:238,25,1,0
BRDA:246,26,0,5
BRDA:246,26,1,2
BRDA:268,27,0,2
BRDA:268,27,1,5
BRDA:268,28,0,7
BRDA:268,28,1,6
BRDA:274,29,0,0
BRDA:274,29,1,2
BRDA:274,30,0,2
BRDA:274,30,1,2
BRDA:275,31,0,2
BRDA:275,31,1,0
BRDA:276,32,0,2
BRDA:276,32,1,0
BRDA:277,33,0,1
BRDA:277,33,1,1
BRDA:277,34,0,2
BRDA:277,34,1,1
BRDA:278,35,0,1
BRDA:278,35,1,0
BRDA:282,36,0,0
BRDA:282,36,1,1
BRDA:282,37,0,1
BRDA:282,37,1,0
BRDA:290,38,0,2
BRDA:290,38,1,3
BRDA:303,39,0,2
BRDA:303,39,1,0
BRDA:305,40,0,2
BRDA:305,40,1,0
BRF:80
BRH:62
end_of_record
TN:
SF:api\_lib\constants.js
FN:65,getDiningDuration
FNF:1
FNH:1
FNDA:9,getDiningDuration
DA:14,3
DA:19,3
DA:24,3
DA:29,3
DA:36,3
DA:41,3
DA:46,3
DA:51,3
DA:56,3
DA:67,9
DA:68,2
DA:72,7
DA:73,2
DA:76,5
DA:79,3
LF:15
LH:15
BRDA:65,0,0,1
BRDA:67,1,0,2
BRDA:67,1,1,7
BRDA:72,2,0,2
BRDA:72,2,1,5
BRF:5
BRH:5
end_of_record
TN:
SF:api\_lib\cors.js
FN:28,setInternalCors
FN:47,setWebhookCors
FN:52,(anonymous_2)
FN:68,handlePreflight
FNF:4
FNH:4
FNDA:5,setInternalCors
FNDA:4,setWebhookCors
FNDA:4,(anonymous_2)
FNDA:3,handlePreflight
DA:9,1
DA:18,1
DA:29,5
DA:31,5
DA:32,3
DA:33,2
DA:35,1
DA:38,5
DA:39,5
DA:40,5
DA:48,4
DA:52,4
DA:53,2
DA:56,2
DA:59,4
DA:60,4
DA:61,4
DA:69,3
DA:70,1
DA:71,1
DA:73,2
DA:76,1
LF:22
LH:22
BRDA:10,0,0,1
BRDA:10,0,1,1
BRDA:31,1,0,3
BRDA:31,1,1,2
BRDA:31,2,0,5
BRDA:31,2,1,4
BRDA:33,3,0,1
BRDA:33,3,1,1
BRDA:52,4,0,2
BRDA:52,4,1,2
BRDA:52,5,0,4
BRDA:52,5,1,3
BRDA:52,5,2,2
BRDA:69,6,0,1
BRDA:69,6,1,2
BRF:15
BRH:15
end_of_record
TN:
SF:api\_lib\customer-history.js
FN:20,airtableRequest
FN:57,findCustomerByEmail
FN:73,findCustomerByPhone
FN:92,getCustomer
FN:105,mapCustomerRecord
FN:140,findOrCreateCustomer
FN:201,updateCustomerHistory
FN:264,updateCustomerSpend
FN:290,getCustomerStats
FN:326,calculateDaysSinceLastVisit
FN:345,backfillCustomerHistory
FN:376,(anonymous_11)
FN:377,(anonymous_12)
FN:378,(anonymous_13)
FN:380,(anonymous_14)
FN:383,(anonymous_15)
FN:386,(anonymous_16)
FNF:17
FNH:17
FNDA:31,airtableRequest
FNDA:10,findCustomerByEmail
FNDA:6,findCustomerByPhone
FNDA:9,getCustomer
FNDA:13,mapCustomerRecord
FNDA:4,findOrCreateCustomer
FNDA:5,updateCustomerHistory
FNDA:2,updateCustomerSpend
FNDA:2,getCustomerStats
FNDA:4,calculateDaysSinceLastVisit
FNDA:2,backfillCustomerHistory
FNDA:3,(anonymous_11)
FNDA:3,(anonymous_12)
FNDA:3,(anonymous_13)
FNDA:3,(anonymous_14)
FNDA:2,(anonymous_15)
FNDA:2,(anonymous_16)
DA:8,1
DA:9,1
DA:10,1
DA:12,1
DA:13,1
DA:14,1
DA:21,31
DA:22,31
DA:32,31
DA:33,9
DA:36,31
DA:37,31
DA:39,26
DA:41,5
DA:42,5
DA:58,10
DA:60,8
DA:61,8
DA:63,8
DA:64,3
DA:67,5
DA:74,6
DA:77,5
DA:79,5
DA:80,5
DA:82,5
DA:83,3
DA:86,2
DA:93,9
DA:95,9
DA:96,6
DA:99,3
DA:106,13
DA:141,4
DA:144,4
DA:147,4
DA:148,2
DA:152,4
DA:153,2
DA:155,2
DA:157,2
DA:174,2
DA:176,2
DA:177,1
DA:178,1
DA:180,1
DA:181,1
DA:184,2
DA:187,3
DA:202,5
DA:205,5
DA:206,5
DA:207,1
DA:208,1
DA:212,4
DA:214,4
DA:216,1
DA:218,3
DA:220,1
DA:221,1
DA:224,1
DA:226,1
DA:229,1
DA:233,2
DA:235,1
DA:238,1
DA:242,1
DA:244,1
DA:248,4
DA:252,4
DA:253,4
DA:254,4
DA:256,0
DA:257,0
DA:265,2
DA:266,2
DA:268,1
DA:269,1
DA:273,1
DA:280,1
DA:291,2
DA:293,2
DA:295,1
DA:309,1
DA:327,4
DA:329,2
DA:330,2
DA:331,2
DA:332,2
DA:334,2
DA:346,2
DA:349,2
DA:351,2
DA:352,3
DA:353,3
DA:355,3
DA:356,2
DA:364,3
DA:367,2
DA:369,2
DA:370,2
DA:373,2
DA:374,2
DA:375,2
DA:376,3
DA:377,3
DA:378,3
DA:380,3
DA:381,2
DA:383,2
DA:384,2
DA:386,2
DA:387,2
DA:389,2
DA:407,2
DA:409,2
DA:410,2
DA:412,0
DA:413,0
DA:417,0
DA:418,0
DA:422,2
DA:424,2
DA:436,1
LF:124
LH:118
BRDA:14,0,0,1
BRDA:14,0,1,1
BRDA:20,1,0,22
BRDA:32,2,0,9
BRDA:32,2,1,22
BRDA:32,3,0,31
BRDA:32,3,1,9
BRDA:41,4,0,5
BRDA:41,4,1,5
BRDA:45,5,0,5
BRDA:45,5,1,5
BRDA:58,6,0,2
BRDA:58,6,1,8
BRDA:63,7,0,3
BRDA:63,7,1,5
BRDA:63,8,0,8
BRDA:63,8,1,7
BRDA:63,8,2,7
BRDA:74,9,0,1
BRDA:74,9,1,5
BRDA:82,10,0,3
BRDA:82,10,1,2
BRDA:82,11,0,5
BRDA:82,11,1,5
BRDA:82,11,2,5
BRDA:95,12,0,6
BRDA:95,12,1,3
BRDA:95,13,0,9
BRDA:95,13,1,6
BRDA:108,14,0,13
BRDA:108,14,1,0
BRDA:109,15,0,13
BRDA:109,15,1,0
BRDA:110,16,0,13
BRDA:110,16,1,0
BRDA:111,17,0,13
BRDA:111,17,1,0
BRDA:112,18,0,13
BRDA:112,18,1,0
BRDA:113,19,0,13
BRDA:113,19,1,1
BRDA:114,20,0,13
BRDA:114,20,1,0
BRDA:115,21,0,13
BRDA:115,21,1,0
BRDA:116,22,0,13
BRDA:116,22,1,0
BRDA:117,23,0,13
BRDA:117,23,1,0
BRDA:118,24,0,13
BRDA:118,24,1,0
BRDA:119,25,0,13
BRDA:119,25,1,0
BRDA:120,26,0,13
BRDA:120,26,1,0
BRDA:121,27,0,13
BRDA:121,27,1,0
BRDA:122,28,0,13
BRDA:122,28,1,0
BRDA:123,29,0,13
BRDA:123,29,1,0
BRDA:124,30,0,13
BRDA:124,30,1,0
BRDA:125,31,0,13
BRDA:125,31,1,13
BRDA:127,32,0,13
BRDA:127,32,1,13
BRDA:141,33,0,4
BRDA:141,33,1,1
BRDA:147,34,0,2
BRDA:147,34,1,2
BRDA:147,35,0,4
BRDA:147,35,1,3
BRDA:152,36,0,2
BRDA:152,36,1,2
BRDA:159,37,0,2
BRDA:159,37,1,0
BRDA:160,38,0,2
BRDA:160,38,1,1
BRDA:161,39,0,2
BRDA:161,39,1,0
BRDA:176,40,0,1
BRDA:176,40,1,1
BRDA:176,41,0,2
BRDA:176,41,1,1
BRDA:206,42,0,1
BRDA:206,42,1,4
BRDA:214,43,0,1
BRDA:214,43,1,3
BRDA:218,44,0,1
BRDA:218,44,1,2
BRDA:221,45,0,1
BRDA:221,45,1,0
BRDA:225,46,0,1
BRDA:225,46,1,0
BRDA:230,47,0,1
BRDA:230,47,1,0
BRDA:233,48,0,1
BRDA:233,48,1,1
BRDA:239,49,0,1
BRDA:239,49,1,0
BRDA:242,50,0,1
BRDA:242,50,1,0
BRDA:252,51,0,4
BRDA:252,51,1,0
BRDA:266,52,0,1
BRDA:266,52,1,1
BRDA:269,53,0,1
BRDA:269,53,1,0
BRDA:291,54,0,2
BRDA:291,54,1,1
BRDA:293,55,0,1
BRDA:293,55,1,1
BRDA:327,56,0,2
BRDA:327,56,1,2
BRDA:352,57,0,3
BRDA:352,57,1,0
BRDA:352,57,2,0
BRDA:353,58,0,0
BRDA:353,58,1,3
BRDA:355,59,0,2
BRDA:355,59,1,1
BRDA:357,60,0,2
BRDA:357,60,1,0
BRDA:358,61,0,2
BRDA:358,61,1,0
BRDA:359,62,0,2
BRDA:359,62,1,0
BRDA:377,63,0,3
BRDA:377,63,1,2
BRDA:378,64,0,3
BRDA:378,64,1,3
BRDA:381,65,0,2
BRDA:381,65,1,0
BRDA:384,66,0,2
BRDA:384,66,1,1
BRDA:386,67,0,2
BRDA:386,67,1,0
BRDA:387,68,0,1
BRDA:387,68,1,1
BRDA:401,69,0,2
BRDA:401,69,1,0
BRDA:409,70,0,2
BRDA:409,70,1,0
BRF:144
BRH:109
end_of_record
TN:
SF:api\_lib\db-clients.js
FN:57,createAuthClient
FN:76,(anonymous_1)
FNF:2
FNH:2
FNDA:2,createAuthClient
FNDA:4,(anonymous_1)
DA:20,3
DA:21,3
DA:22,3
DA:26,3
DA:27,3
DA:28,3
DA:30,3
DA:31,0
DA:33,3
DA:34,0
DA:36,3
DA:37,1
DA:41,3
DA:46,3
DA:58,2
DA:59,1
DA:61,1
DA:72,3
DA:76,3
DA:77,4
DA:78,2
DA:79,2
DA:86,2
DA:87,2
DA:90,3
LF:25
LH:23
BRDA:30,0,0,0
BRDA:30,0,1,3
BRDA:33,1,0,0
BRDA:33,1,1,3
BRDA:36,2,0,1
BRDA:36,2,1,2
BRDA:41,3,0,3
BRDA:41,3,1,0
BRDA:46,4,0,2
BRDA:46,4,1,1
BRDA:58,5,0,1
BRDA:58,5,1,1
BRDA:58,6,0,2
BRDA:58,6,1,1
BRDA:72,7,0,3
BRDA:72,7,1,0
BRDA:76,8,0,0
BRDA:77,9,0,2
BRDA:77,9,1,2
BRDA:82,10,0,2
BRDA:82,10,1,1
BRF:21
BRH:16
end_of_record
TN:
SF:api\_lib\db-reservations.js
FN:13,(anonymous_0)
FN:35,(anonymous_1)
FN:61,(anonymous_2)
FN:93,(anonymous_3)
FN:128,(anonymous_4)
FN:180,(anonymous_5)
FN:218,(anonymous_6)
FN:240,(anonymous_7)
FN:257,(anonymous_8)
FN:273,(anonymous_9)
FNF:10
FNH:10
FNDA:11,(anonymous_0)
FNDA:5,(anonymous_1)
FNDA:4,(anonymous_2)
FNDA:5,(anonymous_3)
FNDA:9,(anonymous_4)
FNDA:13,(anonymous_5)
FNDA:3,(anonymous_6)
FNDA:2,(anonymous_7)
FNDA:9,(anonymous_8)
FNDA:5,(anonymous_9)
DA:8,2
DA:9,2
DA:13,2
DA:14,11
DA:18,11
DA:19,3
DA:21,11
DA:22,3
DA:24,11
DA:25,2
DA:28,11
DA:30,11
DA:32,10
DA:35,5
DA:61,2
DA:62,4
DA:69,4
DA:70,3
DA:72,2
DA:93,2
DA:94,5
DA:113,5
DA:115,4
DA:128,2
DA:129,9
DA:132,9
DA:133,9
DA:134,9
DA:135,9
DA:136,9
DA:139,9
DA:140,9
DA:141,9
DA:142,9
DA:143,9
DA:146,9
DA:147,9
DA:148,9
DA:149,9
DA:150,9
DA:153,9
DA:154,9
DA:156,9
DA:164,9
DA:166,6
DA:180,2
DA:181,13
DA:184,13
DA:185,10
DA:186,3
DA:187,1
DA:188,2
DA:189,1
DA:192,13
DA:194,13
DA:195,3
DA:202,10
DA:218,2
DA:219,3
DA:221,3
DA:222,1
DA:225,2
DA:229,2
DA:230,1
DA:233,1
DA:240,2
DA:241,2
DA:246,2
DA:247,1
DA:250,1
DA:257,2
DA:259,9
DA:260,9
DA:262,9
DA:271,9
DA:273,8
DA:298,8
DA:304,2
LF:78
LH:78
BRDA:13,0,0,3
BRDA:18,1,0,3
BRDA:18,1,1,8
BRDA:21,2,0,3
BRDA:21,2,1,8
BRDA:24,3,0,2
BRDA:24,3,1,9
BRDA:30,4,0,1
BRDA:30,4,1,10
BRDA:69,5,0,1
BRDA:69,5,1,3
BRDA:70,6,0,1
BRDA:70,6,1,2
BRDA:106,7,0,5
BRDA:106,7,1,3
BRDA:107,8,0,5
BRDA:107,8,1,4
BRDA:113,9,0,1
BRDA:113,9,1,4
BRDA:132,10,0,1
BRDA:132,10,1,8
BRDA:133,11,0,1
BRDA:133,11,1,8
BRDA:134,12,0,1
BRDA:134,12,1,8
BRDA:135,13,0,0
BRDA:135,13,1,9
BRDA:136,14,0,1
BRDA:136,14,1,8
BRDA:139,15,0,8
BRDA:139,15,1,1
BRDA:140,16,0,1
BRDA:140,16,1,8
BRDA:141,17,0,1
BRDA:141,17,1,8
BRDA:142,18,0,3
BRDA:142,18,1,6
BRDA:143,19,0,1
BRDA:143,19,1,8
BRDA:146,20,0,1
BRDA:146,20,1,8
BRDA:147,21,0,1
BRDA:147,21,1,8
BRDA:148,22,0,1
BRDA:148,22,1,8
BRDA:149,23,0,1
BRDA:149,23,1,8
BRDA:150,24,0,1
BRDA:150,24,1,8
BRDA:154,25,0,1
BRDA:154,25,1,8
BRDA:164,26,0,3
BRDA:164,26,1,6
BRDA:184,27,0,10
BRDA:184,27,1,3
BRDA:186,28,0,1
BRDA:186,28,1,2
BRDA:188,29,0,1
BRDA:188,29,1,1
BRDA:194,30,0,3
BRDA:194,30,1,10
BRDA:194,31,0,13
BRDA:194,31,1,12
BRDA:208,32,0,10
BRDA:208,32,1,3
BRDA:211,33,0,10
BRDA:211,33,1,3
BRDA:221,34,0,1
BRDA:221,34,1,2
BRDA:229,35,0,1
BRDA:229,35,1,1
BRDA:246,36,0,1
BRDA:246,36,1,1
BRDA:259,37,0,8
BRDA:259,37,1,1
BRDA:260,38,0,8
BRDA:260,38,1,1
BRDA:271,39,0,1
BRDA:271,39,1,8
BRDA:277,40,0,5
BRDA:277,40,1,1
BRDA:282,41,0,5
BRDA:282,41,1,1
BRDA:284,42,0,5
BRDA:284,42,1,4
BRF:85
BRH:84
end_of_record
TN:
SF:api\_lib\db-service-records.js
FN:12,(anonymous_0)
FN:27,(anonymous_1)
FN:47,(anonymous_2)
FN:56,(anonymous_3)
FN:76,(anonymous_4)
FN:110,(anonymous_5)
FN:143,(anonymous_6)
FN:150,(anonymous_7)
FNF:8
FNH:8
FNDA:7,(anonymous_0)
FNDA:2,(anonymous_1)
FNDA:9,(anonymous_2)
FNDA:4,(anonymous_3)
FNDA:5,(anonymous_4)
FNDA:6,(anonymous_5)
FNDA:2,(anonymous_6)
FNDA:4,(anonymous_7)
DA:8,2
DA:12,2
DA:13,7
DA:16,7
DA:17,2
DA:20,7
DA:22,7
DA:24,6
DA:27,2
DA:47,2
DA:48,9
DA:54,9
DA:56,8
DA:70,8
DA:76,2
DA:77,5
DA:95,5
DA:97,4
DA:110,2
DA:111,6
DA:113,6
DA:114,6
DA:116,6
DA:118,6
DA:126,6
DA:127,2
DA:128,2
DA:131,4
DA:133,4
DA:143,2
DA:144,2
DA:150,2
DA:151,4
DA:158,4
DA:160,3
DA:167,2
LF:36
LH:36
BRDA:12,0,0,5
BRDA:16,1,0,2
BRDA:16,1,1,5
BRDA:22,2,0,1
BRDA:22,2,1,6
BRDA:54,3,0,1
BRDA:54,3,1,8
BRDA:58,4,0,4
BRDA:58,4,1,1
BRDA:62,5,0,4
BRDA:62,5,1,1
BRDA:65,6,0,4
BRDA:65,6,1,1
BRDA:82,7,0,5
BRDA:82,7,1,4
BRDA:87,8,0,5
BRDA:87,8,1,3
BRDA:95,9,0,1
BRDA:95,9,1,4
BRDA:113,10,0,6
BRDA:113,10,1,0
BRDA:114,11,0,3
BRDA:114,11,1,3
BRDA:126,12,0,2
BRDA:126,12,1,4
BRDA:137,13,0,4
BRDA:137,13,1,1
BRDA:158,14,0,1
BRDA:158,14,1,3
BRDA:163,15,0,2
BRDA:163,15,1,1
BRF:31
BRH:30
end_of_record
TN:
SF:api\_lib\supabase.js
FNF:0
FNH:0
DA:17,1
DA:18,1
DA:19,1
DA:20,1
DA:21,1
DA:22,1
DA:23,1
DA:25,1
LF:8
LH:8
BRF:0
BRH:0
end_of_record
TN:
SF:api\_lib\table-assignment.js
FN:18,assignTables
FN:30,(anonymous_1)
FN:67,(anonymous_2)
FN:68,(anonymous_3)
FN:104,findExactMatch
FN:105,(anonymous_5)
FN:111,findSizeUp
FN:112,(anonymous_7)
FN:122,findLargerTable
FN:124,(anonymous_9)
FN:125,(anonymous_10)
FN:134,isFlexibleTable
FN:145,canCombine
FN:176,findTableCombination
FN:177,(anonymous_14)
FN:178,(anonymous_15)
FN:247,getAllTableOptions
FN:252,(anonymous_17)
FN:259,(anonymous_18)
FN:262,(anonymous_19)
FN:280,(anonymous_20)
FN:313,(anonymous_21)
FN:321,validateAssignment
FN:327,(anonymous_23)
FN:329,(anonymous_24)
FN:334,(anonymous_25)
FN:336,(anonymous_26)
FN:341,(anonymous_27)
FNF:28
FNH:28
FNDA:8,assignTables
FNDA:3,(anonymous_1)
FNDA:2,(anonymous_2)
FNDA:2,(anonymous_3)
FNDA:9,findExactMatch
FNDA:12,(anonymous_5)
FNDA:6,findSizeUp
FNDA:9,(anonymous_7)
FNDA:3,findLargerTable
FNDA:6,(anonymous_9)
FNDA:1,(anonymous_10)
FNDA:63,isFlexibleTable
FNDA:21,canCombine
FNDA:6,findTableCombination
FNDA:12,(anonymous_14)
FNDA:12,(anonymous_15)
FNDA:4,getAllTableOptions
FNDA:2,(anonymous_17)
FNDA:7,(anonymous_18)
FNDA:7,(anonymous_19)
FNDA:7,(anonymous_20)
FNDA:2,(anonymous_21)
FNDA:7,validateAssignment
FNDA:6,(anonymous_23)
FNDA:1,(anonymous_24)
FNDA:5,(anonymous_25)
FNDA:1,(anonymous_26)
FNDA:4,(anonymous_27)
DA:19,8
DA:20,2
DA:29,6
DA:30,3
DA:34,6
DA:35,1
DA:39,6
DA:40,6
DA:41,3
DA:52,3
DA:53,3
DA:54,1
DA:65,2
DA:66,2
DA:67,2
DA:68,2
DA:69,1
DA:80,1
DA:81,1
DA:82,1
DA:93,0
DA:105,12
DA:112,6
DA:113,9
DA:123,3
DA:124,6
DA:125,1
DA:127,3
DA:137,63
DA:147,21
DA:148,2
DA:152,19
DA:153,19
DA:155,19
DA:157,2
DA:161,17
DA:162,17
DA:164,17
DA:165,2
DA:169,15
DA:177,12
DA:178,12
DA:181,6
DA:182,8
DA:183,6
DA:184,6
DA:187,6
DA:188,1
DA:191,5
DA:194,5
DA:195,2
DA:201,4
DA:202,4
DA:203,2
DA:204,1
DA:205,1
DA:206,1
DA:209,1
DA:210,0
DA:213,1
DA:215,1
DA:216,1
DA:223,3
DA:224,3
DA:225,1
DA:226,1
DA:228,1
DA:229,1
DA:232,0
DA:234,0
DA:235,0
DA:240,3
DA:248,4
DA:251,4
DA:252,2
DA:255,4
DA:256,0
DA:259,7
DA:262,4
DA:263,7
DA:264,4
DA:265,4
DA:267,4
DA:280,7
DA:281,4
DA:282,7
DA:283,4
DA:284,4
DA:287,4
DA:288,0
DA:291,4
DA:292,4
DA:294,4
DA:295,1
DA:296,1
DA:298,1
DA:313,4
DA:315,4
DA:322,7
DA:323,2
DA:327,6
DA:328,5
DA:329,1
DA:330,1
DA:334,5
DA:335,4
DA:336,1
DA:337,1
DA:341,4
DA:342,3
DA:343,1
DA:346,2
DA:349,1
LF:113
LH:106
BRDA:18,0,0,6
BRDA:19,1,0,2
BRDA:19,1,1,6
BRDA:19,2,0,8
BRDA:19,2,1,7
BRDA:29,3,0,2
BRDA:29,3,1,4
BRDA:34,4,0,1
BRDA:34,4,1,5
BRDA:34,5,0,6
BRDA:34,5,1,1
BRDA:40,6,0,3
BRDA:40,6,1,3
BRDA:53,7,0,1
BRDA:53,7,1,2
BRDA:66,8,0,1
BRDA:66,8,1,1
BRDA:81,9,0,1
BRDA:81,9,1,0
BRDA:105,10,0,12
BRDA:105,10,1,5
BRDA:111,11,0,0
BRDA:113,12,0,9
BRDA:113,12,1,5
BRDA:113,12,2,3
BRDA:124,13,0,6
BRDA:124,13,1,3
BRDA:127,14,0,3
BRDA:127,14,1,1
BRDA:147,15,0,2
BRDA:147,15,1,19
BRDA:147,16,0,21
BRDA:147,16,1,20
BRDA:152,17,0,19
BRDA:152,17,1,0
BRDA:153,18,0,19
BRDA:153,18,1,0
BRDA:155,19,0,2
BRDA:155,19,1,17
BRDA:155,20,0,19
BRDA:155,20,1,17
BRDA:157,21,0,2
BRDA:157,21,1,1
BRDA:164,22,0,2
BRDA:164,22,1,15
BRDA:164,23,0,17
BRDA:164,23,1,2
BRDA:187,24,0,1
BRDA:187,24,1,5
BRDA:194,25,0,2
BRDA:194,25,1,3
BRDA:194,26,0,5
BRDA:194,26,1,2
BRDA:209,27,0,0
BRDA:209,27,1,1
BRDA:209,28,0,1
BRDA:209,28,1,1
BRDA:215,29,0,1
BRDA:215,29,1,0
BRDA:215,30,0,1
BRDA:215,30,1,1
BRDA:228,31,0,1
BRDA:228,31,1,0
BRDA:234,32,0,0
BRDA:234,32,1,0
BRDA:234,33,0,0
BRDA:234,33,1,0
BRDA:247,34,0,3
BRDA:251,35,0,1
BRDA:251,35,1,3
BRDA:255,36,0,0
BRDA:255,36,1,4
BRDA:255,37,0,4
BRDA:255,37,1,0
BRDA:263,38,0,4
BRDA:263,38,1,3
BRDA:265,39,0,2
BRDA:265,39,1,2
BRDA:265,40,0,1
BRDA:265,40,1,1
BRDA:273,41,0,2
BRDA:273,41,1,2
BRDA:273,42,0,1
BRDA:273,42,1,1
BRDA:287,43,0,0
BRDA:287,43,1,4
BRDA:294,44,0,1
BRDA:294,44,1,3
BRDA:294,45,0,4
BRDA:294,45,1,4
BRDA:296,46,0,1
BRDA:296,46,1,0
BRDA:296,47,0,1
BRDA:296,47,1,0
BRDA:296,48,0,0
BRDA:296,48,1,0
BRDA:303,49,0,1
BRDA:303,49,1,0
BRDA:304,50,0,1
BRDA:304,50,1,0
BRDA:322,51,0,2
BRDA:322,51,1,5
BRDA:322,52,0,7
BRDA:322,52,1,6
BRDA:328,53,0,1
BRDA:328,53,1,4
BRDA:335,54,0,1
BRDA:335,54,1,3
BRDA:342,55,0,1
BRDA:342,55,1,2
BRF:110
BRH:90
end_of_record
TN:
SF:api\_lib\timezone.js
FN:19,getLocalDate
FN:28,(anonymous_1)
FN:29,(anonymous_2)
FN:30,(anonymous_3)
FN:39,getLocalTime
FN:48,(anonymous_5)
FN:49,(anonymous_6)
FN:59,utcToLocalDate
FN:67,(anonymous_8)
FN:68,(anonymous_9)
FN:69,(anonymous_10)
FN:79,utcToLocalTime
FN:87,(anonymous_12)
FN:88,(anonymous_13)
FN:100,localToUtcDate
FN:131,suggestTimezone
FNF:16
FNH:16
FNDA:7,getLocalDate
FNDA:7,(anonymous_1)
FNDA:21,(anonymous_2)
FNDA:35,(anonymous_3)
FNDA:6,getLocalTime
FNDA:6,(anonymous_5)
FNDA:18,(anonymous_6)
FNDA:4,utcToLocalDate
FNDA:4,(anonymous_8)
FNDA:12,(anonymous_9)
FNDA:20,(anonymous_10)
FNDA:3,utcToLocalTime
FNDA:3,(anonymous_12)
FNDA:9,(anonymous_13)
FNDA:3,localToUtcDate
FNDA:17,suggestTimezone
DA:20,7
DA:21,7
DA:28,7
DA:29,21
DA:30,35
DA:31,7
DA:40,6
DA:41,6
DA:48,6
DA:49,18
DA:50,6
DA:60,4
DA:67,4
DA:68,12
DA:69,20
DA:70,4
DA:80,3
DA:87,3
DA:88,9
DA:89,3
DA:102,3
DA:104,3
DA:109,3
DA:110,3
DA:112,3
DA:113,3
DA:114,1
DA:115,1
DA:116,1
DA:118,1
DA:121,2
DA:132,17
DA:179,17
DA:180,6
DA:181,6
DA:182,5
DA:183,4
DA:184,3
DA:185,2
DA:186,2
DA:189,11
DA:192,2
LF:42
LH:42
BRDA:19,0,0,1
BRDA:39,1,0,1
BRDA:59,2,0,0
BRDA:79,3,0,0
BRDA:100,4,0,0
BRDA:113,5,0,1
BRDA:113,5,1,2
BRDA:115,6,0,1
BRDA:115,6,1,0
BRDA:116,7,0,0
BRDA:116,7,1,1
BRDA:131,8,0,12
BRDA:179,9,0,6
BRDA:179,9,1,11
BRDA:181,10,0,1
BRDA:181,10,1,5
BRDA:181,11,0,6
BRDA:181,11,1,5
BRDA:181,11,2,5
BRDA:181,11,3,5
BRDA:182,12,0,1
BRDA:182,12,1,4
BRDA:182,13,0,5
BRDA:182,13,1,4
BRDA:182,13,2,4
BRDA:183,14,0,1
BRDA:183,14,1,3
BRDA:183,15,0,4
BRDA:183,15,1,3
BRDA:183,15,2,3
BRDA:183,15,3,3
BRDA:184,16,0,1
BRDA:184,16,1,2
BRDA:185,17,0,0
BRDA:185,17,1,2
BRDA:189,18,0,11
BRDA:189,18,1,2
BRF:37
BRH:31
end_of_record
TN:
SF:api\_lib\validation.js
FN:18,validatePhoneNumber
FN:48,validateEmail
FN:70,validateCustomerName
FN:102,validatePartySize
FN:130,validateReservationDate
FN:170,validateReservationTime
FN:200,validateTableIds
FN:209,(anonymous_7)
FN:209,(anonymous_8)
FN:229,validateWaitlistEntry
FN:268,validateServiceRecord
FN:304,validateReservation
FN:350,sanitizeInput
FN:368,sanitizeStringXSS
FN:408,sanitizeObject
FN:416,(anonymous_15)
FN:439,sanitizeSearchQuery
FNF:17
FNH:17
FNDA:19,validatePhoneNumber
FNDA:13,validateEmail
FNDA:16,validateCustomerName
FNDA:17,validatePartySize
FNDA:10,validateReservationDate
FNDA:14,validateReservationTime
FNDA:8,validateTableIds
FNDA:3,(anonymous_7)
FNDA:3,(anonymous_8)
FNDA:3,validateWaitlistEntry
FNDA:2,validateServiceRecord
FNDA:3,validateReservation
FNDA:9,sanitizeInput
FNDA:8,sanitizeStringXSS
FNDA:13,sanitizeObject
FNDA:2,(anonymous_15)
FNDA:6,sanitizeSearchQuery
DA:8,1
DA:9,1
DA:10,1
DA:19,19
DA:20,7
DA:24,12
DA:27,12
DA:28,3
DA:33,9
DA:34,9
DA:35,0
DA:38,9
DA:49,13
DA:50,7
DA:51,1
DA:53,6
DA:56,6
DA:57,6
DA:58,4
DA:61,2
DA:71,16
DA:72,6
DA:75,10
DA:76,10
DA:77,1
DA:80,9
DA:81,1
DA:84,8
DA:85,1
DA:89,7
DA:90,1
DA:93,7
DA:103,17
DA:104,5
DA:107,12
DA:109,12
DA:110,1
DA:113,11
DA:114,3
DA:117,8
DA:118,1
DA:121,7
DA:131,10
DA:132,3
DA:135,7
DA:136,7
DA:138,7
DA:139,1
DA:143,6
DA:144,6
DA:146,6
DA:147,2
DA:151,4
DA:152,4
DA:154,4
DA:155,1
DA:158,3
DA:160,0
DA:171,14
DA:172,3
DA:175,11
DA:176,11
DA:177,3
DA:181,8
DA:182,8
DA:184,8
DA:185,8
DA:187,8
DA:188,3
DA:191,5
DA:201,8
DA:202,3
DA:205,5
DA:208,5
DA:209,3
DA:212,5
DA:213,1
DA:216,4
DA:217,1
DA:220,3
DA:230,3
DA:233,3
DA:234,3
DA:235,1
DA:238,3
DA:239,3
DA:240,1
DA:243,3
DA:244,3
DA:245,1
DA:249,3
DA:250,1
DA:251,1
DA:252,1
DA:256,3
DA:269,2
DA:272,2
DA:273,2
DA:274,1
DA:277,2
DA:278,2
DA:279,1
DA:282,2
DA:283,2
DA:284,1
DA:287,2
DA:288,2
DA:289,1
DA:292,2
DA:305,3
DA:308,3
DA:309,3
DA:310,2
DA:313,3
DA:314,3
DA:315,2
DA:318,3
DA:319,3
DA:320,0
DA:323,3
DA:324,3
DA:325,2
DA:328,3
DA:329,3
DA:330,2
DA:333,3
DA:334,3
DA:335,2
DA:338,3
DA:351,9
DA:352,2
DA:355,7
DA:369,8
DA:374,6
DA:376,6
DA:378,6
DA:379,5
DA:382,6
DA:383,1
DA:387,6
DA:396,6
DA:398,6
DA:409,13
DA:410,11
DA:412,9
DA:413,8
DA:415,8
DA:416,2
DA:419,7
DA:420,7
DA:421,9
DA:422,4
DA:423,5
DA:424,2
DA:426,3
DA:430,7
DA:440,6
DA:442,4
DA:449,1
LF:159
LH:156
BRDA:19,0,0,7
BRDA:19,0,1,12
BRDA:19,1,0,19
BRDA:19,1,1,13
BRDA:27,2,0,3
BRDA:27,2,1,9
BRDA:34,3,0,0
BRDA:34,3,1,9
BRDA:48,4,0,8
BRDA:49,5,0,7
BRDA:49,5,1,6
BRDA:49,6,0,13
BRDA:49,6,1,6
BRDA:50,7,0,1
BRDA:50,7,1,6
BRDA:57,8,0,4
BRDA:57,8,1,2
BRDA:71,9,0,6
BRDA:71,9,1,10
BRDA:71,10,0,16
BRDA:71,10,1,10
BRDA:76,11,0,1
BRDA:76,11,1,9
BRDA:80,12,0,1
BRDA:80,12,1,8
BRDA:84,13,0,1
BRDA:84,13,1,7
BRDA:89,14,0,1
BRDA:89,14,1,6
BRDA:103,15,0,5
BRDA:103,15,1,12
BRDA:109,16,0,1
BRDA:109,16,1,11
BRDA:113,17,0,3
BRDA:113,17,1,8
BRDA:117,18,0,1
BRDA:117,18,1,7
BRDA:131,19,0,3
BRDA:131,19,1,7
BRDA:131,20,0,10
BRDA:131,20,1,7
BRDA:138,21,0,1
BRDA:138,21,1,6
BRDA:146,22,0,2
BRDA:146,22,1,4
BRDA:154,23,0,1
BRDA:154,23,1,3
BRDA:171,24,0,3
BRDA:171,24,1,11
BRDA:171,25,0,14
BRDA:171,25,1,11
BRDA:176,26,0,3
BRDA:176,26,1,8
BRDA:187,27,0,3
BRDA:187,27,1,5
BRDA:187,28,0,8
BRDA:187,28,1,6
BRDA:201,29,0,3
BRDA:201,29,1,5
BRDA:208,30,0,1
BRDA:208,30,1,4
BRDA:212,31,0,1
BRDA:212,31,1,4
BRDA:212,32,0,5
BRDA:212,32,1,5
BRDA:216,33,0,1
BRDA:216,33,1,3
BRDA:234,34,0,1
BRDA:234,34,1,2
BRDA:239,35,0,1
BRDA:239,35,1,2
BRDA:244,36,0,1
BRDA:244,36,1,2
BRDA:249,37,0,1
BRDA:249,37,1,2
BRDA:251,38,0,1
BRDA:251,38,1,0
BRDA:258,39,0,2
BRDA:258,39,1,1
BRDA:273,40,0,1
BRDA:273,40,1,1
BRDA:278,41,0,1
BRDA:278,41,1,1
BRDA:283,42,0,1
BRDA:283,42,1,1
BRDA:288,43,0,1
BRDA:288,43,1,1
BRDA:294,44,0,1
BRDA:294,44,1,1
BRDA:309,45,0,2
BRDA:309,45,1,1
BRDA:314,46,0,2
BRDA:314,46,1,1
BRDA:319,47,0,0
BRDA:319,47,1,3
BRDA:324,48,0,2
BRDA:324,48,1,1
BRDA:329,49,0,2
BRDA:329,49,1,1
BRDA:334,50,0,2
BRDA:334,50,1,1
BRDA:340,51,0,2
BRDA:340,51,1,1
BRDA:351,52,0,2
BRDA:351,52,1,7
BRDA:368,53,0,6
BRDA:369,54,0,2
BRDA:369,54,1,6
BRDA:372,55,0,5
BRDA:373,56,0,5
BRDA:378,57,0,5
BRDA:378,57,1,1
BRDA:382,58,0,1
BRDA:382,58,1,5
BRDA:408,59,0,9
BRDA:409,60,0,2
BRDA:409,60,1,11
BRDA:409,61,0,13
BRDA:409,61,1,12
BRDA:410,62,0,2
BRDA:410,62,1,9
BRDA:412,63,0,1
BRDA:412,63,1,8
BRDA:415,64,0,1
BRDA:415,64,1,7
BRDA:421,65,0,4
BRDA:421,65,1,5
BRDA:423,66,0,2
BRDA:423,66,1,3
BRDA:423,67,0,5
BRDA:423,67,1,2
BRDA:440,68,0,2
BRDA:440,68,1,4
BRF:133
BRH:130
end_of_record
TN:
SF:api\_lib\whatsapp-sender.js
FN:23,isWhatsAppConfigured
FN:34,sendWhatsAppMessage
FN:84,sendTemplateMessage
FN:98,(anonymous_3)
FN:157,sendReservationConfirmation
FNF:5
FNH:5
FNDA:9,isWhatsAppConfigured
FNDA:9,sendWhatsAppMessage
FNDA:5,sendTemplateMessage
FNDA:4,(anonymous_3)
FNDA:5,sendReservationConfirmation
DA:12,1
DA:13,1
DA:15,1
DA:17,1
DA:24,9
DA:35,9
DA:36,9
DA:38,9
DA:39,1
DA:40,1
DA:43,8
DA:44,8
DA:59,7
DA:61,7
DA:62,2
DA:63,2
DA:66,5
DA:67,5
DA:69,1
DA:70,1
DA:85,5
DA:86,5
DA:88,5
DA:89,1
DA:90,1
DA:93,4
DA:94,4
DA:95,4
DA:96,2
DA:98,4
DA:105,4
DA:117,4
DA:119,4
DA:128,4
DA:130,4
DA:131,1
DA:132,1
DA:135,3
DA:136,3
DA:138,0
DA:139,0
DA:158,5
DA:160,5
DA:161,1
DA:164,4
DA:173,4
DA:174,1
DA:177,3
DA:180,1
LF:49
LH:47
BRDA:24,0,0,9
BRDA:24,0,1,6
BRDA:38,1,0,1
BRDA:38,1,1,8
BRDA:38,2,0,9
BRDA:38,2,1,8
BRDA:61,3,0,2
BRDA:61,3,1,5
BRDA:63,4,0,2
BRDA:63,4,1,1
BRDA:84,5,0,0
BRDA:84,6,0,0
BRDA:88,7,0,1
BRDA:88,7,1,4
BRDA:88,8,0,5
BRDA:88,8,1,5
BRDA:95,9,0,2
BRDA:95,9,1,2
BRDA:130,10,0,1
BRDA:130,10,1,3
BRDA:132,11,0,1
BRDA:132,11,1,0
BRDA:158,12,0,4
BRDA:160,13,0,1
BRDA:160,13,1,4
BRDA:173,14,0,1
BRDA:173,14,1,3
BRF:27
BRH:24
end_of_record
TN:
SF:api\_lib\whatsapp-templates.js
FN:21,(anonymous_0)
FN:29,(anonymous_1)
FN:37,(anonymous_2)
FN:47,(anonymous_3)
FN:54,(anonymous_4)
FN:61,(anonymous_5)
FN:70,(anonymous_6)
FN:74,(anonymous_7)
FN:78,(anonymous_8)
FN:84,(anonymous_9)
FN:91,(anonymous_10)
FN:98,(anonymous_11)
FN:107,(anonymous_12)
FN:115,(anonymous_13)
FN:123,(anonymous_14)
FN:133,(anonymous_15)
FN:139,(anonymous_16)
FN:145,(anonymous_17)
FN:153,(anonymous_18)
FN:157,(anonymous_19)
FN:161,(anonymous_20)
FN:179,getTemplate
FN:206,getTemplateNames
FN:215,hasTemplate
FNF:24
FNH:24
FNDA:6,(anonymous_0)
FNDA:1,(anonymous_1)
FNDA:2,(anonymous_2)
FNDA:1,(anonymous_3)
FNDA:1,(anonymous_4)
FNDA:1,(anonymous_5)
FNDA:1,(anonymous_6)
FNDA:1,(anonymous_7)
FNDA:1,(anonymous_8)
FNDA:1,(anonymous_9)
FNDA:1,(anonymous_10)
FNDA:1,(anonymous_11)
FNDA:2,(anonymous_12)
FNDA:1,(anonymous_13)
FNDA:1,(anonymous_14)
FNDA:1,(anonymous_15)
FNDA:1,(anonymous_16)
FNDA:1,(anonymous_17)
FNDA:1,(anonymous_18)
FNDA:1,(anonymous_19)
FNDA:1,(anonymous_20)
FNDA:31,getTemplate
FNDA:1,getTemplateNames
FNDA:4,hasTemplate
DA:12,1
DA:13,1
DA:19,1
DA:22,6
DA:30,1
DA:38,2
DA:48,1
DA:55,1
DA:62,1
DA:71,1
DA:75,1
DA:79,1
DA:85,1
DA:92,1
DA:99,1
DA:108,2
DA:116,1
DA:124,1
DA:134,1
DA:140,1
DA:146,1
DA:154,1
DA:158,1
DA:162,1
DA:180,31
DA:181,31
DA:182,1
DA:183,1
DA:187,30
DA:188,30
DA:189,30
DA:190,1
DA:191,1
DA:194,29
DA:195,29
DA:197,1
DA:198,1
DA:207,1
DA:216,4
DA:219,1
LF:40
LH:40
BRDA:179,0,0,1
BRDA:179,1,0,0
BRDA:181,2,0,1
BRDA:181,2,1,30
BRDA:187,3,0,8
BRDA:187,3,1,22
BRDA:188,4,0,30
BRDA:188,4,1,4
BRDA:189,5,0,1
BRDA:189,5,1,29
BRF:10
BRH:9
end_of_record
TN:
SF:api\onboarding\complete.js
FN:28,generateSlug
FN:46,generateUniqueSlug
FN:81,(anonymous_2)
FN:288,(anonymous_3)
FN:317,(anonymous_4)
FN:325,(anonymous_5)
FN:431,(anonymous_6)
FN:453,(anonymous_7)
FN:556,(anonymous_8)
FNF:9
FNH:8
FNDA:18,generateSlug
FNDA:18,generateUniqueSlug
FNDA:22,(anonymous_2)
FNDA:1,(anonymous_3)
FNDA:17,(anonymous_4)
FNDA:17,(anonymous_5)
FNDA:18,(anonymous_6)
FNDA:0,(anonymous_7)
FNDA:18,(anonymous_8)
DA:13,1
DA:14,1
DA:15,1
DA:16,1
DA:17,1
DA:18,1
DA:29,18
DA:47,18
DA:50,18
DA:57,18
DA:58,0
DA:62,18
DA:63,18
DA:66,18
DA:73,18
DA:74,0
DA:78,18
DA:81,1
DA:83,22
DA:84,22
DA:85,22
DA:88,22
DA:89,1
DA:92,21
DA:93,1
DA:97,20
DA:98,20
DA:99,1
DA:102,19
DA:127,19
DA:130,19
DA:131,1
DA:137,18
DA:138,18
DA:141,18
DA:144,18
DA:145,18
DA:149,18
DA:150,1
DA:154,18
DA:157,18
DA:188,18
DA:196,18
DA:198,18
DA:206,18
DA:207,18
DA:208,18
DA:211,0
DA:218,0
DA:219,0
DA:220,0
DA:224,18
DA:227,18
DA:232,18
DA:233,0
DA:235,18
DA:239,18
DA:240,18
DA:242,18
DA:243,17
DA:244,17
DA:245,48
DA:258,48
DA:263,18
DA:264,16
DA:269,16
DA:270,16
DA:272,2
DA:276,18
DA:280,18
DA:282,18
DA:284,17
DA:285,1
DA:288,17
DA:290,17
DA:291,1
DA:292,1
DA:295,16
DA:304,16
DA:305,1
DA:308,15
DA:309,15
DA:313,1
DA:317,18
DA:323,18
DA:324,18
DA:325,17
DA:326,17
DA:327,17
DA:328,48
DA:332,48
DA:338,18
DA:350,18
DA:353,18
DA:372,18
DA:391,18
DA:410,18
DA:411,18
DA:412,18
DA:413,18
DA:416,18
DA:417,18
DA:418,18
DA:421,18
DA:432,18
DA:437,18
DA:453,0
DA:476,18
DA:477,16
DA:481,18
DA:483,18
DA:484,16
DA:491,16
DA:493,16
DA:501,16
DA:502,16
DA:503,16
DA:506,0
DA:513,0
DA:514,0
DA:515,0
DA:519,2
DA:523,18
DA:524,0
DA:525,0
DA:530,0
DA:531,0
DA:533,0
DA:537,0
DA:539,0
DA:544,18
DA:545,18
DA:554,18
DA:555,18
DA:556,18
DA:557,18
DA:558,18
DA:566,18
DA:567,18
DA:568,18
DA:570,18
DA:587,17
DA:589,17
DA:590,1
DA:591,1
DA:594,1
DA:595,1
DA:607,1
DA:608,1
DA:617,1
DA:620,1
DA:621,1
DA:623,16
DA:624,16
DA:631,1
DA:635,1
DA:639,18
DA:641,18
DA:643,18
DA:644,18
DA:645,18
DA:646,18
DA:648,18
DA:650,13
DA:651,13
DA:667,13
DA:668,0
DA:670,13
DA:671,13
DA:675,5
DA:676,5
DA:693,5
DA:694,0
DA:696,5
DA:697,5
DA:701,0
DA:704,18
DA:706,18
DA:722,0
DA:723,0
LF:180
LH:156
BRDA:57,0,0,0
BRDA:57,0,1,18
BRDA:57,1,0,18
BRDA:57,1,1,18
BRDA:73,2,0,0
BRDA:73,2,1,18
BRDA:73,3,0,18
BRDA:73,3,1,18
BRDA:83,4,0,22
BRDA:83,4,1,0
BRDA:88,5,0,1
BRDA:88,5,1,21
BRDA:92,6,0,1
BRDA:92,6,1,20
BRDA:98,7,0,1
BRDA:98,7,1,19
BRDA:130,8,0,1
BRDA:130,8,1,18
BRDA:130,9,0,19
BRDA:130,9,1,19
BRDA:130,9,2,18
BRDA:130,9,3,18
BRDA:141,10,0,18
BRDA:141,10,1,18
BRDA:145,11,0,0
BRDA:145,11,1,18
BRDA:149,12,0,1
BRDA:149,12,1,17
BRDA:149,13,0,18
BRDA:149,13,1,1
BRDA:162,14,0,18
BRDA:162,14,1,0
BRDA:163,15,0,18
BRDA:163,15,1,18
BRDA:176,16,0,18
BRDA:176,16,1,18
BRDA:177,17,0,0
BRDA:177,17,1,18
BRDA:177,18,0,18
BRDA:177,18,1,18
BRDA:177,18,2,18
BRDA:177,18,3,18
BRDA:178,19,0,18
BRDA:178,19,1,18
BRDA:179,20,0,18
BRDA:179,20,1,18
BRDA:180,21,0,18
BRDA:180,21,1,18
BRDA:181,22,0,18
BRDA:181,22,1,18
BRDA:182,23,0,18
BRDA:182,23,1,18
BRDA:196,24,0,18
BRDA:196,24,1,0
BRDA:206,25,0,0
BRDA:206,25,1,18
BRDA:218,26,0,0
BRDA:218,26,1,0
BRDA:232,27,0,0
BRDA:232,27,1,18
BRDA:242,28,0,18
BRDA:242,28,1,0
BRDA:243,29,0,17
BRDA:243,29,1,0
BRDA:253,30,0,48
BRDA:253,30,1,48
BRDA:254,31,0,48
BRDA:254,31,1,0
BRDA:256,32,0,48
BRDA:256,32,1,48
BRDA:263,33,0,16
BRDA:263,33,1,2
BRDA:269,34,0,0
BRDA:269,34,1,16
BRDA:284,35,0,1
BRDA:284,35,1,16
BRDA:290,36,0,1
BRDA:290,36,1,16
BRDA:304,37,0,1
BRDA:304,37,1,15
BRDA:350,38,0,18
BRDA:350,38,1,18
BRDA:410,39,0,18
BRDA:410,39,1,17
BRDA:411,40,0,18
BRDA:411,40,1,0
BRDA:412,41,0,18
BRDA:412,41,1,0
BRDA:413,42,0,18
BRDA:413,42,1,0
BRDA:427,43,0,18
BRDA:427,43,1,0
BRDA:429,44,0,18
BRDA:429,44,1,18
BRDA:430,45,0,18
BRDA:430,45,1,17
BRDA:441,46,0,18
BRDA:441,46,1,18
BRDA:442,47,0,18
BRDA:442,47,1,18
BRDA:443,48,0,18
BRDA:443,48,1,18
BRDA:444,49,0,18
BRDA:444,49,1,18
BRDA:450,50,0,18
BRDA:450,50,1,18
BRDA:453,51,0,18
BRDA:453,51,1,18
BRDA:456,52,0,0
BRDA:456,52,1,0
BRDA:469,53,0,18
BRDA:469,53,1,18
BRDA:470,54,0,0
BRDA:470,54,1,18
BRDA:476,55,0,16
BRDA:476,55,1,2
BRDA:483,56,0,16
BRDA:483,56,1,2
BRDA:491,57,0,16
BRDA:491,57,1,0
BRDA:501,58,0,0
BRDA:501,58,1,16
BRDA:513,59,0,0
BRDA:513,59,1,0
BRDA:523,60,0,0
BRDA:523,60,1,18
BRDA:523,61,0,18
BRDA:523,61,1,16
BRDA:530,62,0,0
BRDA:530,62,1,0
BRDA:555,63,0,18
BRDA:555,63,1,0
BRDA:568,64,0,18
BRDA:568,64,1,0
BRDA:574,65,0,18
BRDA:574,65,1,0
BRDA:579,66,0,18
BRDA:579,66,1,17
BRDA:580,67,0,18
BRDA:580,67,1,17
BRDA:589,68,0,1
BRDA:589,68,1,16
BRDA:594,69,0,1
BRDA:594,69,1,0
BRDA:601,70,0,1
BRDA:601,70,1,0
BRDA:607,71,0,1
BRDA:607,71,1,0
BRDA:613,72,0,1
BRDA:613,72,1,0
BRDA:641,73,0,18
BRDA:641,73,1,6
BRDA:641,74,0,18
BRDA:641,74,1,2
BRDA:641,75,0,6
BRDA:641,75,1,2
BRDA:646,76,0,18
BRDA:646,76,1,2
BRDA:648,77,0,13
BRDA:648,77,1,5
BRDA:648,78,0,18
BRDA:648,78,1,13
BRDA:648,78,2,0
BRDA:648,78,3,0
BRDA:656,79,0,13
BRDA:656,79,1,2
BRDA:667,80,0,0
BRDA:667,80,1,13
BRDA:681,81,0,5
BRDA:681,81,1,0
BRDA:683,82,0,5
BRDA:683,82,1,5
BRDA:693,83,0,0
BRDA:693,83,1,5
BRDA:718,84,0,18
BRDA:718,84,1,13
BRDA:726,85,0,0
BRDA:726,85,1,0
BRDA:726,85,2,0
BRF:179
BRH:135
end_of_record
